{"contracts/access/TerraQuraAccessControl.sol":{"l":{"123":0,"124":0,"126":0,"130":0,"131":0,"133":0,"142":1,"146":23,"147":23,"148":23,"151":23,"152":23,"153":23,"154":23,"157":23,"158":23,"159":23,"160":23,"161":23,"162":23,"163":23,"166":23,"169":23,"189":5,"190":0,"193":5,"197":5,"206":5,"218":6,"219":6,"233":1,"234":2,"238":2,"239":2,"242":2,"243":2,"245":2,"254":0,"265":10,"266":10,"289":1,"290":1,"311":3,"312":3,"319":1,"337":7,"338":6,"339":6,"340":6,"350":8,"352":8,"353":6,"363":3,"372":2,"373":1,"375":1,"376":1,"390":2,"391":2,"392":2,"393":1,"394":1,"404":2,"422":0},"path":"/Users/rameshtamilselvan/Downloads/TerraQuraMVP/apps/contracts/contracts/access/TerraQuraAccessControl.sol","s":{"1":0,"2":0,"3":1,"4":23,"5":23,"6":23,"7":23,"8":23,"9":23,"10":23,"11":23,"12":23,"13":23,"14":23,"15":23,"16":23,"17":23,"18":23,"19":5,"20":5,"21":5,"22":6,"23":1,"24":2,"25":2,"26":10,"27":10,"28":1,"29":1,"30":3,"31":3,"32":1,"33":7,"34":6,"35":6,"36":8,"37":8,"38":2,"39":6,"40":3,"41":2,"42":1,"43":2,"44":2,"45":2,"46":1,"47":2,"48":0},"b":{"1":[0,0],"2":[0,0],"3":[23,0],"4":[5,1],"5":[0,5],"6":[5,0],"7":[6,0],"8":[1,0],"9":[2,0],"10":[2,0],"11":[0,0],"12":[3,0],"13":[1,1],"14":[7,0],"15":[6,1],"16":[2,6],"17":[1,1],"18":[2,0],"19":[2,0],"20":[2,0],"21":[1,1],"22":[0,0]},"f":{"1":0,"2":0,"3":1,"4":23,"5":5,"6":6,"7":1,"8":0,"9":10,"10":1,"11":3,"12":1,"13":7,"14":8,"15":3,"16":2,"17":2,"18":2,"19":0,"20":0},"fnMap":{"1":{"name":"onlyKycVerified","line":122,"loc":{"start":{"line":122,"column":4},"end":{"line":127,"column":4}}},"2":{"name":"onlySanctionsCleared","line":129,"loc":{"start":{"line":129,"column":4},"end":{"line":134,"column":4}}},"3":{"name":"constructor","line":141,"loc":{"start":{"line":141,"column":4},"end":{"line":143,"column":4}}},"4":{"name":"initialize","line":145,"loc":{"start":{"line":145,"column":4},"end":{"line":170,"column":4}}},"5":{"name":"updateKycStatus","line":188,"loc":{"start":{"line":183,"column":4},"end":{"line":207,"column":4}}},"6":{"name":"updateSanctionsStatus","line":217,"loc":{"start":{"line":214,"column":4},"end":{"line":220,"column":4}}},"7":{"name":"batchUpdateKycStatus","line":232,"loc":{"start":{"line":228,"column":4},"end":{"line":247,"column":4}}},"8":{"name":"setKycValidityPeriod","line":253,"loc":{"start":{"line":253,"column":4},"end":{"line":255,"column":4}}},"9":{"name":"isKycVerified","line":264,"loc":{"start":{"line":264,"column":4},"end":{"line":270,"column":4}}},"10":{"name":"getKycInfo","line":275,"loc":{"start":{"line":275,"column":4},"end":{"line":298,"column":4}}},"11":{"name":"emergencyPause","line":310,"loc":{"start":{"line":308,"column":4},"end":{"line":313,"column":4}}},"12":{"name":"unpause","line":318,"loc":{"start":{"line":318,"column":4},"end":{"line":320,"column":4}}},"13":{"name":"grantRoleWithExpiry","line":336,"loc":{"start":{"line":332,"column":4},"end":{"line":341,"column":4}}},"14":{"name":"isRoleExpired","line":349,"loc":{"start":{"line":349,"column":4},"end":{"line":354,"column":4}}},"15":{"name":"hasValidRole","line":362,"loc":{"start":{"line":362,"column":4},"end":{"line":364,"column":4}}},"16":{"name":"revokeExpiredRole","line":371,"loc":{"start":{"line":371,"column":4},"end":{"line":377,"column":4}}},"17":{"name":"extendRoleExpiry","line":389,"loc":{"start":{"line":385,"column":4},"end":{"line":395,"column":4}}},"18":{"name":"hasRoleAndKyc","line":400,"loc":{"start":{"line":400,"column":4},"end":{"line":405,"column":4}}},"19":{"name":"_authorizeUpgrade","line":413,"loc":{"start":{"line":411,"column":4},"end":{"line":413,"column":49}}},"20":{"name":"supportsInterface","line":419,"loc":{"start":{"line":419,"column":4},"end":{"line":423,"column":4}}}},"statementMap":{"1":{"start":{"line":123,"column":8},"end":{"line":123,"column":4110}},"2":{"start":{"line":130,"column":8},"end":{"line":130,"column":4274}},"3":{"start":{"line":142,"column":8},"end":{"line":142,"column":29}},"4":{"start":{"line":146,"column":8},"end":{"line":146,"column":29}},"5":{"start":{"line":147,"column":8},"end":{"line":147,"column":24}},"6":{"start":{"line":148,"column":8},"end":{"line":148,"column":31}},"7":{"start":{"line":151,"column":8},"end":{"line":151,"column":44}},"8":{"start":{"line":152,"column":8},"end":{"line":152,"column":36}},"9":{"start":{"line":153,"column":8},"end":{"line":153,"column":39}},"10":{"start":{"line":154,"column":8},"end":{"line":154,"column":37}},"11":{"start":{"line":157,"column":8},"end":{"line":157,"column":47}},"12":{"start":{"line":158,"column":8},"end":{"line":158,"column":47}},"13":{"start":{"line":159,"column":8},"end":{"line":159,"column":45}},"14":{"start":{"line":160,"column":8},"end":{"line":160,"column":49}},"15":{"start":{"line":161,"column":8},"end":{"line":161,"column":46}},"16":{"start":{"line":162,"column":8},"end":{"line":162,"column":47}},"17":{"start":{"line":163,"column":8},"end":{"line":163,"column":45}},"18":{"start":{"line":166,"column":8},"end":{"line":166,"column":47}},"19":{"start":{"line":189,"column":8},"end":{"line":189,"column":6168}},"20":{"start":{"line":193,"column":8},"end":{"line":193,"column":6302}},"21":{"start":{"line":206,"column":8},"end":{"line":206,"column":67}},"22":{"start":{"line":219,"column":8},"end":{"line":219,"column":53}},"23":{"start":{"line":233,"column":8},"end":{"line":233,"column":7629}},"24":{"start":{"line":234,"column":12},"end":{"line":234,"column":7700}},"25":{"start":{"line":245,"column":12},"end":{"line":245,"column":75}},"26":{"start":{"line":265,"column":8},"end":{"line":265,"column":50}},"27":{"start":{"line":266,"column":8},"end":{"line":266,"column":8790}},"28":{"start":{"line":289,"column":8},"end":{"line":289,"column":50}},"29":{"start":{"line":290,"column":8},"end":{"line":290,"column":9344}},"30":{"start":{"line":311,"column":8},"end":{"line":311,"column":15}},"31":{"start":{"line":312,"column":8},"end":{"line":312,"column":47}},"32":{"start":{"line":319,"column":8},"end":{"line":319,"column":17}},"33":{"start":{"line":337,"column":8},"end":{"line":337,"column":71}},"34":{"start":{"line":338,"column":8},"end":{"line":338,"column":32}},"35":{"start":{"line":340,"column":8},"end":{"line":340,"column":60}},"36":{"start":{"line":350,"column":8},"end":{"line":350,"column":54}},"37":{"start":{"line":352,"column":8},"end":{"line":352,"column":37}},"38":{"start":{"line":352,"column":25},"end":{"line":352,"column":37}},"39":{"start":{"line":353,"column":8},"end":{"line":353,"column":39}},"40":{"start":{"line":363,"column":8},"end":{"line":363,"column":70}},"41":{"start":{"line":372,"column":8},"end":{"line":372,"column":12000}},"42":{"start":{"line":375,"column":8},"end":{"line":375,"column":33}},"43":{"start":{"line":390,"column":8},"end":{"line":390,"column":68}},"44":{"start":{"line":391,"column":8},"end":{"line":391,"column":78}},"45":{"start":{"line":392,"column":8},"end":{"line":392,"column":91}},"46":{"start":{"line":394,"column":8},"end":{"line":394,"column":63}},"47":{"start":{"line":404,"column":8},"end":{"line":404,"column":63}},"48":{"start":{"line":422,"column":8},"end":{"line":422,"column":51}}},"branchMap":{"1":{"line":123,"type":"if","locations":[{"start":{"line":123,"column":8},"end":{"line":123,"column":8}},{"start":{"line":123,"column":8},"end":{"line":123,"column":8}}]},"2":{"line":130,"type":"if","locations":[{"start":{"line":130,"column":8},"end":{"line":130,"column":8}},{"start":{"line":130,"column":8},"end":{"line":130,"column":8}}]},"3":{"line":145,"type":"if","locations":[{"start":{"line":145,"column":46},"end":{"line":145,"column":46}},{"start":{"line":145,"column":46},"end":{"line":145,"column":46}}]},"4":{"line":188,"type":"if","locations":[{"start":{"line":188,"column":15},"end":{"line":188,"column":15}},{"start":{"line":188,"column":15},"end":{"line":188,"column":15}}]},"5":{"line":189,"type":"if","locations":[{"start":{"line":189,"column":8},"end":{"line":189,"column":8}},{"start":{"line":189,"column":8},"end":{"line":189,"column":8}}]},"6":{"line":194,"type":"if","locations":[{"start":{"line":194,"column":14},"end":{"line":194,"column":48}},{"start":{"line":195,"column":14},"end":{"line":195,"column":14}}]},"7":{"line":217,"type":"if","locations":[{"start":{"line":217,"column":15},"end":{"line":217,"column":15}},{"start":{"line":217,"column":15},"end":{"line":217,"column":15}}]},"8":{"line":232,"type":"if","locations":[{"start":{"line":232,"column":15},"end":{"line":232,"column":15}},{"start":{"line":232,"column":15},"end":{"line":232,"column":15}}]},"9":{"line":235,"type":"if","locations":[{"start":{"line":235,"column":18},"end":{"line":235,"column":52}},{"start":{"line":236,"column":18},"end":{"line":236,"column":18}}]},"10":{"line":240,"type":"if","locations":[{"start":{"line":240,"column":18},"end":{"line":240,"column":32}},{"start":{"line":241,"column":18},"end":{"line":241,"column":18}}]},"11":{"line":253,"type":"if","locations":[{"start":{"line":253,"column":59},"end":{"line":253,"column":59}},{"start":{"line":253,"column":59},"end":{"line":253,"column":59}}]},"12":{"line":310,"type":"if","locations":[{"start":{"line":310,"column":15},"end":{"line":310,"column":15}},{"start":{"line":310,"column":15},"end":{"line":310,"column":15}}]},"13":{"line":318,"type":"if","locations":[{"start":{"line":318,"column":32},"end":{"line":318,"column":32}},{"start":{"line":318,"column":32},"end":{"line":318,"column":32}}]},"14":{"line":336,"type":"if","locations":[{"start":{"line":336,"column":15},"end":{"line":336,"column":15}},{"start":{"line":336,"column":15},"end":{"line":336,"column":15}}]},"15":{"line":337,"type":"if","locations":[{"start":{"line":337,"column":8},"end":{"line":337,"column":8}},{"start":{"line":337,"column":8},"end":{"line":337,"column":8}}]},"16":{"line":352,"type":"if","locations":[{"start":{"line":352,"column":8},"end":{"line":352,"column":8}},{"start":{"line":352,"column":8},"end":{"line":352,"column":8}}]},"17":{"line":372,"type":"if","locations":[{"start":{"line":372,"column":8},"end":{"line":372,"column":8}},{"start":{"line":372,"column":8},"end":{"line":372,"column":8}}]},"18":{"line":389,"type":"if","locations":[{"start":{"line":389,"column":15},"end":{"line":389,"column":15}},{"start":{"line":389,"column":15},"end":{"line":389,"column":15}}]},"19":{"line":390,"type":"if","locations":[{"start":{"line":390,"column":8},"end":{"line":390,"column":8}},{"start":{"line":390,"column":8},"end":{"line":390,"column":8}}]},"20":{"line":391,"type":"if","locations":[{"start":{"line":391,"column":8},"end":{"line":391,"column":8}},{"start":{"line":391,"column":8},"end":{"line":391,"column":8}}]},"21":{"line":392,"type":"if","locations":[{"start":{"line":392,"column":8},"end":{"line":392,"column":8}},{"start":{"line":392,"column":8},"end":{"line":392,"column":8}}]},"22":{"line":413,"type":"if","locations":[{"start":{"line":413,"column":24},"end":{"line":413,"column":24}},{"start":{"line":413,"column":24},"end":{"line":413,"column":24}}]}}},"contracts/core/CarbonCredit.sol":{"l":{"112":0,"113":0,"115":0,"124":0,"138":0,"139":0,"142":0,"143":0,"144":0,"145":0,"147":0,"148":0,"149":0,"151":0,"180":0,"181":0,"185":0,"186":0,"190":0,"193":0,"207":0,"208":0,"210":0,"211":0,"213":0,"214":0,"218":0,"221":0,"236":0,"245":0,"248":0,"251":0,"254":0,"255":0,"263":0,"275":0,"276":0,"280":0,"283":0,"286":0,"287":0,"290":0,"302":0,"309":0,"316":0,"325":0,"334":0,"343":0,"344":0,"345":0,"347":0,"358":0,"359":0,"367":0,"368":0,"371":0,"372":0,"374":0,"381":0,"388":0,"396":0,"413":0,"430":0,"442":0,"443":0,"452":0,"460":0},"path":"/Users/rameshtamilselvan/Downloads/TerraQuraMVP/apps/contracts/contracts/core/CarbonCredit.sol","s":{"1":0,"2":0,"3":0,"4":0,"5":0,"6":0,"7":0,"8":0,"9":0,"10":0,"11":0,"12":0,"13":0,"14":0,"15":0,"16":0,"17":0,"18":0,"19":0,"20":0,"21":0,"22":0,"23":0,"24":0,"25":0,"26":0,"27":0,"28":0,"29":0,"30":0,"31":0,"32":0,"33":0,"34":0,"35":0,"36":0,"37":0,"38":0,"39":0,"40":0,"41":0,"42":0,"43":0,"44":0,"45":0,"46":0},"b":{"1":[0,0],"2":[0,0],"3":[0,0],"4":[0,0],"5":[0,0],"6":[0,0],"7":[0,0],"8":[0,0],"9":[0,0],"10":[0,0],"11":[0,0],"12":[0,0],"13":[0,0],"14":[0,0],"15":[0,0],"16":[0,0],"17":[0,0],"18":[0,0],"19":[0,0],"20":[0,0],"21":[0,0],"22":[0,0],"23":[0,0],"24":[0,0],"25":[0,0]},"f":{"1":0,"2":0,"3":0,"4":0,"5":0,"6":0,"7":0,"8":0,"9":0,"10":0,"11":0,"12":0,"13":0,"14":0,"15":0,"16":0,"17":0,"18":0,"19":0,"20":0,"21":0,"22":0},"fnMap":{"1":{"name":"onlyMinter","line":111,"loc":{"start":{"line":111,"column":4},"end":{"line":116,"column":4}}},"2":{"name":"constructor","line":123,"loc":{"start":{"line":123,"column":4},"end":{"line":125,"column":4}}},"3":{"name":"initialize","line":137,"loc":{"start":{"line":133,"column":4},"end":{"line":152,"column":4}}},"4":{"name":"mintVerifiedCredits","line":176,"loc":{"start":{"line":159,"column":4},"end":{"line":264,"column":4}}},"5":{"name":"retireCredits","line":273,"loc":{"start":{"line":269,"column":4},"end":{"line":291,"column":4}}},"6":{"name":"getCreditProvenance","line":296,"loc":{"start":{"line":296,"column":4},"end":{"line":303,"column":4}}},"7":{"name":"totalCreditsMinted","line":308,"loc":{"start":{"line":308,"column":4},"end":{"line":310,"column":4}}},"8":{"name":"totalCreditsRetired","line":315,"loc":{"start":{"line":315,"column":4},"end":{"line":317,"column":4}}},"9":{"name":"getMetadata","line":324,"loc":{"start":{"line":324,"column":4},"end":{"line":326,"column":4}}},"10":{"name":"getVerificationResult","line":333,"loc":{"start":{"line":333,"column":4},"end":{"line":335,"column":4}}},"11":{"name":"uri","line":342,"loc":{"start":{"line":342,"column":4},"end":{"line":348,"column":4}}},"12":{"name":"setMinter","line":357,"loc":{"start":{"line":357,"column":4},"end":{"line":360,"column":4}}},"13":{"name":"setVerificationEngine","line":366,"loc":{"start":{"line":366,"column":4},"end":{"line":375,"column":4}}},"14":{"name":"pause","line":380,"loc":{"start":{"line":380,"column":4},"end":{"line":382,"column":4}}},"15":{"name":"unpause","line":387,"loc":{"start":{"line":387,"column":4},"end":{"line":389,"column":4}}},"16":{"name":"setBaseUri","line":395,"loc":{"start":{"line":395,"column":4},"end":{"line":397,"column":4}}},"17":{"name":"_generateTokenId","line":408,"loc":{"start":{"line":408,"column":4},"end":{"line":414,"column":4}}},"18":{"name":"_authorizeUpgrade","line":420,"loc":{"start":{"line":420,"column":4},"end":{"line":420,"column":87}}},"19":{"name":"isMinter","line":429,"loc":{"start":{"line":429,"column":4},"end":{"line":431,"column":4}}},"20":{"name":"totalSupply","line":439,"loc":{"start":{"line":439,"column":4},"end":{"line":444,"column":4}}},"21":{"name":"exists","line":451,"loc":{"start":{"line":451,"column":4},"end":{"line":453,"column":4}}},"22":{"name":"version","line":459,"loc":{"start":{"line":459,"column":4},"end":{"line":461,"column":4}}}},"statementMap":{"1":{"start":{"line":112,"column":8},"end":{"line":112,"column":3299}},"2":{"start":{"line":124,"column":8},"end":{"line":124,"column":29}},"3":{"start":{"line":138,"column":8},"end":{"line":138,"column":4019}},"4":{"start":{"line":142,"column":8},"end":{"line":142,"column":27}},"5":{"start":{"line":143,"column":7},"end":{"line":143,"column":22}},"6":{"start":{"line":144,"column":0},"end":{"line":144,"column":4166}},"7":{"start":{"line":145,"column":4},"end":{"line":145,"column":29}},"8":{"start":{"line":147,"column":8},"end":{"line":147,"column":24}},"9":{"start":{"line":148,"column":8},"end":{"line":148,"column":31}},"10":{"start":{"line":149,"column":8},"end":{"line":149,"column":31}},"11":{"start":{"line":180,"column":8},"end":{"line":180,"column":5066}},"12":{"start":{"line":185,"column":8},"end":{"line":185,"column":5207}},"13":{"start":{"line":193,"column":8},"end":{"line":193,"column":5465}},"14":{"start":{"line":207,"column":8},"end":{"line":207,"column":5832}},"15":{"start":{"line":210,"column":8},"end":{"line":210,"column":5922}},"16":{"start":{"line":213,"column":8},"end":{"line":213,"column":6010}},"17":{"start":{"line":218,"column":8},"end":{"line":218,"column":72}},"18":{"start":{"line":248,"column":8},"end":{"line":248,"column":44}},"19":{"start":{"line":254,"column":8},"end":{"line":254,"column":80}},"20":{"start":{"line":255,"column":8},"end":{"line":255,"column":7437}},"21":{"start":{"line":263,"column":8},"end":{"line":263,"column":22}},"22":{"start":{"line":275,"column":8},"end":{"line":275,"column":7881}},"23":{"start":{"line":280,"column":8},"end":{"line":280,"column":41}},"24":{"start":{"line":286,"column":8},"end":{"line":286,"column":8207}},"25":{"start":{"line":290,"column":8},"end":{"line":290,"column":63}},"26":{"start":{"line":302,"column":8},"end":{"line":302,"column":72}},"27":{"start":{"line":309,"column":8},"end":{"line":309,"column":34}},"28":{"start":{"line":316,"column":8},"end":{"line":316,"column":35}},"29":{"start":{"line":325,"column":8},"end":{"line":325,"column":39}},"30":{"start":{"line":334,"column":8},"end":{"line":334,"column":44}},"31":{"start":{"line":343,"column":8},"end":{"line":343,"column":72}},"32":{"start":{"line":344,"column":8},"end":{"line":344,"column":9967}},"33":{"start":{"line":345,"column":12},"end":{"line":345,"column":26}},"34":{"start":{"line":347,"column":8},"end":{"line":347,"column":33}},"35":{"start":{"line":359,"column":8},"end":{"line":359,"column":44}},"36":{"start":{"line":367,"column":8},"end":{"line":367,"column":10680}},"37":{"start":{"line":371,"column":8},"end":{"line":371,"column":55}},"38":{"start":{"line":374,"column":8},"end":{"line":374,"column":70}},"39":{"start":{"line":381,"column":8},"end":{"line":381,"column":15}},"40":{"start":{"line":388,"column":8},"end":{"line":388,"column":17}},"41":{"start":{"line":396,"column":8},"end":{"line":396,"column":22}},"42":{"start":{"line":413,"column":8},"end":{"line":413,"column":96}},"43":{"start":{"line":430,"column":8},"end":{"line":430,"column":61}},"44":{"start":{"line":443,"column":8},"end":{"line":443,"column":16}},"45":{"start":{"line":452,"column":8},"end":{"line":452,"column":60}},"46":{"start":{"line":460,"column":8},"end":{"line":460,"column":22}}},"branchMap":{"1":{"line":112,"type":"if","locations":[{"start":{"line":112,"column":8},"end":{"line":112,"column":8}},{"start":{"line":112,"column":8},"end":{"line":112,"column":8}}]},"2":{"line":137,"type":"if","locations":[{"start":{"line":137,"column":13},"end":{"line":137,"column":13}},{"start":{"line":137,"column":13},"end":{"line":137,"column":13}}]},"3":{"line":138,"type":"if","locations":[{"start":{"line":138,"column":8},"end":{"line":138,"column":8}},{"start":{"line":138,"column":8},"end":{"line":138,"column":8}}]},"4":{"line":144,"type":"if","locations":[{"start":{"line":144,"column":0},"end":{"line":144,"column":0}},{"start":{"line":144,"column":0},"end":{"line":144,"column":0}}]},"5":{"line":174,"type":"if","locations":[{"start":{"line":174,"column":8},"end":{"line":174,"column":8}},{"start":{"line":174,"column":8},"end":{"line":174,"column":8}}]},"6":{"line":175,"type":"if","locations":[{"start":{"line":175,"column":8},"end":{"line":175,"column":8}},{"start":{"line":175,"column":8},"end":{"line":175,"column":8}}]},"7":{"line":176,"type":"if","locations":[{"start":{"line":176,"column":8},"end":{"line":176,"column":8}},{"start":{"line":176,"column":8},"end":{"line":176,"column":8}}]},"8":{"line":180,"type":"if","locations":[{"start":{"line":180,"column":8},"end":{"line":180,"column":8}},{"start":{"line":180,"column":8},"end":{"line":180,"column":8}}]},"9":{"line":185,"type":"if","locations":[{"start":{"line":185,"column":8},"end":{"line":185,"column":8}},{"start":{"line":185,"column":8},"end":{"line":185,"column":8}}]},"10":{"line":207,"type":"if","locations":[{"start":{"line":207,"column":8},"end":{"line":207,"column":8}},{"start":{"line":207,"column":8},"end":{"line":207,"column":8}}]},"11":{"line":210,"type":"if","locations":[{"start":{"line":210,"column":8},"end":{"line":210,"column":8}},{"start":{"line":210,"column":8},"end":{"line":210,"column":8}}]},"12":{"line":213,"type":"if","locations":[{"start":{"line":213,"column":8},"end":{"line":213,"column":8}},{"start":{"line":213,"column":8},"end":{"line":213,"column":8}}]},"13":{"line":273,"type":"if","locations":[{"start":{"line":273,"column":24},"end":{"line":273,"column":24}},{"start":{"line":273,"column":24},"end":{"line":273,"column":24}}]},"14":{"line":273,"type":"if","locations":[{"start":{"line":273,"column":38},"end":{"line":273,"column":38}},{"start":{"line":273,"column":38},"end":{"line":273,"column":38}}]},"15":{"line":275,"type":"if","locations":[{"start":{"line":275,"column":8},"end":{"line":275,"column":8}},{"start":{"line":275,"column":8},"end":{"line":275,"column":8}}]},"16":{"line":286,"type":"if","locations":[{"start":{"line":286,"column":8},"end":{"line":286,"column":8}},{"start":{"line":286,"column":8},"end":{"line":286,"column":8}}]},"17":{"line":344,"type":"if","locations":[{"start":{"line":344,"column":8},"end":{"line":344,"column":8}},{"start":{"line":344,"column":8},"end":{"line":344,"column":8}}]},"18":{"line":357,"type":"if","locations":[{"start":{"line":357,"column":63},"end":{"line":357,"column":63}},{"start":{"line":357,"column":63},"end":{"line":357,"column":63}}]},"19":{"line":366,"type":"if","locations":[{"start":{"line":366,"column":73},"end":{"line":366,"column":73}},{"start":{"line":366,"column":73},"end":{"line":366,"column":73}}]},"20":{"line":367,"type":"if","locations":[{"start":{"line":367,"column":8},"end":{"line":367,"column":8}},{"start":{"line":367,"column":8},"end":{"line":367,"column":8}}]},"21":{"line":380,"type":"if","locations":[{"start":{"line":380,"column":30},"end":{"line":380,"column":30}},{"start":{"line":380,"column":30},"end":{"line":380,"column":30}}]},"22":{"line":387,"type":"if","locations":[{"start":{"line":387,"column":32},"end":{"line":387,"column":32}},{"start":{"line":387,"column":32},"end":{"line":387,"column":32}}]},"23":{"line":395,"type":"if","locations":[{"start":{"line":395,"column":55},"end":{"line":395,"column":55}},{"start":{"line":395,"column":55},"end":{"line":395,"column":55}}]},"24":{"line":420,"type":"if","locations":[{"start":{"line":420,"column":76},"end":{"line":420,"column":76}},{"start":{"line":420,"column":76},"end":{"line":420,"column":76}}]},"25":{"line":430,"type":"cond-expr","locations":[{"start":{"line":430,"column":15},"end":{"line":430,"column":38}},{"start":{"line":430,"column":43},"end":{"line":430,"column":60}}]}}},"contracts/core/CarbonMarketplace.sol":{"l":{"207":45,"208":45,"209":1,"211":44,"218":1,"234":35,"235":35,"236":35,"238":35,"239":35,"240":0,"242":35,"243":35,"244":35,"246":35,"247":35,"248":35,"249":35,"250":35,"270":18,"272":18,"273":17,"274":16,"275":1,"278":15,"280":15,"282":15,"294":15,"295":15,"298":15,"300":15,"302":15,"310":3,"311":3,"313":3,"314":2,"315":2,"317":1,"320":1,"328":1,"342":3,"343":3,"345":3,"346":3,"347":3,"349":3,"350":1,"353":3,"354":2,"356":1,"357":1,"358":0,"360":1,"369":1,"370":1,"378":2,"381":3,"393":6,"394":6,"396":6,"397":6,"398":6,"399":0,"401":6,"402":5,"403":5,"404":1,"407":4,"408":4,"411":3,"412":3,"415":3,"416":3,"417":1,"421":3,"430":3,"431":3,"434":3,"435":3,"436":3,"440":3,"441":1,"442":1,"445":3,"471":12,"473":12,"474":12,"476":12,"477":12,"479":12,"481":12,"493":12,"496":12,"497":0,"498":0,"501":12,"503":12,"511":2,"512":2,"514":2,"515":2,"516":2,"518":1,"521":1,"522":1,"524":1,"532":3,"533":3,"535":3,"536":3,"537":3,"538":0,"540":3,"541":3,"542":1,"545":2,"547":2,"548":2,"549":2,"552":2,"561":2,"562":2,"565":2,"566":2,"567":2,"570":2,"588":5,"589":5,"591":5,"592":5,"598":5,"599":5,"601":5,"602":2,"605":3,"608":3,"609":3,"611":3,"620":5,"627":4,"634":0,"635":0,"638":0,"639":0,"640":0,"645":0,"646":0,"647":0,"648":0,"649":0,"653":0,"660":0,"667":0,"677":0,"678":0,"679":0,"680":0,"689":72,"690":72,"700":0,"701":0,"702":0,"703":0,"711":1,"718":2,"719":1,"720":1,"721":1,"728":0,"729":0,"736":1,"743":1,"750":0,"751":0,"752":0,"764":0},"path":"/Users/rameshtamilselvan/Downloads/TerraQuraMVP/apps/contracts/contracts/core/CarbonMarketplace.sol","s":{"1":45,"2":45,"3":1,"4":35,"5":35,"6":35,"7":35,"8":35,"9":0,"10":35,"11":35,"12":35,"13":18,"14":18,"15":17,"16":16,"17":15,"18":15,"19":15,"20":15,"21":15,"22":15,"23":3,"24":3,"25":3,"26":2,"27":2,"28":1,"29":1,"30":3,"31":3,"32":3,"33":3,"34":3,"35":3,"36":3,"37":2,"38":1,"39":1,"40":1,"41":1,"42":1,"43":3,"44":6,"45":6,"46":6,"47":6,"48":6,"49":6,"50":5,"51":5,"52":4,"53":4,"54":3,"55":3,"56":3,"57":3,"58":3,"59":3,"60":3,"61":3,"62":3,"63":3,"64":1,"65":1,"66":3,"67":12,"68":12,"69":12,"70":12,"71":12,"72":12,"73":12,"74":0,"75":0,"76":12,"77":12,"78":2,"79":2,"80":2,"81":2,"82":2,"83":1,"84":1,"85":1,"86":3,"87":3,"88":3,"89":3,"90":3,"91":3,"92":3,"93":2,"94":2,"95":2,"96":2,"97":2,"98":2,"99":2,"100":2,"101":2,"102":2,"103":5,"104":5,"105":5,"106":5,"107":5,"108":5,"109":5,"110":3,"111":3,"112":3,"113":5,"114":4,"115":0,"116":0,"117":0,"118":0,"119":0,"120":0,"121":0,"122":0,"123":0,"124":0,"125":0,"126":0,"127":72,"128":0,"129":0,"130":0,"131":2,"132":1,"133":1,"134":0,"135":1,"136":1,"137":0,"138":0,"139":0,"140":0},"b":{"1":[1,44],"2":[35,0],"3":[0,35],"4":[0,35],"5":[0,35],"6":[0,35],"7":[19,1],"8":[18,1],"9":[18,0],"10":[1,17],"11":[1,16],"12":[1,15],"13":[1,14],"14":[3,0],"15":[1,2],"16":[0,2],"17":[1,1],"18":[3,0],"19":[0,3],"20":[0,3],"21":[0,3],"22":[1,2],"23":[2,1],"24":[1,1],"25":[0,1],"26":[6,0],"27":[6,0],"28":[6,0],"29":[0,6],"30":[0,6],"31":[0,6],"32":[1,5],"33":[0,5],"34":[0,0],"35":[1,4],"36":[1,3],"37":[1,2],"38":[0,3],"39":[3,0],"40":[0,3],"41":[1,2],"42":[0,1],"43":[12,0],"44":[12,0],"45":[12,0],"46":[0,12],"47":[0,12],"48":[0,12],"49":[0,12],"50":[0,0],"51":[2,0],"52":[0,2],"53":[0,2],"54":[1,1],"55":[0,1],"56":[3,0],"57":[3,0],"58":[3,0],"59":[0,3],"60":[0,3],"61":[0,3],"62":[0,3],"63":[1,2],"64":[0,2],"65":[2,0],"66":[0,2],"67":[5,0],"68":[5,0],"69":[0,5],"70":[0,5],"71":[2,3],"72":[0,3],"73":[0,0],"74":[0,0],"75":[72,0],"76":[0,0],"77":[0,0],"78":[1,0],"79":[2,0],"80":[1,1],"81":[0,0],"82":[0,0],"83":[1,0],"84":[1,0],"85":[0,0],"86":[0,0],"87":[0,0]},"f":{"1":45,"2":1,"3":35,"4":18,"5":3,"6":3,"7":6,"8":12,"9":2,"10":3,"11":5,"12":5,"13":4,"14":0,"15":0,"16":0,"17":0,"18":72,"19":0,"20":1,"21":2,"22":0,"23":1,"24":1,"25":0,"26":0,"27":0},"fnMap":{"1":{"name":"onlyKycVerified","line":206,"loc":{"start":{"line":206,"column":4},"end":{"line":212,"column":4}}},"2":{"name":"constructor","line":217,"loc":{"start":{"line":217,"column":4},"end":{"line":219,"column":4}}},"3":{"name":"initialize","line":233,"loc":{"start":{"line":228,"column":4},"end":{"line":251,"column":4}}},"4":{"name":"createListing","line":269,"loc":{"start":{"line":263,"column":4},"end":{"line":303,"column":4}}},"5":{"name":"cancelListing","line":309,"loc":{"start":{"line":309,"column":4},"end":{"line":329,"column":4}}},"6":{"name":"updateListing","line":341,"loc":{"start":{"line":337,"column":4},"end":{"line":382,"column":4}}},"7":{"name":"purchase","line":392,"loc":{"start":{"line":389,"column":4},"end":{"line":454,"column":4}}},"8":{"name":"createOffer","line":470,"loc":{"start":{"line":465,"column":4},"end":{"line":504,"column":4}}},"9":{"name":"cancelOffer","line":510,"loc":{"start":{"line":510,"column":4},"end":{"line":525,"column":4}}},"10":{"name":"acceptOffer","line":531,"loc":{"start":{"line":531,"column":4},"end":{"line":578,"column":4}}},"11":{"name":"rejectOffer","line":587,"loc":{"start":{"line":587,"column":4},"end":{"line":612,"column":4}}},"12":{"name":"getListing","line":619,"loc":{"start":{"line":619,"column":4},"end":{"line":621,"column":4}}},"13":{"name":"getOffer","line":626,"loc":{"start":{"line":626,"column":4},"end":{"line":628,"column":4}}},"14":{"name":"getActiveListingsForToken","line":633,"loc":{"start":{"line":633,"column":4},"end":{"line":654,"column":4}}},"15":{"name":"getSellerListings","line":659,"loc":{"start":{"line":659,"column":4},"end":{"line":661,"column":4}}},"16":{"name":"getBuyerOffers","line":666,"loc":{"start":{"line":666,"column":4},"end":{"line":668,"column":4}}},"17":{"name":"calculateTotalPrice","line":673,"loc":{"start":{"line":673,"column":4},"end":{"line":681,"column":4}}},"18":{"name":"setKycStatus","line":688,"loc":{"start":{"line":688,"column":4},"end":{"line":691,"column":4}}},"19":{"name":"batchSetKycStatus","line":699,"loc":{"start":{"line":696,"column":4},"end":{"line":705,"column":4}}},"20":{"name":"setKycRequired","line":710,"loc":{"start":{"line":710,"column":4},"end":{"line":712,"column":4}}},"21":{"name":"setPlatformFee","line":717,"loc":{"start":{"line":717,"column":4},"end":{"line":722,"column":4}}},"22":{"name":"setFeeRecipient","line":727,"loc":{"start":{"line":727,"column":4},"end":{"line":730,"column":4}}},"23":{"name":"pause","line":735,"loc":{"start":{"line":735,"column":4},"end":{"line":737,"column":4}}},"24":{"name":"unpause","line":742,"loc":{"start":{"line":742,"column":4},"end":{"line":744,"column":4}}},"25":{"name":"emergencyWithdraw","line":749,"loc":{"start":{"line":749,"column":4},"end":{"line":753,"column":4}}},"26":{"name":"_authorizeUpgrade","line":757,"loc":{"start":{"line":757,"column":4},"end":{"line":757,"column":87}}},"27":{"name":"version","line":763,"loc":{"start":{"line":763,"column":4},"end":{"line":765,"column":4}}}},"statementMap":{"1":{"start":{"line":207,"column":8},"end":{"line":207,"column":37}},"2":{"start":{"line":208,"column":8},"end":{"line":208,"column":5895}},"3":{"start":{"line":218,"column":8},"end":{"line":218,"column":29}},"4":{"start":{"line":234,"column":8},"end":{"line":234,"column":77}},"5":{"start":{"line":235,"column":8},"end":{"line":235,"column":69}},"6":{"start":{"line":236,"column":8},"end":{"line":236,"column":62}},"7":{"start":{"line":238,"column":8},"end":{"line":238,"column":23}},"8":{"start":{"line":239,"column":0},"end":{"line":239,"column":6860}},"9":{"start":{"line":240,"column":4},"end":{"line":240,"column":29}},"10":{"start":{"line":242,"column":8},"end":{"line":242,"column":24}},"11":{"start":{"line":243,"column":8},"end":{"line":243,"column":31}},"12":{"start":{"line":244,"column":8},"end":{"line":244,"column":31}},"13":{"start":{"line":270,"column":8},"end":{"line":270,"column":37}},"14":{"start":{"line":272,"column":8},"end":{"line":272,"column":52}},"15":{"start":{"line":273,"column":8},"end":{"line":273,"column":47}},"16":{"start":{"line":274,"column":8},"end":{"line":274,"column":8032}},"17":{"start":{"line":280,"column":8},"end":{"line":280,"column":73}},"18":{"start":{"line":294,"column":8},"end":{"line":294,"column":45}},"19":{"start":{"line":295,"column":8},"end":{"line":295,"column":45}},"20":{"start":{"line":298,"column":8},"end":{"line":298,"column":80}},"21":{"start":{"line":300,"column":8},"end":{"line":300,"column":77}},"22":{"start":{"line":302,"column":8},"end":{"line":302,"column":24}},"23":{"start":{"line":310,"column":8},"end":{"line":310,"column":37}},"24":{"start":{"line":311,"column":8},"end":{"line":311,"column":53}},"25":{"start":{"line":313,"column":8},"end":{"line":313,"column":60}},"26":{"start":{"line":314,"column":8},"end":{"line":314,"column":56}},"27":{"start":{"line":315,"column":8},"end":{"line":315,"column":63}},"28":{"start":{"line":320,"column":8},"end":{"line":320,"column":9520}},"29":{"start":{"line":328,"column":8},"end":{"line":328,"column":48}},"30":{"start":{"line":342,"column":8},"end":{"line":342,"column":37}},"31":{"start":{"line":343,"column":8},"end":{"line":343,"column":53}},"32":{"start":{"line":345,"column":8},"end":{"line":345,"column":60}},"33":{"start":{"line":346,"column":8},"end":{"line":346,"column":56}},"34":{"start":{"line":347,"column":8},"end":{"line":347,"column":63}},"35":{"start":{"line":349,"column":8},"end":{"line":349,"column":10393}},"36":{"start":{"line":353,"column":8},"end":{"line":353,"column":10491}},"37":{"start":{"line":354,"column":12},"end":{"line":354,"column":10559}},"38":{"start":{"line":356,"column":16},"end":{"line":356,"column":69}},"39":{"start":{"line":357,"column":16},"end":{"line":357,"column":10723}},"40":{"start":{"line":360,"column":16},"end":{"line":360,"column":10881}},"41":{"start":{"line":369,"column":16},"end":{"line":369,"column":65}},"42":{"start":{"line":370,"column":16},"end":{"line":370,"column":11232}},"43":{"start":{"line":381,"column":8},"end":{"line":381,"column":76}},"44":{"start":{"line":393,"column":8},"end":{"line":393,"column":37}},"45":{"start":{"line":394,"column":8},"end":{"line":394,"column":53}},"46":{"start":{"line":396,"column":8},"end":{"line":396,"column":60}},"47":{"start":{"line":397,"column":8},"end":{"line":397,"column":56}},"48":{"start":{"line":398,"column":8},"end":{"line":398,"column":12112}},"49":{"start":{"line":401,"column":8},"end":{"line":401,"column":66}},"50":{"start":{"line":402,"column":8},"end":{"line":402,"column":74}},"51":{"start":{"line":403,"column":8},"end":{"line":403,"column":12379}},"52":{"start":{"line":407,"column":8},"end":{"line":407,"column":58}},"53":{"start":{"line":408,"column":8},"end":{"line":408,"column":64}},"54":{"start":{"line":411,"column":8},"end":{"line":411,"column":67}},"55":{"start":{"line":412,"column":8},"end":{"line":412,"column":57}},"56":{"start":{"line":416,"column":8},"end":{"line":416,"column":12862}},"57":{"start":{"line":421,"column":8},"end":{"line":421,"column":12983}},"58":{"start":{"line":430,"column":8},"end":{"line":430,"column":88}},"59":{"start":{"line":431,"column":8},"end":{"line":431,"column":51}},"60":{"start":{"line":434,"column":8},"end":{"line":434,"column":13363}},"61":{"start":{"line":435,"column":12},"end":{"line":435,"column":84}},"62":{"start":{"line":436,"column":12},"end":{"line":436,"column":52}},"63":{"start":{"line":440,"column":8},"end":{"line":440,"column":13578}},"64":{"start":{"line":441,"column":12},"end":{"line":441,"column":92}},"65":{"start":{"line":442,"column":12},"end":{"line":442,"column":55}},"66":{"start":{"line":445,"column":8},"end":{"line":445,"column":13779}},"67":{"start":{"line":471,"column":8},"end":{"line":471,"column":37}},"68":{"start":{"line":473,"column":8},"end":{"line":473,"column":52}},"69":{"start":{"line":474,"column":8},"end":{"line":474,"column":47}},"70":{"start":{"line":476,"column":8},"end":{"line":476,"column":52}},"71":{"start":{"line":477,"column":8},"end":{"line":477,"column":66}},"72":{"start":{"line":493,"column":8},"end":{"line":493,"column":40}},"73":{"start":{"line":496,"column":8},"end":{"line":496,"column":15253}},"74":{"start":{"line":497,"column":12},"end":{"line":497,"column":88}},"75":{"start":{"line":498,"column":12},"end":{"line":498,"column":49}},"76":{"start":{"line":501,"column":8},"end":{"line":501,"column":73}},"77":{"start":{"line":503,"column":8},"end":{"line":503,"column":22}},"78":{"start":{"line":511,"column":8},"end":{"line":511,"column":37}},"79":{"start":{"line":512,"column":8},"end":{"line":512,"column":45}},"80":{"start":{"line":514,"column":8},"end":{"line":514,"column":54}},"81":{"start":{"line":515,"column":8},"end":{"line":515,"column":52}},"82":{"start":{"line":516,"column":8},"end":{"line":516,"column":57}},"83":{"start":{"line":521,"column":8},"end":{"line":521,"column":79}},"84":{"start":{"line":522,"column":8},"end":{"line":522,"column":45}},"85":{"start":{"line":524,"column":8},"end":{"line":524,"column":44}},"86":{"start":{"line":532,"column":8},"end":{"line":532,"column":37}},"87":{"start":{"line":533,"column":8},"end":{"line":533,"column":45}},"88":{"start":{"line":535,"column":8},"end":{"line":535,"column":54}},"89":{"start":{"line":536,"column":8},"end":{"line":536,"column":52}},"90":{"start":{"line":537,"column":8},"end":{"line":537,"column":16616}},"91":{"start":{"line":540,"column":8},"end":{"line":540,"column":67}},"92":{"start":{"line":541,"column":8},"end":{"line":541,"column":16802}},"93":{"start":{"line":547,"column":8},"end":{"line":547,"column":48}},"94":{"start":{"line":548,"column":8},"end":{"line":548,"column":67}},"95":{"start":{"line":549,"column":8},"end":{"line":549,"column":57}},"96":{"start":{"line":552,"column":8},"end":{"line":552,"column":17192}},"97":{"start":{"line":561,"column":8},"end":{"line":561,"column":80}},"98":{"start":{"line":562,"column":8},"end":{"line":562,"column":51}},"99":{"start":{"line":565,"column":8},"end":{"line":565,"column":17566}},"100":{"start":{"line":566,"column":12},"end":{"line":566,"column":84}},"101":{"start":{"line":567,"column":12},"end":{"line":567,"column":52}},"102":{"start":{"line":570,"column":8},"end":{"line":570,"column":17749}},"103":{"start":{"line":588,"column":8},"end":{"line":588,"column":37}},"104":{"start":{"line":589,"column":8},"end":{"line":589,"column":45}},"105":{"start":{"line":591,"column":8},"end":{"line":591,"column":54}},"106":{"start":{"line":592,"column":8},"end":{"line":592,"column":52}},"107":{"start":{"line":598,"column":8},"end":{"line":598,"column":44}},"108":{"start":{"line":599,"column":8},"end":{"line":599,"column":92}},"109":{"start":{"line":601,"column":8},"end":{"line":601,"column":18949}},"110":{"start":{"line":608,"column":8},"end":{"line":608,"column":84}},"111":{"start":{"line":609,"column":8},"end":{"line":609,"column":45}},"112":{"start":{"line":611,"column":8},"end":{"line":611,"column":43}},"113":{"start":{"line":620,"column":8},"end":{"line":620,"column":34}},"114":{"start":{"line":627,"column":8},"end":{"line":627,"column":30}},"115":{"start":{"line":634,"column":8},"end":{"line":634,"column":61}},"116":{"start":{"line":635,"column":8},"end":{"line":635,"column":31}},"117":{"start":{"line":638,"column":8},"end":{"line":638,"column":19991}},"118":{"start":{"line":639,"column":12},"end":{"line":639,"column":20058}},"119":{"start":{"line":645,"column":8},"end":{"line":645,"column":68}},"120":{"start":{"line":646,"column":8},"end":{"line":646,"column":25}},"121":{"start":{"line":647,"column":8},"end":{"line":647,"column":20295}},"122":{"start":{"line":648,"column":12},"end":{"line":648,"column":20362}},"123":{"start":{"line":653,"column":8},"end":{"line":653,"column":29}},"124":{"start":{"line":660,"column":8},"end":{"line":660,"column":37}},"125":{"start":{"line":667,"column":8},"end":{"line":667,"column":33}},"126":{"start":{"line":680,"column":8},"end":{"line":680,"column":37}},"127":{"start":{"line":690,"column":8},"end":{"line":690,"column":45}},"128":{"start":{"line":700,"column":8},"end":{"line":700,"column":72}},"129":{"start":{"line":701,"column":8},"end":{"line":701,"column":21905}},"130":{"start":{"line":703,"column":12},"end":{"line":703,"column":56}},"131":{"start":{"line":718,"column":8},"end":{"line":718,"column":56}},"132":{"start":{"line":719,"column":8},"end":{"line":719,"column":39}},"133":{"start":{"line":721,"column":8},"end":{"line":721,"column":50}},"134":{"start":{"line":728,"column":8},"end":{"line":728,"column":68}},"135":{"start":{"line":736,"column":8},"end":{"line":736,"column":15}},"136":{"start":{"line":743,"column":8},"end":{"line":743,"column":17}},"137":{"start":{"line":750,"column":8},"end":{"line":750,"column":47}},"138":{"start":{"line":751,"column":8},"end":{"line":751,"column":63}},"139":{"start":{"line":752,"column":8},"end":{"line":752,"column":45}},"140":{"start":{"line":764,"column":8},"end":{"line":764,"column":22}}},"branchMap":{"1":{"line":208,"type":"if","locations":[{"start":{"line":208,"column":8},"end":{"line":208,"column":8}},{"start":{"line":208,"column":8},"end":{"line":208,"column":8}}]},"2":{"line":233,"type":"if","locations":[{"start":{"line":233,"column":13},"end":{"line":233,"column":13}},{"start":{"line":233,"column":13},"end":{"line":233,"column":13}}]},"3":{"line":234,"type":"if","locations":[{"start":{"line":234,"column":8},"end":{"line":234,"column":8}},{"start":{"line":234,"column":8},"end":{"line":234,"column":8}}]},"4":{"line":235,"type":"if","locations":[{"start":{"line":235,"column":8},"end":{"line":235,"column":8}},{"start":{"line":235,"column":8},"end":{"line":235,"column":8}}]},"5":{"line":236,"type":"if","locations":[{"start":{"line":236,"column":8},"end":{"line":236,"column":8}},{"start":{"line":236,"column":8},"end":{"line":236,"column":8}}]},"6":{"line":239,"type":"if","locations":[{"start":{"line":239,"column":0},"end":{"line":239,"column":0}},{"start":{"line":239,"column":0},"end":{"line":239,"column":0}}]},"7":{"line":269,"type":"if","locations":[{"start":{"line":269,"column":15},"end":{"line":269,"column":15}},{"start":{"line":269,"column":15},"end":{"line":269,"column":15}}]},"8":{"line":269,"type":"if","locations":[{"start":{"line":269,"column":29},"end":{"line":269,"column":29}},{"start":{"line":269,"column":29},"end":{"line":269,"column":29}}]},"9":{"line":269,"type":"if","locations":[{"start":{"line":269,"column":45},"end":{"line":269,"column":45}},{"start":{"line":269,"column":45},"end":{"line":269,"column":45}}]},"10":{"line":272,"type":"if","locations":[{"start":{"line":272,"column":8},"end":{"line":272,"column":8}},{"start":{"line":272,"column":8},"end":{"line":272,"column":8}}]},"11":{"line":273,"type":"if","locations":[{"start":{"line":273,"column":8},"end":{"line":273,"column":8}},{"start":{"line":273,"column":8},"end":{"line":273,"column":8}}]},"12":{"line":274,"type":"if","locations":[{"start":{"line":274,"column":8},"end":{"line":274,"column":8}},{"start":{"line":274,"column":8},"end":{"line":274,"column":8}}]},"13":{"line":280,"type":"if","locations":[{"start":{"line":280,"column":43},"end":{"line":280,"column":68}},{"start":{"line":280,"column":72},"end":{"line":280,"column":72}}]},"14":{"line":309,"type":"if","locations":[{"start":{"line":309,"column":55},"end":{"line":309,"column":55}},{"start":{"line":309,"column":55},"end":{"line":309,"column":55}}]},"15":{"line":313,"type":"if","locations":[{"start":{"line":313,"column":8},"end":{"line":313,"column":8}},{"start":{"line":313,"column":8},"end":{"line":313,"column":8}}]},"16":{"line":314,"type":"if","locations":[{"start":{"line":314,"column":8},"end":{"line":314,"column":8}},{"start":{"line":314,"column":8},"end":{"line":314,"column":8}}]},"17":{"line":315,"type":"if","locations":[{"start":{"line":315,"column":8},"end":{"line":315,"column":8}},{"start":{"line":315,"column":8},"end":{"line":315,"column":8}}]},"18":{"line":341,"type":"if","locations":[{"start":{"line":341,"column":15},"end":{"line":341,"column":15}},{"start":{"line":341,"column":15},"end":{"line":341,"column":15}}]},"19":{"line":345,"type":"if","locations":[{"start":{"line":345,"column":8},"end":{"line":345,"column":8}},{"start":{"line":345,"column":8},"end":{"line":345,"column":8}}]},"20":{"line":346,"type":"if","locations":[{"start":{"line":346,"column":8},"end":{"line":346,"column":8}},{"start":{"line":346,"column":8},"end":{"line":346,"column":8}}]},"21":{"line":347,"type":"if","locations":[{"start":{"line":347,"column":8},"end":{"line":347,"column":8}},{"start":{"line":347,"column":8},"end":{"line":347,"column":8}}]},"22":{"line":349,"type":"if","locations":[{"start":{"line":349,"column":8},"end":{"line":349,"column":8}},{"start":{"line":349,"column":8},"end":{"line":349,"column":8}}]},"23":{"line":353,"type":"if","locations":[{"start":{"line":353,"column":8},"end":{"line":353,"column":8}},{"start":{"line":353,"column":8},"end":{"line":353,"column":8}}]},"24":{"line":354,"type":"if","locations":[{"start":{"line":354,"column":12},"end":{"line":354,"column":12}},{"start":{"line":354,"column":12},"end":{"line":354,"column":12}}]},"25":{"line":357,"type":"if","locations":[{"start":{"line":357,"column":16},"end":{"line":357,"column":16}},{"start":{"line":357,"column":16},"end":{"line":357,"column":16}}]},"26":{"line":392,"type":"if","locations":[{"start":{"line":392,"column":23},"end":{"line":392,"column":23}},{"start":{"line":392,"column":23},"end":{"line":392,"column":23}}]},"27":{"line":392,"type":"if","locations":[{"start":{"line":392,"column":37},"end":{"line":392,"column":37}},{"start":{"line":392,"column":37},"end":{"line":392,"column":37}}]},"28":{"line":392,"type":"if","locations":[{"start":{"line":392,"column":53},"end":{"line":392,"column":53}},{"start":{"line":392,"column":53},"end":{"line":392,"column":53}}]},"29":{"line":396,"type":"if","locations":[{"start":{"line":396,"column":8},"end":{"line":396,"column":8}},{"start":{"line":396,"column":8},"end":{"line":396,"column":8}}]},"30":{"line":397,"type":"if","locations":[{"start":{"line":397,"column":8},"end":{"line":397,"column":8}},{"start":{"line":397,"column":8},"end":{"line":397,"column":8}}]},"31":{"line":398,"type":"if","locations":[{"start":{"line":398,"column":8},"end":{"line":398,"column":8}},{"start":{"line":398,"column":8},"end":{"line":398,"column":8}}]},"32":{"line":401,"type":"if","locations":[{"start":{"line":401,"column":8},"end":{"line":401,"column":8}},{"start":{"line":401,"column":8},"end":{"line":401,"column":8}}]},"33":{"line":402,"type":"if","locations":[{"start":{"line":402,"column":8},"end":{"line":402,"column":8}},{"start":{"line":402,"column":8},"end":{"line":402,"column":8}}]},"34":{"line":402,"type":"cond-expr","locations":[{"start":{"line":402,"column":12},"end":{"line":402,"column":22}},{"start":{"line":402,"column":27},"end":{"line":402,"column":49}}]},"35":{"line":403,"type":"if","locations":[{"start":{"line":403,"column":8},"end":{"line":403,"column":8}},{"start":{"line":403,"column":8},"end":{"line":403,"column":8}}]},"36":{"line":408,"type":"if","locations":[{"start":{"line":408,"column":8},"end":{"line":408,"column":8}},{"start":{"line":408,"column":8},"end":{"line":408,"column":8}}]},"37":{"line":416,"type":"if","locations":[{"start":{"line":416,"column":8},"end":{"line":416,"column":8}},{"start":{"line":416,"column":8},"end":{"line":416,"column":8}}]},"38":{"line":431,"type":"if","locations":[{"start":{"line":431,"column":8},"end":{"line":431,"column":8}},{"start":{"line":431,"column":8},"end":{"line":431,"column":8}}]},"39":{"line":434,"type":"if","locations":[{"start":{"line":434,"column":8},"end":{"line":434,"column":8}},{"start":{"line":434,"column":8},"end":{"line":434,"column":8}}]},"40":{"line":436,"type":"if","locations":[{"start":{"line":436,"column":12},"end":{"line":436,"column":12}},{"start":{"line":436,"column":12},"end":{"line":436,"column":12}}]},"41":{"line":440,"type":"if","locations":[{"start":{"line":440,"column":8},"end":{"line":440,"column":8}},{"start":{"line":440,"column":8},"end":{"line":440,"column":8}}]},"42":{"line":442,"type":"if","locations":[{"start":{"line":442,"column":12},"end":{"line":442,"column":12}},{"start":{"line":442,"column":12},"end":{"line":442,"column":12}}]},"43":{"line":470,"type":"if","locations":[{"start":{"line":470,"column":23},"end":{"line":470,"column":23}},{"start":{"line":470,"column":23},"end":{"line":470,"column":23}}]},"44":{"line":470,"type":"if","locations":[{"start":{"line":470,"column":37},"end":{"line":470,"column":37}},{"start":{"line":470,"column":37},"end":{"line":470,"column":37}}]},"45":{"line":470,"type":"if","locations":[{"start":{"line":470,"column":53},"end":{"line":470,"column":53}},{"start":{"line":470,"column":53},"end":{"line":470,"column":53}}]},"46":{"line":473,"type":"if","locations":[{"start":{"line":473,"column":8},"end":{"line":473,"column":8}},{"start":{"line":473,"column":8},"end":{"line":473,"column":8}}]},"47":{"line":474,"type":"if","locations":[{"start":{"line":474,"column":8},"end":{"line":474,"column":8}},{"start":{"line":474,"column":8},"end":{"line":474,"column":8}}]},"48":{"line":477,"type":"if","locations":[{"start":{"line":477,"column":8},"end":{"line":477,"column":8}},{"start":{"line":477,"column":8},"end":{"line":477,"column":8}}]},"49":{"line":496,"type":"if","locations":[{"start":{"line":496,"column":8},"end":{"line":496,"column":8}},{"start":{"line":496,"column":8},"end":{"line":496,"column":8}}]},"50":{"line":498,"type":"if","locations":[{"start":{"line":498,"column":12},"end":{"line":498,"column":12}},{"start":{"line":498,"column":12},"end":{"line":498,"column":12}}]},"51":{"line":510,"type":"if","locations":[{"start":{"line":510,"column":51},"end":{"line":510,"column":51}},{"start":{"line":510,"column":51},"end":{"line":510,"column":51}}]},"52":{"line":514,"type":"if","locations":[{"start":{"line":514,"column":8},"end":{"line":514,"column":8}},{"start":{"line":514,"column":8},"end":{"line":514,"column":8}}]},"53":{"line":515,"type":"if","locations":[{"start":{"line":515,"column":8},"end":{"line":515,"column":8}},{"start":{"line":515,"column":8},"end":{"line":515,"column":8}}]},"54":{"line":516,"type":"if","locations":[{"start":{"line":516,"column":8},"end":{"line":516,"column":8}},{"start":{"line":516,"column":8},"end":{"line":516,"column":8}}]},"55":{"line":522,"type":"if","locations":[{"start":{"line":522,"column":8},"end":{"line":522,"column":8}},{"start":{"line":522,"column":8},"end":{"line":522,"column":8}}]},"56":{"line":531,"type":"if","locations":[{"start":{"line":531,"column":51},"end":{"line":531,"column":51}},{"start":{"line":531,"column":51},"end":{"line":531,"column":51}}]},"57":{"line":531,"type":"if","locations":[{"start":{"line":531,"column":65},"end":{"line":531,"column":65}},{"start":{"line":531,"column":65},"end":{"line":531,"column":65}}]},"58":{"line":531,"type":"if","locations":[{"start":{"line":531,"column":81},"end":{"line":531,"column":81}},{"start":{"line":531,"column":81},"end":{"line":531,"column":81}}]},"59":{"line":535,"type":"if","locations":[{"start":{"line":535,"column":8},"end":{"line":535,"column":8}},{"start":{"line":535,"column":8},"end":{"line":535,"column":8}}]},"60":{"line":536,"type":"if","locations":[{"start":{"line":536,"column":8},"end":{"line":536,"column":8}},{"start":{"line":536,"column":8},"end":{"line":536,"column":8}}]},"61":{"line":537,"type":"if","locations":[{"start":{"line":537,"column":8},"end":{"line":537,"column":8}},{"start":{"line":537,"column":8},"end":{"line":537,"column":8}}]},"62":{"line":540,"type":"if","locations":[{"start":{"line":540,"column":8},"end":{"line":540,"column":8}},{"start":{"line":540,"column":8},"end":{"line":540,"column":8}}]},"63":{"line":541,"type":"if","locations":[{"start":{"line":541,"column":8},"end":{"line":541,"column":8}},{"start":{"line":541,"column":8},"end":{"line":541,"column":8}}]},"64":{"line":562,"type":"if","locations":[{"start":{"line":562,"column":8},"end":{"line":562,"column":8}},{"start":{"line":562,"column":8},"end":{"line":562,"column":8}}]},"65":{"line":565,"type":"if","locations":[{"start":{"line":565,"column":8},"end":{"line":565,"column":8}},{"start":{"line":565,"column":8},"end":{"line":565,"column":8}}]},"66":{"line":567,"type":"if","locations":[{"start":{"line":567,"column":12},"end":{"line":567,"column":12}},{"start":{"line":567,"column":12},"end":{"line":567,"column":12}}]},"67":{"line":587,"type":"if","locations":[{"start":{"line":587,"column":51},"end":{"line":587,"column":51}},{"start":{"line":587,"column":51},"end":{"line":587,"column":51}}]},"68":{"line":587,"type":"if","locations":[{"start":{"line":587,"column":67},"end":{"line":587,"column":67}},{"start":{"line":587,"column":67},"end":{"line":587,"column":67}}]},"69":{"line":591,"type":"if","locations":[{"start":{"line":591,"column":8},"end":{"line":591,"column":8}},{"start":{"line":591,"column":8},"end":{"line":591,"column":8}}]},"70":{"line":592,"type":"if","locations":[{"start":{"line":592,"column":8},"end":{"line":592,"column":8}},{"start":{"line":592,"column":8},"end":{"line":592,"column":8}}]},"71":{"line":601,"type":"if","locations":[{"start":{"line":601,"column":8},"end":{"line":601,"column":8}},{"start":{"line":601,"column":8},"end":{"line":601,"column":8}}]},"72":{"line":609,"type":"if","locations":[{"start":{"line":609,"column":8},"end":{"line":609,"column":8}},{"start":{"line":609,"column":8},"end":{"line":609,"column":8}}]},"73":{"line":639,"type":"if","locations":[{"start":{"line":639,"column":12},"end":{"line":639,"column":12}},{"start":{"line":639,"column":12},"end":{"line":639,"column":12}}]},"74":{"line":648,"type":"if","locations":[{"start":{"line":648,"column":12},"end":{"line":648,"column":12}},{"start":{"line":648,"column":12},"end":{"line":648,"column":12}}]},"75":{"line":688,"type":"if","locations":[{"start":{"line":688,"column":64},"end":{"line":688,"column":64}},{"start":{"line":688,"column":64},"end":{"line":688,"column":64}}]},"76":{"line":699,"type":"if","locations":[{"start":{"line":699,"column":15},"end":{"line":699,"column":15}},{"start":{"line":699,"column":15},"end":{"line":699,"column":15}}]},"77":{"line":700,"type":"if","locations":[{"start":{"line":700,"column":8},"end":{"line":700,"column":8}},{"start":{"line":700,"column":8},"end":{"line":700,"column":8}}]},"78":{"line":710,"type":"if","locations":[{"start":{"line":710,"column":52},"end":{"line":710,"column":52}},{"start":{"line":710,"column":52},"end":{"line":710,"column":52}}]},"79":{"line":717,"type":"if","locations":[{"start":{"line":717,"column":56},"end":{"line":717,"column":56}},{"start":{"line":717,"column":56},"end":{"line":717,"column":56}}]},"80":{"line":718,"type":"if","locations":[{"start":{"line":718,"column":8},"end":{"line":718,"column":8}},{"start":{"line":718,"column":8},"end":{"line":718,"column":8}}]},"81":{"line":727,"type":"if","locations":[{"start":{"line":727,"column":60},"end":{"line":727,"column":60}},{"start":{"line":727,"column":60},"end":{"line":727,"column":60}}]},"82":{"line":728,"type":"if","locations":[{"start":{"line":728,"column":8},"end":{"line":728,"column":8}},{"start":{"line":728,"column":8},"end":{"line":728,"column":8}}]},"83":{"line":735,"type":"if","locations":[{"start":{"line":735,"column":30},"end":{"line":735,"column":30}},{"start":{"line":735,"column":30},"end":{"line":735,"column":30}}]},"84":{"line":742,"type":"if","locations":[{"start":{"line":742,"column":32},"end":{"line":742,"column":32}},{"start":{"line":742,"column":32},"end":{"line":742,"column":32}}]},"85":{"line":749,"type":"if","locations":[{"start":{"line":749,"column":52},"end":{"line":749,"column":52}},{"start":{"line":749,"column":52},"end":{"line":749,"column":52}}]},"86":{"line":752,"type":"if","locations":[{"start":{"line":752,"column":8},"end":{"line":752,"column":8}},{"start":{"line":752,"column":8},"end":{"line":752,"column":8}}]},"87":{"line":757,"type":"if","locations":[{"start":{"line":757,"column":76},"end":{"line":757,"column":76}},{"start":{"line":757,"column":76},"end":{"line":757,"column":76}}]}}},"contracts/core/VerificationEngine.sol":{"l":{"131":9,"132":1,"134":8,"143":1,"152":26,"153":26,"154":26,"156":26,"157":26,"187":8,"188":8,"189":1,"193":7,"200":7,"201":3,"205":4,"206":4,"207":1,"211":3,"213":3,"220":2,"227":2,"234":2,"248":17,"249":1,"251":16,"252":1,"255":15,"256":15,"258":15,"266":2,"267":1,"270":1,"271":1,"273":1,"285":3,"286":1,"288":2,"289":1,"292":1,"300":2,"301":1,"304":1,"305":1,"307":1,"328":8,"330":8,"338":8,"360":7,"361":1,"368":1,"373":6,"374":6,"376":6,"379":6,"381":1,"388":1,"391":5,"393":1,"400":1,"404":4,"413":4,"419":4,"427":4,"440":4,"442":4,"450":4,"472":1,"493":5,"494":1,"497":4,"498":4,"500":4,"502":4,"503":0,"506":4,"514":4,"520":4},"path":"/Users/rameshtamilselvan/Downloads/TerraQuraMVP/apps/contracts/contracts/core/VerificationEngine.sol","s":{"1":9,"2":1,"3":26,"4":26,"5":26,"6":26,"7":8,"8":1,"9":7,"10":3,"11":4,"12":1,"13":3,"14":2,"15":2,"16":2,"17":17,"18":16,"19":15,"20":2,"21":1,"22":3,"23":2,"24":2,"25":1,"26":1,"27":8,"28":8,"29":8,"30":7,"31":1,"32":1,"33":6,"34":6,"35":6,"36":6,"37":1,"38":1,"39":5,"40":1,"41":1,"42":4,"43":4,"44":4,"45":4,"46":4,"47":1,"48":5,"49":1,"50":4,"51":4,"52":4,"53":4,"54":0,"55":4},"b":{"1":[1,8],"2":[26,0],"3":[26,0],"4":[8,1],"5":[8,0],"6":[1,7],"7":[3,4],"8":[1,3],"9":[17,1],"10":[1,16],"11":[1,15],"12":[2,0],"13":[1,1],"14":[3,0],"15":[1,2],"16":[1,1],"17":[2,0],"18":[1,1],"19":[0,0],"20":[1,6],"21":[0,6],"22":[1,5],"23":[1,4],"24":[1,4],"25":[0,4],"26":[0,4],"27":[0,0]},"f":{"1":9,"2":1,"3":26,"4":8,"5":2,"6":2,"7":2,"8":17,"9":2,"10":3,"11":2,"12":0,"13":8,"14":7,"15":4,"16":1,"17":5},"fnMap":{"1":{"name":"onlyCarbonCredit","line":130,"loc":{"start":{"line":130,"column":4},"end":{"line":135,"column":4}}},"2":{"name":"constructor","line":142,"loc":{"start":{"line":142,"column":4},"end":{"line":144,"column":4}}},"3":{"name":"initialize","line":151,"loc":{"start":{"line":151,"column":4},"end":{"line":160,"column":4}}},"4":{"name":"verify","line":178,"loc":{"start":{"line":168,"column":4},"end":{"line":214,"column":4}}},"5":{"name":"isWhitelisted","line":219,"loc":{"start":{"line":219,"column":4},"end":{"line":221,"column":4}}},"6":{"name":"getOperator","line":226,"loc":{"start":{"line":226,"column":4},"end":{"line":228,"column":4}}},"7":{"name":"isHashProcessed","line":233,"loc":{"start":{"line":233,"column":4},"end":{"line":235,"column":4}}},"8":{"name":"whitelistDacUnit","line":247,"loc":{"start":{"line":244,"column":4},"end":{"line":259,"column":4}}},"9":{"name":"removeDacUnit","line":265,"loc":{"start":{"line":265,"column":4},"end":{"line":274,"column":4}}},"10":{"name":"updateOperator","line":284,"loc":{"start":{"line":281,"column":4},"end":{"line":293,"column":4}}},"11":{"name":"setCarbonCreditContract","line":299,"loc":{"start":{"line":299,"column":4},"end":{"line":308,"column":4}}},"12":{"name":"_authorizeUpgrade","line":314,"loc":{"start":{"line":314,"column":4},"end":{"line":314,"column":87}}},"13":{"name":"_verifySource","line":324,"loc":{"start":{"line":324,"column":4},"end":{"line":339,"column":4}}},"14":{"name":"_verifyLogic","line":352,"loc":{"start":{"line":352,"column":4},"end":{"line":428,"column":4}}},"15":{"name":"_verifyMint","line":436,"loc":{"start":{"line":436,"column":4},"end":{"line":451,"column":4}}},"16":{"name":"getVerificationThresholds","line":462,"loc":{"start":{"line":462,"column":4},"end":{"line":478,"column":4}}},"17":{"name":"previewEfficiencyFactor","line":488,"loc":{"start":{"line":488,"column":4},"end":{"line":521,"column":4}}}},"statementMap":{"1":{"start":{"line":131,"column":8},"end":{"line":131,"column":3921}},"2":{"start":{"line":143,"column":8},"end":{"line":143,"column":29}},"3":{"start":{"line":152,"column":8},"end":{"line":152,"column":23}},"4":{"start":{"line":153,"column":8},"end":{"line":153,"column":31}},"5":{"start":{"line":154,"column":8},"end":{"line":154,"column":31}},"6":{"start":{"line":156,"column":8},"end":{"line":156,"column":4653}},"7":{"start":{"line":188,"column":8},"end":{"line":188,"column":5523}},"8":{"start":{"line":189,"column":12},"end":{"line":189,"column":43}},"9":{"start":{"line":200,"column":8},"end":{"line":200,"column":5866}},"10":{"start":{"line":201,"column":12},"end":{"line":201,"column":42}},"11":{"start":{"line":206,"column":8},"end":{"line":206,"column":6045}},"12":{"start":{"line":207,"column":12},"end":{"line":207,"column":56}},"13":{"start":{"line":213,"column":8},"end":{"line":213,"column":51}},"14":{"start":{"line":220,"column":8},"end":{"line":220,"column":45}},"15":{"start":{"line":227,"column":8},"end":{"line":227,"column":42}},"16":{"start":{"line":234,"column":8},"end":{"line":234,"column":47}},"17":{"start":{"line":248,"column":8},"end":{"line":248,"column":7222}},"18":{"start":{"line":251,"column":8},"end":{"line":251,"column":7326}},"19":{"start":{"line":258,"column":8},"end":{"line":258,"column":69}},"20":{"start":{"line":266,"column":8},"end":{"line":266,"column":7796}},"21":{"start":{"line":273,"column":8},"end":{"line":273,"column":55}},"22":{"start":{"line":285,"column":8},"end":{"line":285,"column":8358}},"23":{"start":{"line":288,"column":8},"end":{"line":288,"column":8459}},"24":{"start":{"line":300,"column":8},"end":{"line":300,"column":8845}},"25":{"start":{"line":304,"column":8},"end":{"line":304,"column":49}},"26":{"start":{"line":307,"column":8},"end":{"line":307,"column":75}},"27":{"start":{"line":328,"column":8},"end":{"line":328,"column":63}},"28":{"start":{"line":330,"column":8},"end":{"line":330,"column":9878}},"29":{"start":{"line":338,"column":8},"end":{"line":338,"column":32}},"30":{"start":{"line":360,"column":8},"end":{"line":360,"column":11003}},"31":{"start":{"line":361,"column":12},"end":{"line":361,"column":11068}},"32":{"start":{"line":368,"column":12},"end":{"line":368,"column":29}},"33":{"start":{"line":373,"column":8},"end":{"line":373,"column":54}},"34":{"start":{"line":374,"column":8},"end":{"line":374,"column":41}},"35":{"start":{"line":376,"column":8},"end":{"line":376,"column":59}},"36":{"start":{"line":379,"column":8},"end":{"line":379,"column":11653}},"37":{"start":{"line":381,"column":12},"end":{"line":381,"column":11763}},"38":{"start":{"line":388,"column":12},"end":{"line":388,"column":29}},"39":{"start":{"line":391,"column":8},"end":{"line":391,"column":12022}},"40":{"start":{"line":393,"column":12},"end":{"line":393,"column":12136}},"41":{"start":{"line":400,"column":12},"end":{"line":400,"column":29}},"42":{"start":{"line":419,"column":8},"end":{"line":419,"column":12834}},"43":{"start":{"line":427,"column":8},"end":{"line":427,"column":39}},"44":{"start":{"line":440,"column":8},"end":{"line":440,"column":58}},"45":{"start":{"line":442,"column":8},"end":{"line":442,"column":13482}},"46":{"start":{"line":450,"column":8},"end":{"line":450,"column":24}},"47":{"start":{"line":472,"column":8},"end":{"line":472,"column":14259}},"48":{"start":{"line":493,"column":8},"end":{"line":493,"column":15018}},"49":{"start":{"line":494,"column":12},"end":{"line":494,"column":29}},"50":{"start":{"line":497,"column":8},"end":{"line":497,"column":54}},"51":{"start":{"line":498,"column":8},"end":{"line":498,"column":41}},"52":{"start":{"line":500,"column":8},"end":{"line":500,"column":59}},"53":{"start":{"line":502,"column":8},"end":{"line":502,"column":15278}},"54":{"start":{"line":503,"column":12},"end":{"line":503,"column":29}},"55":{"start":{"line":520,"column":8},"end":{"line":520,"column":39}}},"branchMap":{"1":{"line":131,"type":"if","locations":[{"start":{"line":131,"column":8},"end":{"line":131,"column":8}},{"start":{"line":131,"column":8},"end":{"line":131,"column":8}}]},"2":{"line":151,"type":"if","locations":[{"start":{"line":151,"column":86},"end":{"line":151,"column":86}},{"start":{"line":151,"column":86},"end":{"line":151,"column":86}}]},"3":{"line":156,"type":"if","locations":[{"start":{"line":156,"column":8},"end":{"line":156,"column":8}},{"start":{"line":156,"column":8},"end":{"line":156,"column":8}}]},"4":{"line":177,"type":"if","locations":[{"start":{"line":177,"column":8},"end":{"line":177,"column":8}},{"start":{"line":177,"column":8},"end":{"line":177,"column":8}}]},"5":{"line":178,"type":"if","locations":[{"start":{"line":178,"column":8},"end":{"line":178,"column":8}},{"start":{"line":178,"column":8},"end":{"line":178,"column":8}}]},"6":{"line":188,"type":"if","locations":[{"start":{"line":188,"column":8},"end":{"line":188,"column":8}},{"start":{"line":188,"column":8},"end":{"line":188,"column":8}}]},"7":{"line":200,"type":"if","locations":[{"start":{"line":200,"column":8},"end":{"line":200,"column":8}},{"start":{"line":200,"column":8},"end":{"line":200,"column":8}}]},"8":{"line":206,"type":"if","locations":[{"start":{"line":206,"column":8},"end":{"line":206,"column":8}},{"start":{"line":206,"column":8},"end":{"line":206,"column":8}}]},"9":{"line":247,"type":"if","locations":[{"start":{"line":247,"column":15},"end":{"line":247,"column":15}},{"start":{"line":247,"column":15},"end":{"line":247,"column":15}}]},"10":{"line":248,"type":"if","locations":[{"start":{"line":248,"column":8},"end":{"line":248,"column":8}},{"start":{"line":248,"column":8},"end":{"line":248,"column":8}}]},"11":{"line":251,"type":"if","locations":[{"start":{"line":251,"column":8},"end":{"line":251,"column":8}},{"start":{"line":251,"column":8},"end":{"line":251,"column":8}}]},"12":{"line":265,"type":"if","locations":[{"start":{"line":265,"column":55},"end":{"line":265,"column":55}},{"start":{"line":265,"column":55},"end":{"line":265,"column":55}}]},"13":{"line":266,"type":"if","locations":[{"start":{"line":266,"column":8},"end":{"line":266,"column":8}},{"start":{"line":266,"column":8},"end":{"line":266,"column":8}}]},"14":{"line":284,"type":"if","locations":[{"start":{"line":284,"column":15},"end":{"line":284,"column":15}},{"start":{"line":284,"column":15},"end":{"line":284,"column":15}}]},"15":{"line":285,"type":"if","locations":[{"start":{"line":285,"column":8},"end":{"line":285,"column":8}},{"start":{"line":285,"column":8},"end":{"line":285,"column":8}}]},"16":{"line":288,"type":"if","locations":[{"start":{"line":288,"column":8},"end":{"line":288,"column":8}},{"start":{"line":288,"column":8},"end":{"line":288,"column":8}}]},"17":{"line":299,"type":"if","locations":[{"start":{"line":299,"column":77},"end":{"line":299,"column":77}},{"start":{"line":299,"column":77},"end":{"line":299,"column":77}}]},"18":{"line":300,"type":"if","locations":[{"start":{"line":300,"column":8},"end":{"line":300,"column":8}},{"start":{"line":300,"column":8},"end":{"line":300,"column":8}}]},"19":{"line":314,"type":"if","locations":[{"start":{"line":314,"column":76},"end":{"line":314,"column":76}},{"start":{"line":314,"column":76},"end":{"line":314,"column":76}}]},"20":{"line":360,"type":"if","locations":[{"start":{"line":360,"column":8},"end":{"line":360,"column":8}},{"start":{"line":360,"column":8},"end":{"line":360,"column":8}}]},"21":{"line":374,"type":"if","locations":[{"start":{"line":374,"column":8},"end":{"line":374,"column":8}},{"start":{"line":374,"column":8},"end":{"line":374,"column":8}}]},"22":{"line":379,"type":"if","locations":[{"start":{"line":379,"column":8},"end":{"line":379,"column":8}},{"start":{"line":379,"column":8},"end":{"line":379,"column":8}}]},"23":{"line":391,"type":"if","locations":[{"start":{"line":391,"column":8},"end":{"line":391,"column":8}},{"start":{"line":391,"column":8},"end":{"line":391,"column":8}}]},"24":{"line":493,"type":"if","locations":[{"start":{"line":493,"column":8},"end":{"line":493,"column":8}},{"start":{"line":493,"column":8},"end":{"line":493,"column":8}}]},"25":{"line":498,"type":"if","locations":[{"start":{"line":498,"column":8},"end":{"line":498,"column":8}},{"start":{"line":498,"column":8},"end":{"line":498,"column":8}}]},"26":{"line":502,"type":"if","locations":[{"start":{"line":502,"column":8},"end":{"line":502,"column":8}},{"start":{"line":502,"column":8},"end":{"line":502,"column":8}}]},"27":{"line":502,"type":"cond-expr","locations":[{"start":{"line":502,"column":12},"end":{"line":502,"column":42}},{"start":{"line":502,"column":47},"end":{"line":502,"column":77}}]}}},"contracts/gasless/GaslessMarketplace.sol":{"l":{"50":0,"58":0,"59":0,"60":0,"62":0,"63":0,"65":0,"66":0,"74":0,"76":0,"79":0,"83":0,"88":0,"89":0,"98":0,"102":0,"103":0,"104":0,"106":0,"107":0,"109":0,"111":0,"112":0,"113":0,"117":0,"119":0,"120":0,"122":0,"128":0,"132":0,"133":0,"134":0,"137":0,"141":0,"142":0,"144":0,"149":0},"path":"/Users/rameshtamilselvan/Downloads/TerraQuraMVP/apps/contracts/contracts/gasless/GaslessMarketplace.sol","s":{"1":0,"2":0,"3":0,"4":0,"5":0,"6":0,"7":0,"8":0,"9":0,"10":0,"11":0,"12":0,"13":0,"14":0,"15":0,"16":0,"17":0,"18":0,"19":0,"20":0,"21":0,"22":0,"23":0,"24":0,"25":0,"26":0,"27":0,"28":0,"29":0,"30":0,"31":0},"b":{"1":[0,0],"2":[0,0],"3":[0,0],"4":[0,0],"5":[0,0],"6":[0,0],"7":[0,0],"8":[0,0],"9":[0,0],"10":[0,0],"11":[0,0],"12":[0,0],"13":[0,0],"14":[0,0]},"f":{"1":0,"2":0,"3":0,"4":0,"5":0,"6":0,"7":0,"8":0},"fnMap":{"1":{"name":"constructor","line":49,"loc":{"start":{"line":49,"column":4},"end":{"line":51,"column":4}}},"2":{"name":"initialize","line":57,"loc":{"start":{"line":53,"column":4},"end":{"line":67,"column":4}}},"3":{"name":"createListing","line":73,"loc":{"start":{"line":69,"column":4},"end":{"line":99,"column":4}}},"4":{"name":"buyListing","line":101,"loc":{"start":{"line":101,"column":4},"end":{"line":123,"column":4}}},"5":{"name":"isTrustedForwarder","line":127,"loc":{"start":{"line":127,"column":4},"end":{"line":129,"column":4}}},"6":{"name":"_msgSender","line":131,"loc":{"start":{"line":131,"column":4},"end":{"line":138,"column":4}}},"7":{"name":"_msgData","line":140,"loc":{"start":{"line":140,"column":4},"end":{"line":145,"column":4}}},"8":{"name":"supportsInterface","line":148,"loc":{"start":{"line":148,"column":4},"end":{"line":150,"column":4}}}},"statementMap":{"1":{"start":{"line":50,"column":8},"end":{"line":50,"column":29}},"2":{"start":{"line":58,"column":8},"end":{"line":58,"column":29}},"3":{"start":{"line":59,"column":8},"end":{"line":59,"column":31}},"4":{"start":{"line":60,"column":8},"end":{"line":60,"column":29}},"5":{"start":{"line":65,"column":8},"end":{"line":65,"column":49}},"6":{"start":{"line":66,"column":8},"end":{"line":66,"column":45}},"7":{"start":{"line":74,"column":8},"end":{"line":74,"column":49}},"8":{"start":{"line":76,"column":8},"end":{"line":76,"column":37}},"9":{"start":{"line":79,"column":8},"end":{"line":79,"column":2772}},"10":{"start":{"line":83,"column":8},"end":{"line":83,"column":2910}},"11":{"start":{"line":98,"column":8},"end":{"line":98,"column":82}},"12":{"start":{"line":102,"column":8},"end":{"line":102,"column":54}},"13":{"start":{"line":103,"column":8},"end":{"line":103,"column":52}},"14":{"start":{"line":104,"column":8},"end":{"line":104,"column":77}},"15":{"start":{"line":106,"column":8},"end":{"line":106,"column":64}},"16":{"start":{"line":107,"column":8},"end":{"line":107,"column":63}},"17":{"start":{"line":109,"column":8},"end":{"line":109,"column":36}},"18":{"start":{"line":112,"column":8},"end":{"line":112,"column":3915}},"19":{"start":{"line":117,"column":8},"end":{"line":117,"column":113}},"20":{"start":{"line":119,"column":8},"end":{"line":119,"column":78}},"21":{"start":{"line":120,"column":8},"end":{"line":120,"column":52}},"22":{"start":{"line":122,"column":8},"end":{"line":122,"column":69}},"23":{"start":{"line":128,"column":8},"end":{"line":128,"column":45}},"24":{"start":{"line":132,"column":8},"end":{"line":132,"column":4643}},"25":{"start":{"line":133,"column":12},"end":{"line":133,"column":4697}},"26":{"start":{"line":134,"column":16},"end":{"line":134,"column":72}},"27":{"start":{"line":137,"column":8},"end":{"line":137,"column":25}},"28":{"start":{"line":141,"column":8},"end":{"line":141,"column":4944}},"29":{"start":{"line":142,"column":12},"end":{"line":142,"column":50}},"30":{"start":{"line":144,"column":8},"end":{"line":144,"column":23}},"31":{"start":{"line":149,"column":8},"end":{"line":149,"column":51}}},"branchMap":{"1":{"line":57,"type":"if","locations":[{"start":{"line":57,"column":13},"end":{"line":57,"column":13}},{"start":{"line":57,"column":13},"end":{"line":57,"column":13}}]},"2":{"line":73,"type":"if","locations":[{"start":{"line":73,"column":15},"end":{"line":73,"column":15}},{"start":{"line":73,"column":15},"end":{"line":73,"column":15}}]},"3":{"line":74,"type":"if","locations":[{"start":{"line":74,"column":8},"end":{"line":74,"column":8}},{"start":{"line":74,"column":8},"end":{"line":74,"column":8}}]},"4":{"line":79,"type":"if","locations":[{"start":{"line":79,"column":8},"end":{"line":79,"column":8}},{"start":{"line":79,"column":8},"end":{"line":79,"column":8}}]},"5":{"line":83,"type":"if","locations":[{"start":{"line":83,"column":8},"end":{"line":83,"column":8}},{"start":{"line":83,"column":8},"end":{"line":83,"column":8}}]},"6":{"line":101,"type":"if","locations":[{"start":{"line":101,"column":83},"end":{"line":101,"column":83}},{"start":{"line":101,"column":83},"end":{"line":101,"column":83}}]},"7":{"line":103,"type":"if","locations":[{"start":{"line":103,"column":8},"end":{"line":103,"column":8}},{"start":{"line":103,"column":8},"end":{"line":103,"column":8}}]},"8":{"line":104,"type":"if","locations":[{"start":{"line":104,"column":8},"end":{"line":104,"column":8}},{"start":{"line":104,"column":8},"end":{"line":104,"column":8}}]},"9":{"line":107,"type":"if","locations":[{"start":{"line":107,"column":8},"end":{"line":107,"column":8}},{"start":{"line":107,"column":8},"end":{"line":107,"column":8}}]},"10":{"line":112,"type":"if","locations":[{"start":{"line":112,"column":8},"end":{"line":112,"column":8}},{"start":{"line":112,"column":8},"end":{"line":112,"column":8}}]},"11":{"line":120,"type":"if","locations":[{"start":{"line":120,"column":8},"end":{"line":120,"column":8}},{"start":{"line":120,"column":8},"end":{"line":120,"column":8}}]},"12":{"line":132,"type":"if","locations":[{"start":{"line":132,"column":8},"end":{"line":132,"column":8}},{"start":{"line":132,"column":8},"end":{"line":132,"column":8}}]},"13":{"line":133,"type":"if","locations":[{"start":{"line":133,"column":12},"end":{"line":133,"column":12}},{"start":{"line":133,"column":12},"end":{"line":133,"column":12}}]},"14":{"line":141,"type":"if","locations":[{"start":{"line":141,"column":8},"end":{"line":141,"column":8}},{"start":{"line":141,"column":8},"end":{"line":141,"column":8}}]}}},"contracts/gasless/TerraQuraForwarder.sol":{"l":{},"path":"/Users/rameshtamilselvan/Downloads/TerraQuraMVP/apps/contracts/contracts/gasless/TerraQuraForwarder.sol","s":{},"b":{},"f":{"1":0},"fnMap":{"1":{"name":"constructor","line":11,"loc":{"start":{"line":11,"column":4},"end":{"line":11,"column":38}}}},"statementMap":{},"branchMap":{}},"contracts/governance/TerraQuraMultisig.sol":{"l":{"125":47,"126":45,"130":5,"131":4,"135":23,"136":23,"140":23,"141":22,"145":20,"146":19,"160":29,"161":28,"162":28,"163":28,"165":27,"166":81,"167":81,"168":81,"170":81,"171":81,"172":81,"175":27,"192":19,"209":3,"210":2,"211":1,"220":20,"222":20,"232":20,"235":20,"237":20,"251":12,"255":32,"257":31,"258":31,"260":31,"273":2,"275":1,"276":1,"278":1,"292":7,"294":7,"296":6,"298":6,"300":6,"302":0,"303":0,"307":0,"310":6,"320":2,"321":2,"322":2,"324":2,"325":2,"327":2,"335":1,"336":1,"338":1,"341":1,"342":3,"343":1,"344":1,"345":1,"350":1,"351":0,"352":0,"353":0,"356":1,"364":1,"365":1,"367":1,"368":1,"370":1,"379":1,"386":2,"401":7,"402":7,"417":3,"424":2,"425":2,"426":1},"path":"/Users/rameshtamilselvan/Downloads/TerraQuraMVP/apps/contracts/contracts/governance/TerraQuraMultisig.sol","s":{"1":47,"2":5,"3":23,"4":23,"5":20,"6":29,"7":28,"8":28,"9":28,"10":27,"11":81,"12":81,"13":81,"14":81,"15":81,"16":19,"17":3,"18":2,"19":1,"20":20,"21":20,"22":20,"23":12,"24":32,"25":31,"26":2,"27":1,"28":7,"29":7,"30":6,"31":6,"32":0,"33":6,"34":2,"35":2,"36":2,"37":2,"38":2,"39":1,"40":1,"41":1,"42":3,"43":1,"44":1,"45":0,"46":0,"47":1,"48":1,"49":1,"50":1,"51":1,"52":1,"53":2,"54":7,"55":7,"56":3,"57":2,"58":2,"59":1,"60":1},"b":{"1":[2,45],"2":[4,1],"3":[0,23],"4":[1,22],"5":[1,19],"6":[28,1],"7":[28,0],"8":[28,0],"9":[27,1],"10":[81,0],"11":[81,0],"12":[19,1],"13":[3,0],"14":[2,1],"15":[1,1],"16":[12,1],"17":[12,0],"18":[12,0],"19":[12,0],"20":[1,31],"21":[2,0],"22":[2,0],"23":[2,0],"24":[1,1],"25":[9,0],"26":[9,0],"27":[8,1],"28":[7,1],"29":[1,6],"30":[0,6],"31":[0,0],"32":[2,1],"33":[0,2],"34":[0,2],"35":[0,2],"36":[1,0],"37":[0,1],"38":[0,1],"39":[1,2],"40":[0,1],"41":[1,0],"42":[0,1],"43":[0,1],"44":[1,1]},"f":{"1":47,"2":5,"3":23,"4":23,"5":20,"6":29,"7":19,"8":3,"9":20,"10":12,"11":32,"12":2,"13":7,"14":2,"15":1,"16":1,"17":1,"18":2,"19":7,"20":3,"21":2},"fnMap":{"1":{"name":"onlySigner","line":124,"loc":{"start":{"line":124,"column":4},"end":{"line":127,"column":4}}},"2":{"name":"onlySelf","line":129,"loc":{"start":{"line":129,"column":4},"end":{"line":132,"column":4}}},"3":{"name":"txExists","line":134,"loc":{"start":{"line":134,"column":4},"end":{"line":137,"column":4}}},"4":{"name":"notExecuted","line":139,"loc":{"start":{"line":139,"column":4},"end":{"line":142,"column":4}}},"5":{"name":"notExpired","line":144,"loc":{"start":{"line":144,"column":4},"end":{"line":147,"column":4}}},"6":{"name":"constructor","line":159,"loc":{"start":{"line":156,"column":4},"end":{"line":176,"column":4}}},"7":{"name":"submitTransaction","line":191,"loc":{"start":{"line":187,"column":4},"end":{"line":193,"column":4}}},"8":{"name":"submitTransactionWithExpiry","line":208,"loc":{"start":{"line":203,"column":4},"end":{"line":212,"column":4}}},"9":{"name":"_submitTransaction","line":214,"loc":{"start":{"line":214,"column":4},"end":{"line":238,"column":4}}},"10":{"name":"confirmTransaction","line":249,"loc":{"start":{"line":244,"column":4},"end":{"line":252,"column":4}}},"11":{"name":"_confirmTransaction","line":254,"loc":{"start":{"line":254,"column":4},"end":{"line":261,"column":4}}},"12":{"name":"revokeConfirmation","line":271,"loc":{"start":{"line":267,"column":4},"end":{"line":279,"column":4}}},"13":{"name":"executeTransaction","line":290,"loc":{"start":{"line":285,"column":4},"end":{"line":311,"column":4}}},"14":{"name":"addSigner","line":319,"loc":{"start":{"line":319,"column":4},"end":{"line":328,"column":4}}},"15":{"name":"removeSigner","line":334,"loc":{"start":{"line":334,"column":4},"end":{"line":357,"column":4}}},"16":{"name":"changeThreshold","line":363,"loc":{"start":{"line":363,"column":4},"end":{"line":371,"column":4}}},"17":{"name":"getSigners","line":378,"loc":{"start":{"line":378,"column":4},"end":{"line":380,"column":4}}},"18":{"name":"getSignerCount","line":385,"loc":{"start":{"line":385,"column":4},"end":{"line":387,"column":4}}},"19":{"name":"getTransaction","line":392,"loc":{"start":{"line":392,"column":4},"end":{"line":411,"column":4}}},"20":{"name":"hasConfirmed","line":416,"loc":{"start":{"line":416,"column":4},"end":{"line":418,"column":4}}},"21":{"name":"getConfirmationsNeeded","line":423,"loc":{"start":{"line":423,"column":4},"end":{"line":427,"column":4}}}},"statementMap":{"1":{"start":{"line":125,"column":8},"end":{"line":125,"column":53}},"2":{"start":{"line":130,"column":8},"end":{"line":130,"column":64}},"3":{"start":{"line":135,"column":8},"end":{"line":135,"column":81}},"4":{"start":{"line":140,"column":8},"end":{"line":140,"column":76}},"5":{"start":{"line":145,"column":8},"end":{"line":145,"column":87}},"6":{"start":{"line":160,"column":8},"end":{"line":160,"column":75}},"7":{"start":{"line":161,"column":8},"end":{"line":161,"column":66}},"8":{"start":{"line":162,"column":8},"end":{"line":162,"column":64}},"9":{"start":{"line":163,"column":8},"end":{"line":163,"column":74}},"10":{"start":{"line":165,"column":8},"end":{"line":165,"column":4597}},"11":{"start":{"line":166,"column":12},"end":{"line":166,"column":40}},"12":{"start":{"line":167,"column":12},"end":{"line":167,"column":58}},"13":{"start":{"line":168,"column":12},"end":{"line":168,"column":57}},"14":{"start":{"line":171,"column":12},"end":{"line":171,"column":31}},"15":{"start":{"line":172,"column":12},"end":{"line":172,"column":36}},"16":{"start":{"line":192,"column":8},"end":{"line":192,"column":66}},"17":{"start":{"line":209,"column":8},"end":{"line":209,"column":53}},"18":{"start":{"line":210,"column":8},"end":{"line":210,"column":52}},"19":{"start":{"line":211,"column":8},"end":{"line":211,"column":58}},"20":{"start":{"line":232,"column":8},"end":{"line":232,"column":68}},"21":{"start":{"line":235,"column":8},"end":{"line":235,"column":32}},"22":{"start":{"line":237,"column":8},"end":{"line":237,"column":19}},"23":{"start":{"line":251,"column":8},"end":{"line":251,"column":32}},"24":{"start":{"line":255,"column":8},"end":{"line":255,"column":70}},"25":{"start":{"line":260,"column":8},"end":{"line":260,"column":51}},"26":{"start":{"line":273,"column":8},"end":{"line":273,"column":67}},"27":{"start":{"line":278,"column":8},"end":{"line":278,"column":49}},"28":{"start":{"line":292,"column":8},"end":{"line":292,"column":52}},"29":{"start":{"line":294,"column":8},"end":{"line":294,"column":75}},"30":{"start":{"line":298,"column":8},"end":{"line":298,"column":85}},"31":{"start":{"line":300,"column":8},"end":{"line":300,"column":8248}},"32":{"start":{"line":302,"column":12},"end":{"line":302,"column":8342}},"33":{"start":{"line":310,"column":8},"end":{"line":310,"column":50}},"34":{"start":{"line":320,"column":8},"end":{"line":320,"column":56}},"35":{"start":{"line":321,"column":8},"end":{"line":321,"column":58}},"36":{"start":{"line":322,"column":8},"end":{"line":322,"column":68}},"37":{"start":{"line":325,"column":8},"end":{"line":325,"column":27}},"38":{"start":{"line":327,"column":8},"end":{"l
[...]
loc":{"start":{"line":123,"column":4},"end":{"line":125,"column":4}}},"6":{"name":"setEncryptedSecretsUrls","line":127,"loc":{"start":{"line":127,"column":4},"end":{"line":129,"column":4}}},"7":{"name":"setAuthorizedCaller","line":131,"loc":{"start":{"line":131,"column":4},"end":{"line":133,"column":4}}},"8":{"name":"requestVerification","line":147,"loc":{"start":{"line":147,"column":4},"end":{"line":204,"column":4}}},"9":{"name":"fulfillRequest","line":210,"loc":{"start":{"line":210,"column":4},"end":{"line":254,"column":4}}},"10":{"name":"getVerificationResult","line":260,"loc":{"start":{"line":260,"column":4},"end":{"line":275,"column":4}}},"11":{"name":"getRequestStatus","line":277,"loc":{"start":{"line":277,"column":4},"end":{"line":290,"column":4}}},"12":{"name":"isVerified","line":292,"loc":{"start":{"line":292,"column":4},"end":{"line":294,"column":4}}},"13":{"name":"_bytes32ToString","line":300,"loc":{"start":{"line":300,"column":4},"end":{"line":310,"column":4}}},"14":{"name":"_char","line":312,"loc":{"start":{"line":312,"column":4},"end":{"line":315,"column":4}}},"15":{"name":"_uint256ToString","line":317,"loc":{"start":{"line":317,"column":4},"end":{"line":332,"column":4}}},"16":{"name":"_getDefaultVerificationSource","line":334,"loc":{"start":{"line":334,"column":4},"end":{"line":377,"column":4}}}},"statementMap":{"1":{"start":{"line":154,"column":8},"end":{"line":154,"column":4754}},"2":{"start":{"line":158,"column":8},"end":{"line":158,"column":4877}},"3":{"start":{"line":163,"column":8},"end":{"line":163,"column":43}},"4":{"start":{"line":164,"column":8},"end":{"line":164,"column":67}},"5":{"start":{"line":167,"column":8},"end":{"line":167,"column":46}},"6":{"start":{"line":173,"column":8},"end":{"line":173,"column":24}},"7":{"start":{"line":176,"column":8},"end":{"line":176,"column":5496}},"8":{"start":{"line":177,"column":12},"end":{"line":177,"column":56}},"9":{"start":{"line":201,"column":8},"end":{"line":201,"column":66}},"10":{"start":{"line":203,"column":8},"end":{"line":203,"column":24}},"11":{"start":{"line":215,"column":8},"end":{"line":215,"column":65}},"12":{"start":{"line":217,"column":8},"end":{"line":217,"column":6604}},"13":{"start":{"line":221,"column":8},"end":{"line":221,"column":6698}},"14":{"start":{"line":227,"column":8},"end":{"line":227,"column":6823}},"15":{"start":{"line":228,"column":12},"end":{"line":228,"column":68}},"16":{"start":{"line":229,"column":12},"end":{"line":229,"column":18}},"17":{"start":{"line":233,"column":8},"end":{"line":233,"column":7122}},"18":{"start":{"line":247,"column":8},"end":{"line":247,"column":7543}},"19":{"start":{"line":267,"column":8},"end":{"line":267,"column":59}},"20":{"start":{"line":268,"column":8},"end":{"line":268,"column":8137}},"21":{"start":{"line":283,"column":8},"end":{"line":283,"column":64}},"22":{"start":{"line":284,"column":8},"end":{"line":284,"column":8572}},"23":{"start":{"line":293,"column":8},"end":{"line":293,"column":40}},"24":{"start":{"line":301,"column":8},"end":{"line":301,"column":47}},"25":{"start":{"line":302,"column":8},"end":{"line":302,"column":9108}},"26":{"start":{"line":303,"column":12},"end":{"line":303,"column":32}},"27":{"start":{"line":304,"column":12},"end":{"line":304,"column":45}},"28":{"start":{"line":305,"column":12},"end":{"line":305,"column":45}},"29":{"start":{"line":309,"column":8},"end":{"line":309,"column":33}},"30":{"start":{"line":313,"column":8},"end":{"line":313,"column":9518}},"31":{"start":{"line":313,"column":27},"end":{"line":313,"column":57}},"32":{"start":{"line":314,"column":13},"end":{"line":314,"column":43}},"33":{"start":{"line":318,"column":8},"end":{"line":318,"column":34}},"34":{"start":{"line":318,"column":24},"end":{"line":318,"column":34}},"35":{"start":{"line":319,"column":8},"end":{"line":319,"column":28}},"36":{"start":{"line":320,"column":8},"end":{"line":320,"column":22}},"37":{"start":{"line":321,"column":8},"end":{"line":321,"column":9769}},"38":{"start":{"line":325,"column":8},"end":{"line":325,"column":47}},"39":{"start":{"line":326,"column":8},"end":{"line":326,"column":9902}},"40":{"start":{"line":331,"column":8},"end":{"line":331,"column":29}},"41":{"start":{"line":335,"column":8},"end":{"line":335,"column":10236}}},"branchMap":{"1":{"line":111,"type":"if","locations":[{"start":{"line":111,"column":47},"end":{"line":111,"column":47}},{"start":{"line":111,"column":47},"end":{"line":111,"column":47}}]},"2":{"line":115,"type":"if","locations":[{"start":{"line":115,"column":64},"end":{"line":115,"column":64}},{"start":{"line":115,"column":64},"end":{"line":115,"column":64}}]},"3":{"line":119,"type":"if","locations":[{"start":{"line":119,"column":52},"end":{"line":119,"column":52}},{"start":{"line":119,"column":52},"end":{"line":119,"column":52}}]},"4":{"line":123,"type":"if","locations":[{"start":{"line":123,"column":69},"end":{"line":123,"column":69}},{"start":{"line":123,"column":69},"end":{"line":123,"column":69}}]},"5":{"line":127,"type":"if","locations":[{"start":{"line":127,"column":68},"end":{"line":127,"column":68}},{"start":{"line":127,"column":68},"end":{"line":127,"column":68}}]},"6":{"line":131,"type":"if","locations":[{"start":{"line":131,"column":75},"end":{"line":131,"column":75}},{"start":{"line":131,"column":75},"end":{"line":131,"column":75}}]},"7":{"line":154,"type":"if","locations":[{"start":{"line":154,"column":8},"end":{"line":154,"column":8}},{"start":{"line":154,"column":8},"end":{"line":154,"column":8}}]},"8":{"line":158,"type":"if","locations":[{"start":{"line":158,"column":8},"end":{"line":158,"column":8}},{"start":{"line":158,"column":8},"end":{"line":158,"column":8}}]},"9":{"line":176,"type":"if","locations":[{"start":{"line":176,"column":8},"end":{"line":176,"column":8}},{"start":{"line":176,"column":8},"end":{"line":176,"column":8}}]},"10":{"line":217,"type":"if","locations":[{"start":{"line":217,"column":8},"end":{"line":217,"column":8}},{"start":{"line":217,"column":8},"end":{"line":217,"column":8}}]},"11":{"line":221,"type":"if","locations":[{"start":{"line":221,"column":8},"end":{"line":221,"column":8}},{"start":{"line":221,"column":8},"end":{"line":221,"column":8}}]},"12":{"line":227,"type":"if","locations":[{"start":{"line":227,"column":8},"end":{"line":227,"column":8}},{"start":{"line":227,"column":8},"end":{"line":227,"column":8}}]},"13":{"line":313,"type":"if","locations":[{"start":{"line":313,"column":8},"end":{"line":313,"column":8}},{"start":{"line":313,"column":8},"end":{"line":313,"column":8}}]},"14":{"line":318,"type":"if","locations":[{"start":{"line":318,"column":8},"end":{"line":318,"column":8}},{"start":{"line":318,"column":8},"end":{"line":318,"column":8}}]}}},"contracts/security/CircuitBreaker.sol":{"l":{"123":0,"124":0,"126":0,"130":0,"131":0,"135":0,"136":0,"143":0,"147":0,"148":0,"149":0,"151":0,"153":0,"154":0,"155":0,"158":0,"159":0,"169":0,"170":0,"171":0,"178":0,"179":0,"180":0,"189":0,"190":0,"191":0,"192":0,"193":0,"194":0,"196":0,"204":0,"207":0,"208":0,"211":0,"212":0,"213":0,"215":0,"225":0,"226":0,"229":0,"230":0,"232":0,"243":0,"244":0,"247":0,"250":0,"251":0,"252":0,"256":0,"257":0,"258":0,"262":0,"263":0,"264":0,"267":0,"268":0,"278":0,"279":0,"282":0,"285":0,"286":0,"287":0,"291":0,"292":0,"293":0,"297":0,"298":0,"299":0,"302":0,"303":0,"312":0,"313":0,"320":0,"321":0,"328":0,"335":0,"342":0,"343":0,"350":0,"351":0,"360":0,"361":0,"362":0,"363":0,"374":0,"386":0,"387":0},"path":"/Users/rameshtamilselvan/Downloads/TerraQuraMVP/apps/contracts/contracts/security/CircuitBreaker.sol","s":{"1":0,"2":0,"3":0,"4":0,"5":0,"6":0,"7":0,"8":0,"9":0,"10":0,"11":0,"12":0,"13":0,"14":0,"15":0,"16":0,"17":0,"18":0,"19":0,"20":0,"21":0,"22":0,"23":0,"24":0,"25":0,"26":0,"27":0,"28":0,"29":0,"30":0,"31":0,"32":0,"33":0,"34":0,"35":0,"36":0,"37":0,"38":0,"39":0,"40":0,"41":0,"42":0,"43":0,"44":0,"45":0,"46":0,"47":0,"48":0,"49":0,"50":0},"b":{"1":[0,0],"2":[0,0],"3":[0,0],"4":[0,0],"5":[0,0],"6":[0,0],"7":[0,0],"8":[0,0],"9":[0,0],"10":[0,0],"11":[0,0],"12":[0,0],"13":[0,0],"14":[0,0],"15":[0,0],"16":[0,0],"17":[0,0],"18":[0,0],"19":[0,0],"20":[0,0],"21":[0,0],"22":[0,0],"23":[0,0],"24":[0,0],"25":[0,0],"26":[0,0],"27":[0,0],"28":[0,0],"29":[0,0],"30":[0,0],"31":[0,0],"32":[0,0]},"f":{"1":0,"2":0,"3":0,"4":0,"5":0,"6":0,"7":0,"8":0,"9":0,"10":0,"11":0,"12":0,"13":0,"14":0,"15":0,"16":0,"17":0,"18":0,"19":0,"20":0,"21":0,"22":0},"fnMap":{"1":{"name":"onlyPauser","line":122,"loc":{"start":{"line":122,"column":4},"end":{"line":127,"column":4}}},"2":{"name":"whenNotGloballyPaused","line":129,"loc":{"start":{"line":129,"column":4},"end":{"line":132,"column":4}}},"3":{"name":"whenContractNotPaused","line":134,"loc":{"start":{"line":134,"column":4},"end":{"line":137,"column":4}}},"4":{"name":"constructor","line":142,"loc":{"start":{"line":142,"column":4},"end":{"line":144,"column":4}}},"5":{"name":"initialize","line":146,"loc":{"start":{"line":146,"column":4},"end":{"line":160,"column":4}}},"6":{"name":"activateGlobalPause","line":168,"loc":{"start":{"line":168,"column":4},"end":{"line":172,"column":4}}},"7":{"name":"deactivateGlobalPause","line":177,"loc":{"start":{"line":177,"column":4},"end":{"line":181,"column":4}}},"8":{"name":"pauseContract","line":188,"loc":{"start":{"line":188,"column":4},"end":{"line":197,"column":4}}},"9":{"name":"unpauseContract","line":203,"loc":{"start":{"line":203,"column":4},"end":{"line":216,"column":4}}},"10":{"name":"setSecurityLevel","line":223,"loc":{"start":{"line":223,"column":4},"end":{"line":233,"column":4}}},"11":{"name":"checkRateLimit","line":242,"loc":{"start":{"line":242,"column":4},"end":{"line":269,"column":4}}},"12":{"name":"checkVolumeLimit","line":277,"loc":{"start":{"line":277,"column":4},"end":{"line":304,"column":4}}},"13":{"name":"addPauser","line":311,"loc":{"start":{"line":311,"column":4},"end":{"line":314,"column":4}}},"14":{"name":"removePauser","line":319,"loc":{"start":{"line":319,"column":4},"end":{"line":322,"column":4}}},"15":{"name":"setRateLimit","line":327,"loc":{"start":{"line":327,"column":4},"end":{"line":329,"column":4}}},"16":{"name":"setVolumeLimit","line":334,"loc":{"start":{"line":334,"column":4},"end":{"line":336,"column":4}}},"17":{"name":"setDefaultLimits","line":341,"loc":{"start":{"line":341,"column":4},"end":{"line":344,"column":4}}},"18":{"name":"registerContract","line":349,"loc":{"start":{"line":349,"column":4},"end":{"line":352,"column":4}}},"19":{"name":"isOperationAllowed","line":359,"loc":{"start":{"line":359,"column":4},"end":{"line":364,"column":4}}},"20":{"name":"getStatus","line":369,"loc":{"start":{"line":369,"column":4},"end":{"line":375,"column":4}}},"21":{"name":"getContractStatus","line":380,"loc":{"start":{"line":380,"column":4},"end":{"line":388,"column":4}}},"22":{"name":"_authorizeUpgrade","line":392,"loc":{"start":{"line":392,"column":4},"end":{"line":392,"column":69}}}},"statementMap":{"1":{"start":{"line":123,"column":8},"end":{"line":123,"column":4116}},"2":{"start":{"line":130,"column":8},"end":{"line":130,"column":48}},"3":{"start":{"line":135,"column":8},"end":{"line":135,"column":75}},"4":{"start":{"line":143,"column":8},"end":{"line":143,"column":29}},"5":{"start":{"line":147,"column":8},"end":{"line":147,"column":23}},"6":{"start":{"line":148,"column":8},"end":{"line":148,"column":4747}},"7":{"start":{"line":149,"column":12},"end":{"line":149,"column":37}},"8":{"start":{"line":151,"column":8},"end":{"line":151,"column":31}},"9":{"start":{"line":159,"column":8},"end":{"line":159,"column":32}},"10":{"start":{"line":171,"column":8},"end":{"line":171,"column":53}},"11":{"start":{"line":180,"column":8},"end":{"line":180,"column":47}},"12":{"start":{"line":189,"column":8},"end":{"line":189,"column":68}},"13":{"start":{"line":196,"column":8},"end":{"line":196,"column":61}},"14":{"start":{"line":204,"column":8},"end":{"line":204,"column":68}},"15":{"start":{"line":207,"column":8},"end":{"line":207,"column":6727}},"16":{"start":{"line":215,"column":8},"end":{"line":215,"column":55}},"17":{"start":{"line":225,"column":8},"end":{"line":225,"column":7330}},"18":{"start":{"line":229,"column":8},"end":{"line":229,"column":52}},"19":{"start":{"line":232,"column":8},"end":{"line":232,"column":58}},"20":{"start":{"line":243,"column":8},"end":{"line":243,"column":7937}},"21":{"start":{"line":244,"column":12},"end":{"line":244,"column":24}},"22":{"start":{"line":247,"column":8},"end":{"line":247,"column":58}},"23":{"start":{"line":250,"column":8},"end":{"line":250,"column":8139}},"24":{"start":{"line":256,"column":8},"end":{"line":256,"column":8344}},"25":{"start":{"line":262,"column":8},"end":{"line":262,"column":8530}},"26":{"start":{"line":263,"column":12},"end":{"line":263,"column":60}},"27":{"start":{"line":264,"column":12},"end":{"line":264,"column":24}},"28":{"start":{"line":268,"column":8},"end":{"line":268,"column":19}},"29":{"start":{"line":278,"column":8},"end":{"line":278,"column":9091}},"30":{"start":{"line":279,"column":12},"end":{"line":279,"column":24}},"31":{"start":{"line":282,"column":8},"end":{"line":282,"column":62}},"32":{"start":{"line":285,"column":8},"end":{"line":285,"column":9297}},"33":{"start":{"line":291,"column":8},"end":{"line":291,"column":9481}},"34":{"start":{"line":297,"column":8},"end":{"line":297,"column":9661}},"35":{"start":{"line":298,"column":12},"end":{"line":298,"column":80}},"36":{"start":{"line":299,"column":12},"end":{"line":299,"column":24}},"37":{"start":{"line":303,"column":8},"end":{"line":303,"column":19}},"38":{"start":{"line":313,"column":8},"end":{"line":313,"column":32}},"39":{"start":{"line":321,"column":8},"end":{"line":321,"column":34}},"40":{"start":{"line":350,"column":8},"end":{"line":350,"column":44}},"41":{"start":{"line":360,"column":8},"end":{"line":360,"column":37}},"42":{"start":{"line":360,"column":25},"end":{"line":360,"column":37}},"43":{"start":{"line":361,"column":8},"end":{"line":361,"column":63}},"44":{"start":{"line":361,"column":51},"end":{"line":361,"column":63}},"45":{"start":{"line":362,"column":8},"end":{"line":362,"column":72}},"46":{"start":{"line":362,"column":60},"end":{"line":362,"column":72}},"47":{"start":{"line":363,"column":8},"end":{"line":363,"column":19}},"48":{"start":{"line":374,"column":8},"end":{"line":374,"column":76}},"49":{"start":{"line":386,"column":8},"end":{"line":386,"column":68}},"50":{"start":{"line":387,"column":8},"end":{"line":387,"column":83}}},"branchMap":{"1":{"line":123,"type":"if","locations":[{"start":{"line":123,"column":8},"end":{"line":123,"column":8}},{"start":{"line":123,"column":8},"end":{"line":123,"column":8}}]},"2":{"line":130,"type":"if","locations":[{"start":{"line":130,"column":8},"end":{"line":130,"column":8}},{"start":{"line":130,"column":8},"end":{"line":130,"column":8}}]},"3":{"line":135,"type":"if","locations":[{"start":{"line":135,"column":8},"end":{"line":135,"column":8}},{"start":{"line":135,"column":8},"end":{"line":135,"column":8}}]},"4":{"line":146,"type":"if","locations":[{"start":{"line":146,"column":47},"end":{"line":146,"column":47}},{"start":{"line":146,"column":47},"end":{"line":146,"column":47}}]},"5":{"line":148,"type":"if","locations":[{"start":{"line":148,"column":8},"end":{"line":148,"column":8}},{"start":{"line":148,"column":8},"end":{"line":148,"column":8}}]},"6":{"line":168,"type":"if","locations":[{"start":{"line":168,"column":66},"end":{"line":168,"column":66}},{"start":{"line":168,"column":66},"end":{"line":168,"column":66}}]},"7":{"line":177,"type":"if","locations":[{"start":{"line":177,"column":46},"end":{"line":177,"column":46}},{"start":{"line":177,"column":46},"end":{"line":177,"column":46}}]},"8":{"line":188,"type":"if","locations":[{"start":{"line":188,"column":82},"end":{"line":188,"column":82}},{"start":{"line":188,"column":82},"end":{"line":188,"column":82}}]},"9":{"line":203,"type":"if","locations":[{"start":{"line":203,"column":60},"end":{"line":203,"column":60}},{"start":{"line":203,"column":60},"end":{"line":203,"column":60}}]},"10":{"line":207,"type":"if","locations":[{"start":{"line":207,"column":8},"end":{"line":207,"column":8}},{"start":{"line":207,"column":8},"end":{"line":207,"column":8}}]},"11":{"line":223,"type":"if","locations":[{"start":{"line":223,"column":84},"end":{"line":223,"column":84}},{"start":{"line":223,"column":84},"end":{"line":223,"column":84}}]},"12":{"line":225,"type":"if","locations":[{"start":{"line":225,"column":8},"end":{"line":225,"column":8}},{"start":{"line":225,"column":8},"end":{"line":225,"column":8}}]},"13":{"line":243,"type":"if","locations":[{"start":{"line":243,"column":8},"end":{"line":243,"column":8}},{"start":{"line":243,"column":8},"end":{"line":243,"column":8}}]},"14":{"line":243,"type":"cond-expr","locations":[{"start":{"line":243,"column":12},"end":{"line":243,"column":22}},{"start":{"line":243,"column":27},"end":{"line":243,"column":63}}]},"15":{"line":250,"type":"if","locations":[{"start":{"line":250,"column":8},"end":{"line":250,"column":8}},{"start":{"line":250,"column":8},"end":{"line":250,"column":8}}]},"16":{"line":256,"type":"if","locations":[{"start":{"line":256,"column":8},"end":{"line":256,"column":8}},{"start":{"line":256,"column":8},"end":{"line":256,"column":8}}]},"17":{"line":262,"type":"if","locations":[{"start":{"line":262,"column":8},"end":{"line":262,"column":8}},{"start":{"line":262,"column":8},"end":{"line":262,"column":8}}]},"18":{"line":278,"type":"if","locations":[{"start":{"line":278,"column":8},"end":{"line":278,"column":8}},{"start":{"line":278,"column":8},"end":{"line":278,"column":8}}]},"19":{"line":278,"type":"cond-expr","locations":[{"start":{"line":278,"column":12},"end":{"line":278,"column":22}},{"start":{"line":278,"column":27},"end":{"line":278,"column":63}}]},"20":{"line":285,"type":"if","locations":[{"start":{"line":285,"column":8},"end":{"line":285,"column":8}},{"start":{"line":285,"column":8},"end":{"line":285,"column":8}}]},"21":{"line":291,"type":"if","locations":[{"start":{"line":291,"column":8},"end":{"line":291,"column":8}},{"start":{"line":291,"column":8},"end":{"line":291,"column":8}}]},"22":{"line":297,"type":"if","locations":[{"start":{"line":297,"column":8},"end":{"line":297,"column":8}},{"start":{"line":297,"column":8},"end":{"line":297,"column":8}}]},"23":{"line":311,"type":"if","locations":[{"start":{"line":311,"column":48},"end":{"line":311,"column":48}},{"start":{"line":311,"column":48},"end":{"line":311,"column":48}}]},"24":{"line":319,"type":"if","locations":[{"start":{"line":319,"column":51},"end":{"line":319,"column":51}},{"start":{"line":319,"column":51},"end":{"line":319,"column":51}}]},"25":{"line":327,"type":"if","locations":[{"start":{"line":327,"column":77},"end":{"line":327,"column":77}},{"start":{"line":327,"column":77},"end":{"line":327,"column":77}}]},"26":{"line":334,"type":"if","locations":[{"start":{"line":334,"column":77},"end":{"line":334,"column":77}},{"start":{"line":334,"column":77},"end":{"line":334,"column":77}}]},"27":{"line":341,"type":"if","locations":[{"start":{"line":341,"column":79},"end":{"line":341,"column":79}},{"start":{"line":341,"column":79},"end":{"line":341,"column":79}}]},"28":{"line":349,"type":"if","locations":[{"start":{"line":349,"column":61},"end":{"line":349,"column":61}},{"start":{"line":349,"column":61},"end":{"line":349,"column":61}}]},"29":{"line":360,"type":"if","locations":[{"start":{"line":360,"column":8},"end":{"line":360,"column":8}},{"start":{"line":360,"column":8},"end":{"line":360,"column":8}}]},"30":{"line":361,"type":"if","locations":[{"start":{"line":361,"column":8},"end":{"line":361,"column":8}},{"start":{"line":361,"column":8},"end":{"line":361,"column":8}}]},"31":{"line":362,"type":"if","locations":[{"start":{"line":362,"column":8},"end":{"line":362,"column":8}},{"start":{"line":362,"column":8},"end":{"line":362,"column":8}}]},"32":{"line":392,"type":"if","locations":[{"start":{"line":392,"column":58},"end":{"line":392,"column":58}},{"start":{"line":392,"column":58},"end":{"line":392,"column":58}}]}}}}