{"contracts/access/TerraQuraAccessControl.sol":{"l":{"124":1,"128":194,"129":194,"130":194,"133":194,"134":194,"135":194,"136":194,"139":194,"140":194,"141":194,"142":194,"143":194,"144":194,"145":194,"148":194,"151":194,"171":20,"172":2,"175":18,"179":18,"188":18,"200":14,"201":14,"215":3,"216":6,"220":6,"221":6,"224":6,"225":6,"227":6,"236":3,"247":20,"248":20,"271":5,"272":5,"293":9,"294":9,"301":3,"319":19,"320":17,"321":17,"322":17,"332":17,"334":17,"335":14,"345":5,"354":4,"355":2,"357":2,"358":2,"372":8,"373":6,"374":4,"375":2,"376":2,"386":5,"404":4},"path":"/Users/rameshtamilselvan/Downloads/aethelred/dApps/terraqura/apps/contracts/contracts/access/TerraQuraAccessControl.sol","s":{"1":1,"2":194,"3":194,"4":194,"5":194,"6":194,"7":194,"8":194,"9":194,"10":194,"11":194,"12":194,"13":194,"14":194,"15":194,"16":194,"17":20,"18":18,"19":18,"20":14,"21":3,"22":6,"23":6,"24":20,"25":20,"26":5,"27":5,"28":9,"29":9,"30":3,"31":19,"32":17,"33":17,"34":17,"35":17,"36":3,"37":14,"38":5,"39":4,"40":2,"41":8,"42":6,"43":4,"44":2,"45":5,"46":4},"b":{"1":[194,0],"2":[20,1],"3":[2,18],"4":[14,4],"5":[14,0],"6":[3,0],"7":[4,2],"8":[4,2],"9":[3,1],"10":[9,0],"11":[3,1],"12":[19,1],"13":[17,2],"14":[3,14],"15":[2,2],"16":[8,0],"17":[6,2],"18":[4,2],"19":[2,2],"20":[0,0]},"f":{"1":1,"2":194,"3":20,"4":14,"5":3,"6":3,"7":20,"8":5,"9":9,"10":3,"11":19,"12":17,"13":5,"14":4,"15":8,"16":5,"17":0,"18":4},"fnMap":{"1":{"name":"constructor","line":123,"loc":{"start":{"line":123,"column":4},"end":{"line":125,"column":4}}},"2":{"name":"initialize","line":127,"loc":{"start":{"line":127,"column":4},"end":{"line":152,"column":4}}},"3":{"name":"updateKycStatus","line":170,"loc":{"start":{"line":165,"column":4},"end":{"line":189,"column":4}}},"4":{"name":"updateSanctionsStatus","line":199,"loc":{"start":{"line":196,"column":4},"end":{"line":202,"column":4}}},"5":{"name":"batchUpdateKycStatus","line":214,"loc":{"start":{"line":210,"column":4},"end":{"line":229,"column":4}}},"6":{"name":"setKycValidityPeriod","line":235,"loc":{"start":{"line":235,"column":4},"end":{"line":237,"column":4}}},"7":{"name":"isKycVerified","line":246,"loc":{"start":{"line":246,"column":4},"end":{"line":252,"column":4}}},"8":{"name":"getKycInfo","line":257,"loc":{"start":{"line":257,"column":4},"end":{"line":280,"column":4}}},"9":{"name":"emergencyPause","line":292,"loc":{"start":{"line":290,"column":4},"end":{"line":295,"column":4}}},"10":{"name":"unpause","line":300,"loc":{"start":{"line":300,"column":4},"end":{"line":302,"column":4}}},"11":{"name":"grantRoleWithExpiry","line":318,"loc":{"start":{"line":314,"column":4},"end":{"line":323,"column":4}}},"12":{"name":"isRoleExpired","line":331,"loc":{"start":{"line":331,"column":4},"end":{"line":336,"column":4}}},"13":{"name":"hasValidRole","line":344,"loc":{"start":{"line":344,"column":4},"end":{"line":346,"column":4}}},"14":{"name":"revokeExpiredRole","line":353,"loc":{"start":{"line":353,"column":4},"end":{"line":359,"column":4}}},"15":{"name":"extendRoleExpiry","line":371,"loc":{"start":{"line":367,"column":4},"end":{"line":377,"column":4}}},"16":{"name":"hasRoleAndKyc","line":382,"loc":{"start":{"line":382,"column":4},"end":{"line":387,"column":4}}},"17":{"name":"_authorizeUpgrade","line":395,"loc":{"start":{"line":393,"column":4},"end":{"line":395,"column":49}}},"18":{"name":"supportsInterface","line":401,"loc":{"start":{"line":401,"column":4},"end":{"line":405,"column":4}}}},"statementMap":{"1":{"start":{"line":124,"column":8},"end":{"line":124,"column":29}},"2":{"start":{"line":128,"column":8},"end":{"line":128,"column":29}},"3":{"start":{"line":129,"column":8},"end":{"line":129,"column":24}},"4":{"start":{"line":130,"column":8},"end":{"line":130,"column":31}},"5":{"start":{"line":133,"column":8},"end":{"line":133,"column":44}},"6":{"start":{"line":134,"column":8},"end":{"line":134,"column":36}},"7":{"start":{"line":135,"column":8},"end":{"line":135,"column":39}},"8":{"start":{"line":136,"column":8},"end":{"line":136,"column":37}},"9":{"start":{"line":139,"column":8},"end":{"line":139,"column":47}},"10":{"start":{"line":140,"column":8},"end":{"line":140,"column":47}},"11":{"start":{"line":141,"column":8},"end":{"line":141,"column":45}},"12":{"start":{"line":142,"column":8},"end":{"line":142,"column":49}},"13":{"start":{"line":143,"column":8},"end":{"line":143,"column":46}},"14":{"start":{"line":144,"column":8},"end":{"line":144,"column":47}},"15":{"start":{"line":145,"column":8},"end":{"line":145,"column":45}},"16":{"start":{"line":148,"column":8},"end":{"line":148,"column":47}},"17":{"start":{"line":171,"column":8},"end":{"line":171,"column":5703}},"18":{"start":{"line":175,"column":8},"end":{"line":175,"column":5837}},"19":{"start":{"line":188,"column":8},"end":{"line":188,"column":67}},"20":{"start":{"line":201,"column":8},"end":{"line":201,"column":53}},"21":{"start":{"line":215,"column":8},"end":{"line":215,"column":7164}},"22":{"start":{"line":216,"column":12},"end":{"line":216,"column":7235}},"23":{"start":{"line":227,"column":12},"end":{"line":227,"column":75}},"24":{"start":{"line":247,"column":8},"end":{"line":247,"column":50}},"25":{"start":{"line":248,"column":8},"end":{"line":248,"column":8325}},"26":{"start":{"line":271,"column":8},"end":{"line":271,"column":50}},"27":{"start":{"line":272,"column":8},"end":{"line":272,"column":8879}},"28":{"start":{"line":293,"column":8},"end":{"line":293,"column":15}},"29":{"start":{"line":294,"column":8},"end":{"line":294,"column":47}},"30":{"start":{"line":301,"column":8},"end":{"line":301,"column":17}},"31":{"start":{"line":319,"column":8},"end":{"line":319,"column":71}},"32":{"start":{"line":320,"column":8},"end":{"line":320,"column":32}},"33":{"start":{"line":322,"column":8},"end":{"line":322,"column":60}},"34":{"start":{"line":332,"column":8},"end":{"line":332,"column":54}},"35":{"start":{"line":334,"column":8},"end":{"line":334,"column":37}},"36":{"start":{"line":334,"column":25},"end":{"line":334,"column":37}},"37":{"start":{"line":335,"column":8},"end":{"line":335,"column":39}},"38":{"start":{"line":345,"column":8},"end":{"line":345,"column":70}},"39":{"start":{"line":354,"column":8},"end":{"line":354,"column":11535}},"40":{"start":{"line":357,"column":8},"end":{"line":357,"column":33}},"41":{"start":{"line":372,"column":8},"end":{"line":372,"column":68}},"42":{"start":{"line":373,"column":8},"end":{"line":373,"column":78}},"43":{"start":{"line":374,"column":8},"end":{"line":374,"column":91}},"44":{"start":{"line":376,"column":8},"end":{"line":376,"column":63}},"45":{"start":{"line":386,"column":8},"end":{"line":386,"column":63}},"46":{"start":{"line":404,"column":8},"end":{"line":404,"column":51}}},"branchMap":{"1":{"line":127,"type":"if","locations":[{"start":{"line":127,"column":46},"end":{"line":127,"column":46}},{"start":{"line":127,"column":46},"end":{"line":127,"column":46}}]},"2":{"line":170,"type":"if","locations":[{"start":{"line":170,"column":15},"end":{"line":170,"column":15}},{"start":{"line":170,"column":15},"end":{"line":170,"column":15}}]},"3":{"line":171,"type":"if","locations":[{"start":{"line":171,"column":8},"end":{"line":171,"column":8}},{"start":{"line":171,"column":8},"end":{"line":171,"column":8}}]},"4":{"line":176,"type":"if","locations":[{"start":{"line":176,"column":14},"end":{"line":176,"column":48}},{"start":{"line":177,"column":14},"end":{"line":177,"column":14}}]},"5":{"line":199,"type":"if","locations":[{"start":{"line":199,"column":15},"end":{"line":199,"column":15}},{"start":{"line":199,"column":15},"end":{"line":199,"column":15}}]},"6":{"line":214,"type":"if","locations":[{"start":{"line":214,"column":15},"end":{"line":214,"column":15}},{"start":{"line":214,"column":15},"end":{"line":214,"column":15}}]},"7":{"line":217,"type":"if","locations":[{"start":{"line":217,"column":18},"end":{"line":217,"column":52}},{"start":{"line":218,"column":18},"end":{"line":218,"column":18}}]},"8":{"line":222,"type":"if","locations":[{"start":{"line":222,"column":18},"end":{"line":222,"column":32}},{"start":{"line":223,"column":18},"end":{"line":223,"column":18}}]},"9":{"line":235,"type":"if","locations":[{"start":{"line":235,"column":59},"end":{"line":235,"column":59}},{"start":{"line":235,"column":59},"end":{"line":235,"column":59}}]},"10":{"line":292,"type":"if","locations":[{"start":{"line":292,"column":15},"end":{"line":292,"column":15}},{"start":{"line":292,"column":15},"end":{"line":292,"column":15}}]},"11":{"line":300,"type":"if","locations":[{"start":{"line":300,"column":32},"end":{"line":300,"column":32}},{"start":{"line":300,"column":32},"end":{"line":300,"column":32}}]},"12":{"line":318,"type":"if","locations":[{"start":{"line":318,"column":15},"end":{"line":318,"column":15}},{"start":{"line":318,"column":15},"end":{"line":318,"column":15}}]},"13":{"line":319,"type":"if","locations":[{"start":{"line":319,"column":8},"end":{"line":319,"column":8}},{"start":{"line":319,"column":8},"end":{"line":319,"column":8}}]},"14":{"line":334,"type":"if","locations":[{"start":{"line":334,"column":8},"end":{"line":334,"column":8}},{"start":{"line":334,"column":8},"end":{"line":334,"column":8}}]},"15":{"line":354,"type":"if","locations":[{"start":{"line":354,"column":8},"end":{"line":354,"column":8}},{"start":{"line":354,"column":8},"end":{"line":354,"column":8}}]},"16":{"line":371,"type":"if","locations":[{"start":{"line":371,"column":15},"end":{"line":371,"column":15}},{"start":{"line":371,"column":15},"end":{"line":371,"column":15}}]},"17":{"line":372,"type":"if","locations":[{"start":{"line":372,"column":8},"end":{"line":372,"column":8}},{"start":{"line":372,"column":8},"end":{"line":372,"column":8}}]},"18":{"line":373,"type":"if","locations":[{"start":{"line":373,"column":8},"end":{"line":373,"column":8}},{"start":{"line":373,"column":8},"end":{"line":373,"column":8}}]},"19":{"line":374,"type":"if","locations":[{"start":{"line":374,"column":8},"end":{"line":374,"column":8}},{"start":{"line":374,"column":8},"end":{"line":374,"column":8}}]},"20":{"line":395,"type":"if","locations":[{"start":{"line":395,"column":24},"end":{"line":395,"column":24}},{"start":{"line":395,"column":24},"end":{"line":395,"column":24}}]}}},"contracts/compliance/ComplianceRegistry.sol":{"l":{"52":13,"54":1,"56":12,"60":12,"61":11,"68":1,"72":3,"73":3,"76":3,"77":3,"78":3,"79":3,"80":3,"81":3,"82":3,"96":11,"97":10,"99":9,"107":9,"109":9,"123":9,"124":8,"125":1,"128":7,"135":7,"136":7,"137":7,"140":7,"154":3,"156":3,"163":3,"175":4,"176":4,"177":2,"178":1,"188":2,"197":1,"198":1,"200":1,"201":1,"203":1,"204":2,"205":2,"206":2,"209":1,"218":1,"222":1,"226":1},"path":"/Users/rameshtamilselvan/Downloads/aethelred/dApps/terraqura/apps/contracts/contracts/compliance/ComplianceRegistry.sol","s":{"1":13,"2":12,"3":1,"4":3,"5":3,"6":3,"7":3,"8":3,"9":3,"10":3,"11":3,"12":11,"13":10,"14":9,"15":9,"16":9,"17":8,"18":7,"19":7,"20":7,"21":3,"22":3,"23":4,"24":4,"25":2,"26":2,"27":1,"28":1,"29":2,"30":1,"31":1,"32":1,"33":1,"34":1,"35":2,"36":1,"37":1,"38":1},"b":{"1":[1,12],"2":[1,11],"3":[3,0],"4":[11,1],"5":[1,10],"6":[1,9],"7":[9,1],"8":[1,8],"9":[1,7],"10":[7,0],"11":[3,0],"12":[0,3],"13":[2,2],"14":[1,1],"15":[0,0]},"f":{"1":13,"2":12,"3":1,"4":3,"5":11,"6":9,"7":3,"8":4,"9":2,"10":1,"11":1,"12":1,"13":1,"14":0},"fnMap":{"1":{"name":"onlyCompliance","line":51,"loc":{"start":{"line":51,"column":4},"end":{"line":57,"column":4}}},"2":{"name":"onlyAdmin","line":59,"loc":{"start":{"line":59,"column":4},"end":{"line":62,"column":4}}},"3":{"name":"constructor","line":67,"loc":{"start":{"line":67,"column":4},"end":{"line":69,"column":4}}},"4":{"name":"initialize","line":71,"loc":{"start":{"line":71,"column":4},"end":{"line":83,"column":4}}},"5":{"name":"registerJurisdiction","line":95,"loc":{"start":{"line":90,"column":4},"end":{"line":110,"column":4}}},"6":{"name":"setEntityCompliance","line":122,"loc":{"start":{"line":117,"column":4},"end":{"line":141,"column":4}}},"7":{"name":"setCreditCompliance","line":153,"loc":{"start":{"line":148,"column":4},"end":{"line":164,"column":4}}},"8":{"name":"isCompliant","line":171,"loc":{"start":{"line":171,"column":4},"end":{"line":179,"column":4}}},"9":{"name":"isCreditCompliant","line":184,"loc":{"start":{"line":184,"column":4},"end":{"line":189,"column":4}}},"10":{"name":"getComplianceReport","line":194,"loc":{"start":{"line":194,"column":4},"end":{"line":215,"column":4}}},"11":{"name":"getJurisdiction","line":217,"loc":{"start":{"line":217,"column":4},"end":{"line":219,"column":4}}},"12":{"name":"getJurisdictionCount","line":221,"loc":{"start":{"line":221,"column":4},"end":{"line":223,"column":4}}},"13":{"name":"getSupportedStandards","line":225,"loc":{"start":{"line":225,"column":4},"end":{"line":227,"column":4}}},"14":{"name":"_authorizeUpgrade","line":231,"loc":{"start":{"line":231,"column":4},"end":{"line":231,"column":69}}}},"statementMap":{"1":{"start":{"line":52,"column":8},"end":{"line":52,"column":1715}},"2":{"start":{"line":60,"column":8},"end":{"line":60,"column":97}},"3":{"start":{"line":68,"column":8},"end":{"line":68,"column":29}},"4":{"start":{"line":72,"column":8},"end":{"line":72,"column":31}},"5":{"start":{"line":76,"column":8},"end":{"line":76,"column":43}},"6":{"start":{"line":77,"column":8},"end":{"line":77,"column":47}},"7":{"start":{"line":78,"column":8},"end":{"line":78,"column":37}},"8":{"start":{"line":79,"column":8},"end":{"line":79,"column":37}},"9":{"start":{"line":80,"column":8},"end":{"line":80,"column":37}},"10":{"start":{"line":81,"column":8},"end":{"line":81,"column":40}},"11":{"start":{"line":82,"column":8},"end":{"line":82,"column":40}},"12":{"start":{"line":96,"column":8},"end":{"line":96,"column":65}},"13":{"start":{"line":97,"column":8},"end":{"line":97,"column":85}},"14":{"start":{"line":107,"column":8},"end":{"line":107,"column":42}},"15":{"start":{"line":109,"column":8},"end":{"line":109,"column":81}},"16":{"start":{"line":123,"column":8},"end":{"line":123,"column":83}},"17":{"start":{"line":124,"column":8},"end":{"line":124,"column":3961}},"18":{"start":{"line":135,"column":8},"end":{"line":135,"column":4327}},"19":{"start":{"line":136,"column":12},"end":{"line":136,"column":58}},"20":{"start":{"line":140,"column":8},"end":{"line":140,"column":89}},"21":{"start":{"line":154,"column":8},"end":{"line":154,"column":83}},"22":{"start":{"line":163,"column":8},"end":{"line":163,"column":89}},"23":{"start":{"line":175,"column":8},"end":{"line":175,"column":75}},"24":{"start":{"line":176,"column":8},"end":{"line":176,"column":65}},"25":{"start":{"line":176,"column":53},"end":{"line":176,"column":65}},"26":{"start":{"line":177,"column":8},"end":{"line":177,"column":90}},"27":{"start":{"line":177,"column":78},"end":{"line":177,"column":90}},"28":{"start":{"line":178,"column":8},"end":{"line":178,"column":19}},"29":{"start":{"line":188,"column":8},"end":{"line":188,"column":65}},"30":{"start":{"line":197,"column":8},"end":{"line":197,"column":59}},"31":{"start":{"line":198,"column":8},"end":{"line":198,"column":33}},"32":{"start":{"line":200,"column":8},"end":{"line":200,"column":72}},"33":{"start":{"line":201,"column":8},"end":{"line":201,"column":54}},"34":{"start":{"line":203,"column":8},"end":{"line":203,"column":6489}},"35":{"start":{"line":204,"column":12},"end":{"line":204,"column":74}},"36":{"start":{"line":218,"column":8},"end":{"line":218,"column":41}},"37":{"start":{"line":222,"column":8},"end":{"line":222,"column":39}},"38":{"start":{"line":226,"column":8},"end":{"line":226,"column":33}}},"branchMap":{"1":{"line":52,"type":"if","locations":[{"start":{"line":52,"column":8},"end":{"line":52,"column":8}},{"start":{"line":52,"column":8},"end":{"line":52,"column":8}}]},"2":{"line":60,"type":"if","locations":[{"start":{"line":60,"column":8},"end":{"line":60,"column":8}},{"start":{"line":60,"column":8},"end":{"line":60,"column":8}}]},"3":{"line":71,"type":"if","locations":[{"start":{"line":71,"column":55},"end":{"line":71,"column":55}},{"start":{"line":71,"column":55},"end":{"line":71,"column":55}}]},"4":{"line":95,"type":"if","locations":[{"start":{"line":95,"column":24},"end":{"line":95,"column":24}},{"start":{"line":95,"column":24},"end":{"line":95,"column":24}}]},"5":{"line":96,"type":"if","locations":[{"start":{"line":96,"column":8},"end":{"line":96,"column":8}},{"start":{"line":96,"column":8},"end":{"line":96,"column":8}}]},"6":{"line":97,"type":"if","locations":[{"start":{"line":97,"column":8},"end":{"line":97,"column":8}},{"start":{"line":97,"column":8},"end":{"line":97,"column":8}}]},"7":{"line":122,"type":"if","locations":[{"start":{"line":122,"column":24},"end":{"line":122,"column":24}},{"start":{"line":122,"column":24},"end":{"line":122,"column":24}}]},"8":{"line":123,"type":"if","locations":[{"start":{"line":123,"column":8},"end":{"line":123,"column":8}},{"start":{"line":123,"column":8},"end":{"line":123,"column":8}}]},"9":{"line":124,"type":"if","locations":[{"start":{"line":124,"column":8},"end":{"line":124,"column":8}},{"start":{"line":124,"column":8},"end":{"line":124,"column":8}}]},"10":{"line":135,"type":"if","locations":[{"start":{"line":135,"column":8},"end":{"line":135,"column":8}},{"start":{"line":135,"column":8},"end":{"line":135,"column":8}}]},"11":{"line":153,"type":"if","locations":[{"start":{"line":153,"column":24},"end":{"line":153,"column":24}},{"start":{"line":153,"column":24},"end":{"line":153,"column":24}}]},"12":{"line":154,"type":"if","locations":[{"start":{"line":154,"column":8},"end":{"line":154,"column":8}},{"start":{"line":154,"column":8},"end":{"line":154,"column":8}}]},"13":{"line":176,"type":"if","locations":[{"start":{"line":176,"column":8},"end":{"line":176,"column":8}},{"start":{"line":176,"column":8},"end":{"line":176,"column":8}}]},"14":{"line":177,"type":"if","locations":[{"start":{"line":177,"column":8},"end":{"line":177,"column":8}},{"start":{"line":177,"column":8},"end":{"line":177,"column":8}}]},"15":{"line":231,"type":"if","locations":[{"start":{"line":231,"column":58},"end":{"line":231,"column":58}},{"start":{"line":231,"column":58},"end":{"line":231,"column":58}}]}}},"contracts/compliance/ITMORegistry.sol":{"l":{"53":37,"55":1,"57":36,"61":0,"62":0,"69":1,"73":4,"74":4,"75":4,"90":19,"91":18,"92":17,"95":16,"97":15,"99":15,"110":15,"112":15,"113":15,"115":15,"123":7,"124":7,"126":6,"127":6,"130":6,"131":6,"133":6,"141":4,"142":4,"144":3,"147":3,"148":3,"150":3,"157":4,"158":4,"159":1,"163":3,"164":1,"165":1,"166":1,"169":3,"172":3,"174":3,"188":2,"189":2,"191":2,"192":2,"203":7,"212":1,"216":4},"path":"/Users/rameshtamilselvan/Downloads/aethelred/dApps/terraqura/apps/contracts/contracts/compliance/ITMORegistry.sol","s":{"1":37,"2":0,"3":1,"4":4,"5":19,"6":18,"7":17,"8":16,"9":15,"10":15,"11":15,"12":7,"13":7,"14":6,"15":4,"16":4,"17":3,"18":4,"19":4,"20":3,"21":3,"22":2,"23":2,"24":7,"25":1,"26":4},"b":{"1":[1,36],"2":[0,0],"3":[4,0],"4":[19,1],"5":[1,18],"6":[1,0],"7":[1,17],"8":[1,16],"9":[1,15],"10":[7,0],"11":[1,6],"12":[4,0],"13":[1,3],"14":[4,0],"15":[1,3],"16":[1,0],"17":[1,2],"18":[2,0],"19":[0,2],"20":[0,2],"21":[0,0]},"f":{"1":37,"2":0,"3":1,"4":4,"5":19,"6":7,"7":4,"8":4,"9":2,"10":7,"11":1,"12":4,"13":0},"fnMap":{"1":{"name":"onlyCompliance","line":52,"loc":{"start":{"line":52,"column":4},"end":{"line":58,"column":4}}},"2":{"name":"onlyAdmin","line":60,"loc":{"start":{"line":60,"column":4},"end":{"line":63,"column":4}}},"3":{"name":"constructor","line":68,"loc":{"start":{"line":68,"column":4},"end":{"line":70,"column":4}}},"4":{"name":"initialize","line":72,"loc":{"start":{"line":72,"column":4},"end":{"line":76,"column":4}}},"5":{"name":"registerTransfer","line":89,"loc":{"start":{"line":83,"column":4},"end":{"line":116,"column":4}}},"6":{"name":"authorizeTransfer","line":122,"loc":{"start":{"line":122,"column":4},"end":{"line":134,"column":4}}},"7":{"name":"confirmTransfer","line":140,"loc":{"start":{"line":140,"column":4},"end":{"line":151,"column":4}}},"8":{"name":"rejectTransfer","line":156,"loc":{"start":{"line":156,"column":4},"end":{"line":175,"column":4}}},"9":{"name":"registerOrigination","line":187,"loc":{"start":{"line":184,"column":4},"end":{"line":193,"column":4}}},"10":{"name":"getCountryBalance","line":200,"loc":{"start":{"line":200,"column":4},"end":{"line":204,"column":4}}},"11":{"name":"getTransferHistory","line":209,"loc":{"start":{"line":209,"column":4},"end":{"line":213,"column":4}}},"12":{"name":"getTransfer","line":215,"loc":{"start":{"line":215,"column":4},"end":{"line":217,"column":4}}},"13":{"name":"_authorizeUpgrade","line":221,"loc":{"start":{"line":221,"column":4},"end":{"line":221,"column":69}}}},"statementMap":{"1":{"start":{"line":53,"column":8},"end":{"line":53,"column":1649}},"2":{"start":{"line":61,"column":8},"end":{"line":61,"column":97}},"3":{"start":{"line":69,"column":8},"end":{"line":69,"column":29}},"4":{"start":{"line":73,"column":8},"end":{"line":73,"column":31}},"5":{"start":{"line":90,"column":8},"end":{"line":90,"column":91}},"6":{"start":{"line":91,"column":8},"end":{"line":91,"column":58}},"7":{"start":{"line":92,"column":8},"end":{"line":92,"column":47}},"8":{"start":{"line":95,"column":8},"end":{"line":95,"column":92}},"9":{"start":{"line":112,"column":8},"end":{"line":112,"column":54}},"10":{"start":{"line":113,"column":8},"end":{"line":113,"column":52}},"11":{"start":{"line":115,"column":8},"end":{"line":115,"column":94}},"12":{"start":{"line":123,"column":8},"end":{"line":123,"column":50}},"13":{"start":{"line":124,"column":8},"end":{"line":124,"column":75}},"14":{"start":{"line":133,"column":8},"end":{"line":133,"column":58}},"15":{"start":{"line":141,"column":8},"end":{"line":141,"column":50}},"16":{"start":{"line":142,"column":8},"end":{"line":142,"column":81}},"17":{"start":{"line":150,"column":8},"end":{"line":150,"column":55}},"18":{"start":{"line":157,"column":8},"end":{"line":157,"column":50}},"19":{"start":{"line":158,"column":8},"end":{"line":158,"column":5220}},"20":{"start":{"line":163,"column":8},"end":{"line":163,"column":5439}},"21":{"start":{"line":174,"column":8},"end":{"line":174,"column":41}},"22":{"start":{"line":188,"column":8},"end":{"line":188,"column":65}},"23":{"start":{"line":189,"column":8},"end":{"line":189,"column":47}},"24":{"start":{"line":203,"column":8},"end":{"line":203,"column":43}},"25":{"start":{"line":212,"column":8},"end":{"line":212,"column":45}},"26":{"start":{"line":216,"column":8},"end":{"line":216,"column":36}}},"branchMap":{"1":{"line":53,"type":"if","locations":[{"start":{"line":53,"column":8},"end":{"line":53,"column":8}},{"start":{"line":53,"column":8},"end":{"line":53,"column":8}}]},"2":{"line":61,"type":"if","locations":[{"start":{"line":61,"column":8},"end":{"line":61,"column":8}},{"start":{"line":61,"column":8},"end":{"line":61,"column":8}}]},"3":{"line":72,"type":"if","locations":[{"start":{"line":72,"column":55},"end":{"line":72,"column":55}},{"start":{"line":72,"column":55},"end":{"line":72,"column":55}}]},"4":{"line":89,"type":"if","locations":[{"start":{"line":89,"column":24},"end":{"line":89,"column":24}},{"start":{"line":89,"column":24},"end":{"line":89,"column":24}}]},"5":{"line":90,"type":"if","locations":[{"start":{"line":90,"column":8},"end":{"line":90,"column":8}},{"start":{"line":90,"column":8},"end":{"line":90,"column":8}}]},"6":{"line":90,"type":"cond-expr","locations":[{"start":{"line":90,"column":12},"end":{"line":90,"column":35}},{"start":{"line":90,"column":40},"end":{"line":90,"column":61}}]},"7":{"line":91,"type":"if","locations":[{"start":{"line":91,"column":8},"end":{"line":91,"column":8}},{"start":{"line":91,"column":8},"end":{"line":91,"column":8}}]},"8":{"line":92,"type":"if","locations":[{"start":{"line":92,"column":8},"end":{"line":92,"column":8}},{"start":{"line":92,"column":8},"end":{"line":92,"column":8}}]},"9":{"line":95,"type":"if","locations":[{"start":{"line":95,"column":8},"end":{"line":95,"column":8}},{"start":{"line":95,"column":8},"end":{"line":95,"column":8}}]},"10":{"line":122,"type":"if","locations":[{"start":{"line":122,"column":69},"end":{"line":122,"column":69}},{"start":{"line":122,"column":69},"end":{"line":122,"column":69}}]},"11":{"line":124,"type":"if","locations":[{"start":{"line":124,"column":8},"end":{"line":124,"column":8}},{"start":{"line":124,"column":8},"end":{"line":124,"column":8}}]},"12":{"line":140,"type":"if","locations":[{"start":{"line":140,"column":67},"end":{"line":140,"column":67}},{"start":{"line":140,"column":67},"end":{"line":140,"column":67}}]},"13":{"line":142,"type":"if","locations":[{"start":{"line":142,"column":8},"end":{"line":142,"column":8}},{"start":{"line":142,"column":8},"end":{"line":142,"column":8}}]},"14":{"line":156,"type":"if","locations":[{"start":{"line":156,"column":66},"end":{"line":156,"column":66}},{"start":{"line":156,"column":66},"end":{"line":156,"column":66}}]},"15":{"line":158,"type":"if","locations":[{"start":{"line":158,"column":8},"end":{"line":158,"column":8}},{"start":{"line":158,"column":8},"end":{"line":158,"column":8}}]},"16":{"line":158,"type":"cond-expr","locations":[{"start":{"line":158,"column":12},"end":{"line":158,"column":47}},{"start":{"line":158,"column":52},"end":{"line":158,"column":86}}]},"17":{"line":163,"type":"if","locations":[{"start":{"line":163,"column":8},"end":{"line":163,"column":8}},{"start":{"line":163,"column":8},"end":{"line":163,"column":8}}]},"18":{"line":187,"type":"if","locations":[{"start":{"line":187,"column":15},"end":{"line":187,"column":15}},{"start":{"line":187,"column":15},"end":{"line":187,"column":15}}]},"19":{"line":188,"type":"if","locations":[{"start":{"line":188,"column":8},"end":{"line":188,"column":8}},{"start":{"line":188,"column":8},"end":{"line":188,"column":8}}]},"20":{"line":189,"type":"if","locations":[{"start":{"line":189,"column":8},"end":{"line":189,"column":8}},{"start":{"line":189,"column":8},"end":{"line":189,"column":8}}]},"21":{"line":221,"type":"if","locations":[{"start":{"line":221,"column":58},"end":{"line":221,"column":58}},{"start":{"line":221,"column":58},"end":{"line":221,"column":58}}]}}},"contracts/core/CarbonBatchAuction.sol":{"l":{"65":0,"66":0,"73":1,"77":4,"78":4,"80":4,"81":4,"96":10,"97":9,"98":8,"100":7,"102":7,"118":7,"125":13,"126":13,"128":12,"129":12,"130":12,"132":12,"142":8,"143":8,"144":8,"145":8,"146":7,"148":7,"149":7,"151":6,"152":6,"153":6,"155":5,"158":5,"159":5,"160":5,"164":5,"165":5,"168":5,"169":2,"172":5,"187":9,"188":8,"190":7,"192":7,"194":7,"210":7,"220":11,"221":11,"222":11,"223":11,"224":10,"226":9,"234":9,"235":9,"237":9,"248":6,"249":6,"250":6,"251":5,"253":5,"254":5,"257":5,"258":5,"260":4,"261":4,"263":4,"270":4,"271":4,"272":4,"273":4,"275":3,"276":3,"277":1,"278":1,"279":1,"283":2,"284":2,"286":2,"287":3,"288":3,"292":2,"293":2,"297":2,"299":1,"302":1,"303":1,"304":1,"305":1,"306":1,"307":1,"311":1,"312":1,"315":1,"316":1,"319":1,"320":1,"323":1,"324":1,"325":1,"326":0,"327":0,"331":1,"332":2,"333":1,"334":1,"335":1,"336":1,"337":1,"342":1,"349":5,"350":5,"351":1,"353":4,"356":3,"358":3,"361":3,"362":1,"363":1,"364":1,"365":1,"366":1,"367":1,"368":1,"373":3,"379":4,"383":0},"path":"/Users/rameshtamilselvan/Downloads/aethelred/dApps/terraqura/apps/contracts/contracts/core/CarbonBatchAuction.sol","s":{"1":0,"2":1,"3":4,"4":4,"5":10,"6":9,"7":8,"8":7,"9":13,"10":13,"11":1,"12":12,"13":12,"14":12,"15":12,"16":8,"17":8,"18":8,"19":8,"20":7,"21":7,"22":7,"23":6,"24":6,"25":6,"26":5,"27":5,"28":5,"29":5,"30":5,"31":5,"32":5,"33":9,"34":8,"35":7,"36":7,"37":11,"38":11,"39":11,"40":11,"41":10,"42":9,"43":9,"44":6,"45":6,"46":6,"47":5,"48":5,"49":5,"50":5,"51":5,"52":4,"53":4,"54":4,"55":4,"56":4,"57":3,"58":3,"59":1,"60":1,"61":2,"62":2,"63":2,"64":3,"65":3,"66":2,"67":1,"68":1,"69":1,"70":1,"71":1,"72":1,"73":1,"74":1,"75":1,"76":1,"77":1,"78":0,"79":0,"80":1,"81":2,"82":1,"83":1,"84":1,"85":1,"86":1,"87":5,"88":5,"89":4,"90":3,"91":3,"92":1,"93":1,"94":1,"95":1,"96":1,"97":1,"98":3,"99":4,"100":0},"b":{"1":[0,0],"2":[4,0],"3":[1,9],"4":[1,8],"5":[1,7],"6":[1,12],"7":[8,0],"8":[0,8],"9":[0,8],"10":[1,7],"11":[0,7],"12":[1,6],"13":[1,5],"14":[5,0],"15":[5,0],"16":[5,0],"17":[2,3],"18":[1,8],"19":[1,7],"20":[1,0],"21":[0,11],"22":[0,11],"23":[1,10],"24":[1,9],"25":[0,6],"26":[1,5],"27":[0,5],"28":[0,5],"29":[1,4],"30":[4,0],"31":[0,4],"32":[0,4],"33":[1,3],"34":[1,2],"35":[2,1],"36":[1,1],"37":[1,0],"38":[1,0],"39":[1,0],"40":[0,1],"41":[0,0],"42":[1,1],"43":[1,0],"44":[1,0],"45":[5,0],"46":[1,4],"47":[1,3],"48":[0,3],"49":[1,2],"50":[1,0],"51":[1,0],"52":[0,0]},"f":{"1":0,"2":1,"3":4,"4":10,"5":13,"6":8,"7":9,"8":11,"9":6,"10":4,"11":5,"12":4,"13":0,"14":0},"fnMap":{"1":{"name":"onlyAdmin","line":64,"loc":{"start":{"line":64,"column":4},"end":{"line":67,"column":4}}},"2":{"name":"constructor","line":72,"loc":{"start":{"line":72,"column":4},"end":{"line":74,"column":4}}},"3":{"name":"initialize","line":76,"loc":{"start":{"line":76,"column":4},"end":{"line":82,"column":4}}},"4":{"name":"createDutchAuction","line":89,"loc":{"start":{"line":89,"column":4},"end":{"line":119,"column":4}}},"5":{"name":"getDutchPrice","line":124,"loc":{"start":{"line":124,"column":4},"end":{"line":133,"column":4}}},"6":{"name":"bidDutch","line":141,"loc":{"start":{"line":138,"column":4},"end":{"line":173,"column":4}}},"7":{"name":"createSealedBidAuction","line":180,"loc":{"start":{"line":180,"column":4},"end":{"line":211,"column":4}}},"8":{"name":"submitSealedBid","line":216,"loc":{"start":{"line":216,"column":4},"end":{"line":238,"column":4}}},"9":{"name":"revealBid","line":243,"loc":{"start":{"line":243,"column":4},"end":{"line":264,"column":4}}},"10":{"name":"finalizeAuction","line":269,"loc":{"start":{"line":269,"column":4},"end":{"line":343,"column":4}}},"11":{"name":"cancelAuction","line":348,"loc":{"start":{"line":348,"column":4},"end":{"line":374,"column":4}}},"12":{"name":"getAuction","line":378,"loc":{"start":{"line":378,"column":4},"end":{"line":380,"column":4}}},"13":{"name":"getBidders","line":382,"loc":{"start":{"line":382,"column":4},"end":{"line":384,"column":4}}},"14":{"name":"_authorizeUpgrade","line":388,"loc":{"start":{"line":388,"column":4},"end":{"line":388,"column":69}}}},"statementMap":{"1":{"start":{"line":65,"column":8},"end":{"line":65,"column":97}},"2":{"start":{"line":73,"column":8},"end":{"line":73,"column":29}},"3":{"start":{"line":77,"column":8},"end":{"line":77,"column":31}},"4":{"start":{"line":78,"column":8},"end":{"line":78,"column":31}},"5":{"start":{"line":96,"column":8},"end":{"line":96,"column":57}},"6":{"start":{"line":97,"column":8},"end":{"line":97,"column":47}},"7":{"start":{"line":98,"column":8},"end":{"line":98,"column":51}},"8":{"start":{"line":118,"column":8},"end":{"line":118,"column":79}},"9":{"start":{"line":125,"column":8},"end":{"line":125,"column":46}},"10":{"start":{"line":126,"column":8},"end":{"line":126,"column":59}},"11":{"start":{"line":126,"column":42},"end":{"line":126,"column":59}},"12":{"start":{"line":128,"column":8},"end":{"line":128,"column":55}},"13":{"start":{"line":129,"column":8},"end":{"line":129,"column":50}},"14":{"start":{"line":130,"column":8},"end":{"line":130,"column":78}},"15":{"start":{"line":132,"column":8},"end":{"line":132,"column":39}},"16":{"start":{"line":142,"column":8},"end":{"line":142,"column":47}},"17":{"start":{"line":143,"column":8},"end":{"line":143,"column":71}},"18":{"start":{"line":144,"column":8},"end":{"line":144,"column":73}},"19":{"start":{"line":145,"column":8},"end":{"line":145,"column":62}},"20":{"start":{"line":146,"column":8},"end":{"line":146,"column":47}},"21":{"start":{"line":148,"column":8},"end":{"line":148,"column":51}},"22":{"start":{"line":149,"column":8},"end":{"line":149,"column":63}},"23":{"start":{"line":151,"column":8},"end":{"line":151,"column":55}},"24":{"start":{"line":152,"column":8},"end":{"line":152,"column":49}},"25":{"start":{"line":153,"column":8},"end":{"line":153,"column":63}},"26":{"start":{"line":158,"column":8},"end":{"line":158,"column":4938}},"27":{"start":{"line":159,"column":12},"end":{"line":159,"column":80}},"28":{"start":{"line":160,"column":12},"end":{"line":160,"column":44}},"29":{"start":{"line":164,"column":8},"end":{"line":164,"column":59}},"30":{"start":{"line":165,"column":8},"end":{"line":165,"column":48}},"31":{"start":{"line":168,"column":8},"end":{"line":168,"column":5287}},"32":{"start":{"line":172,"column":8},"end":{"line":172,"column":53}},"33":{"start":{"line":187,"column":8},"end":{"line":187,"column":47}},"34":{"start":{"line":188,"column":8},"end":{"line":188,"column":81}},"35":{"start":{"line":192,"column":8},"end":{"line":192,"column":62}},"36":{"start":{"line":210,"column":8},"end":{"line":210,"column":83}},"37":{"start":{"line":220,"column":8},"end":{"line":220,"column":46}},"38":{"start":{"line":221,"column":8},"end":{"line":221,"column":71}},"39":{"start":{"line":222,"column":8},"end":{"line":222,"column":77}},"40":{"start":{"line":223,"column":8},"end":{"line":223,"column":67}},"41":{"start":{"line":224,"column":8},"end":{"line":224,"column":63}},"42":{"start":{"line":235,"column":8},"end":{"line":235,"column":50}},"43":{"start":{"line":237,"column":8},"end":{"line":237,"column":56}},"44":{"start":{"line":248,"column":8},"end":{"line":248,"column":46}},"45":{"start":{"line":249,"column":8},"end":{"line":249,"column":71}},"46":{"start":{"line":250,"column":8},"end":{"line":250,"column":67}},"47":{"start":{"line":251,"column":8},"end":{"line":251,"column":72}},"48":{"start":{"line":253,"column":8},"end":{"line":253,"column":65}},"49":{"start":{"line":254,"column":8},"end":{"line":254,"column":50}},"50":{"start":{"line":257,"column":8},"end":{"line":257,"column":81}},"51":{"start":{"line":258,"column":8},"end":{"line":258,"column":77}},"52":{"start":{"line":263,"column":8},"end":{"line":263,"column":58}},"53":{"start":{"line":270,"column":8},"end":{"line":270,"column":47}},"54":{"start":{"line":271,"column":8},"end":{"line":271,"column":78}},"55":{"start":{"line":272,"column":8},"end":{"line":272,"column":77}},"56":{"start":{"line":273,"column":8},"end":{"line":273,"column":72}},"57":{"start":{"line":275,"column":8},"end":{"line":275,"column":61}},"58":{"start":{"line":276,"column":8},"end":{"line":276,"column":8904}},"59":{"start":{"line":278,"column":12},"end":{"line":278,"column":44}},"60":{"start":{"line":279,"column":12},"end":{"line":279,"column":18}},"61":{"start":{"line":283,"column":8},"end":{"line":283,"column":29}},"62":{"start":{"line":284,"column":8},"end":{"line":284,"column":26}},"63":{"start":{"line":286,"column":8},"end":{"line":286,"column":9161}},"64":{"start":{"line":287,"column":12},"end":{"line":287,"column":68}},"65":{"start":{"line":288,"column":12},"end":{"line":288,"column":9294}},"66":{"start":{"line":297,"column":8},"end":{"line":297,"column":9596}},"67":{"start":{"line":302,"column":12},"end":{"line":302,"column":9774}},"68":{"start":{"line":303,"column":16},"end":{"line":303,"column":73}},"69":{"start":{"line":304,"column":16},"end":{"line":304,"column":9916}},"70":{"start":{"line":306,"column":20},"end":{"line":306,"column":78}},"71":{"start":{"line":307,"column":20},"end":{"line":307,"column":52}},"72":{"start":{"line":311,"column":12},"end":{"line":311,"column":44}},"73":{"start":{"line":312,"column":12},"end":{"line":312,"column":18}},"74":{"start":{"line":319,"column":8},"end":{"line":319,"column":66}},"75":{"start":{"line":320,"column":8},"end":{"line":320,"column":51}},"76":{"start":{"line":323,"column":8},"end":{"line":323,"column":74}},"77":{"start":{"line":325,"column":8},"end":{"line":325,"column":10634}},"78":{"start":{"line":326,"column":12},"end":{"line":326,"column":98}},"79":{"start":{"line":327,"column":12},"end":{"line":327,"column":57}},"80":{"start":{"line":331,"column":8},"end":{"line":331,"column":10887}},"81":{"start":{"line":332,"column":12},"end":{"line":332,"column":10950}},"82":{"start":{"line":333,"column":16},"end":{"line":333,"column":73}},"83":{"start":{"line":334,"column":16},"end":{"line":334,"column":11080}},"84":{"start":{"line":336,"column":20},"end":{"line":336,"column":78}},"85":{"start":{"line":337,"column":20},"end":{"line":337,"column":52}},"86":{"start":{"line":342,"column":8},"end":{"line":342,"column":67}},"87":{"start":{"line":349,"column":8},"end":{"line":349,"column":47}},"88":{"start":{"line":350,"column":8},"end":{"line":350,"column":11598}},"89":{"start":{"line":353,"column":8},"end":{"line":353,"column":78}},"90":{"start":{"line":356,"column":8},"end":{"line":356,"column":100}},"91":{"start":{"line":361,"column":8},"end":{"line":361,"column":12081}},"92":{"start":{"line":362,"column":12},"end":{"line":362,"column":65}},"93":{"start":{"line":363,"column":12},"end":{"line":363,"column":12210}},"94":{"start":{"line":364,"column":16},"end":{"line":364,"column":73}},"95":{"start":{"line":365,"column":16},"end":{"line":365,"column":12352}},"96":{"start":{"line":367,"column":20},"end":{"line":367,"column":78}},"97":{"start":{"line":368,"column":20},"end":{"line":368,"column":52}},"98":{"start":{"line":373,"column":8},"end":{"line":373,"column":40}},"99":{"start":{"line":379,"column":8},"end":{"line":379,"column":34}},"100":{"start":{"line":383,"column":8},"end":{"line":383,"column":41}}},"branchMap":{"1":{"line":65,"type":"if","locations":[{"start":{"line":65,"column":8},"end":{"line":65,"column":8}},{"start":{"line":65,"column":8},"end":{"line":65,"column":8}}]},"2":{"line":76,"type":"if","locations":[{"start":{"line":76,"column":55},"end":{"line":76,"column":55}},{"start":{"line":76,"column":55},"end":{"line":76,"column":55}}]},"3":{"line":96,"type":"if","locations":[{"start":{"line":96,"column":8},"end":{"line":96,"column":8}},{"start":{"line":96,"column":8},"end":{"line":96,"column":8}}]},"4":{"line":97,"type":"if","locations":[{"start":{"line":97,"column":8},"end":{"line":97,"column":8}},{"start":{"line":97,"column":8},"end":{"line":97,"column":8}}]},"5":{"line":98,"type":"if","locations":[{"start":{"line":98,"column":8},"end":{"line":98,"column":8}},{"start":{"line":98,"column":8},"end":{"line":98,"column":8}}]},"6":{"line":126,"type":"if","locations":[{"start":{"line":126,"column":8},"end":{"line":126,"column":8}},{"start":{"line":126,"column":8},"end":{"line":126,"column":8}}]},"7":{"line":141,"type":"if","locations":[{"start":{"line":141,"column":32},"end":{"line":141,"column":32}},{"start":{"line":141,"column":32},"end":{"line":141,"column":32}}]},"8":{"line":143,"type":"if","locations":[{"start":{"line":143,"column":8},"end":{"line":143,"column":8}},{"start":{"line":143,"column":8},"end":{"line":143,"column":8}}]},"9":{"line":144,"type":"if","locations":[{"start":{"line":144,"column":8},"end":{"line":144,"column":8}},{"start":{"line":144,"column":8},"end":{"line":144,"column":8}}]},"10":{"line":145,"type":"if","locations":[{"start":{"line":145,"column":8},"end":{"line":145,"column":8}},{"start":{"line":145,"column":8},"end":{"line":145,"column":8}}]},"11":{"line":146,"type":"if","locations":[{"start":{"line":146,"column":8},"end":{"line":146,"column":8}},{"start":{"line":146,"column":8},"end":{"line":146,"column":8}}]},"12":{"line":149,"type":"if","locations":[{"start":{"line":149,"column":8},"end":{"line":149,"column":8}},{"start":{"line":149,"column":8},"end":{"line":149,"column":8}}]},"13":{"line":153,"type":"if","locations":[{"start":{"line":153,"column":8},"end":{"line":153,"column":8}},{"start":{"line":153,"column":8},"end":{"line":153,"column":8}}]},"14":{"line":158,"type":"if","locations":[{"start":{"line":158,"column":8},"end":{"line":158,"column":8}},{"start":{"line":158,"column":8},"end":{"line":158,"column":8}}]},"15":{"line":160,"type":"if","locations":[{"start":{"line":160,"column":12},"end":{"line":160,"column":12}},{"start":{"line":160,"column":12},"end":{"line":160,"column":12}}]},"16":{"line":165,"type":"if","locations":[{"start":{"line":165,"column":8},"end":{"line":165,"column":8}},{"start":{"line":165,"column":8},"end":{"line":165,"column":8}}]},"17":{"line":168,"type":"if","locations":[{"start":{"line":168,"column":8},"end":{"line":168,"column":8}},{"start":{"line":168,"column":8},"end":{"line":168,"column":8}}]},"18":{"line":187,"type":"if","locations":[{"start":{"line":187,"column":8},"end":{"line":187,"column":8}},{"start":{"line":187,"column":8},"end":{"line":187,"column":8}}]},"19":{"line":188,"type":"if","locations":[{"start":{"line":188,"column":8},"end":{"line":188,"column":8}},{"start":{"line":188,"column":8},"end":{"line":188,"column":8}}]},"20":{"line":188,"type":"cond-expr","locations":[{"start":{"line":188,"column":12},"end":{"line":188,"column":31}},{"start":{"line":188,"column":36},"end":{"line":188,"column":54}}]},"21":{"line":221,"type":"if","locations":[{"start":{"line":221,"column":8},"end":{"line":221,"column":8}},{"start":{"line":221,"column":8},"end":{"line":221,"column":8}}]},"22":{"line":222,"type":"if","locations":[{"start":{"line":222,"column":8},"end":{"line":222,"column":8}},{"start":{"line":222,"column":8},"end":{"line":222,"column":8}}]},"23":{"line":223,"type":"if","locations":[{"start":{"line":223,"column":8},"end":{"line":223,"column":8}},{"start":{"line":223,"column":8},"end":{"line":223,"column":8}}]},"24":{"line":224,"type":"if","locations":[{"start":{"line":224,"column":8},"end":{"line":224,"column":8}},{"start":{"line":224,"column":8},"end":{"line":224,"column":8}}]},"25":{"line":249,"type":"if","locations":[{"start":{"line":249,"column":8},"end":{"line":249,"column":8}},{"start":{"line":249,"column":8},"end":{"line":249,"column":8}}]},"26":{"line":250,"type":"if","locations":[{"start":{"line":250,"column":8},"end":{"line":250,"column":8}},{"start":{"line":250,"column":8},"end":{"line":250,"column":8}}]},"27":{"line":251,"type":"if","locations":[{"start":{"line":251,"column":8},"end":{"line":251,"column":8}},{"start":{"line":251,"column":8},"end":{"line":251,"column":8}}]},"28":{"line":254,"type":"if","locations":[{"start":{"line":254,"column":8},"end":{"line":254,"column":8}},{"start":{"line":254,"column":8},"end":{"line":254,"column":8}}]},"29":{"line":258,"type":"if","locations":[{"start":{"line":258,"column":8},"end":{"line":258,"column":8}},{"start":{"line":258,"column":8},"end":{"line":258,"column":8}}]},"30":{"line":269,"type":"if","locations":[{"start":{"line":269,"column":66},"end":{"line":269,"column":66}},{"start":{"line":269,"column":66},"end":{"line":269,"column":66}}]},"31":{"line":271,"type":"if","locations":[{"start":{"line":271,"column":8},"end":{"line":271,"column":8}},{"start":{"line":271,"column":8},"end":{"line":271,"column":8}}]},"32":{"line":272,"type":"if","locations":[{"start":{"line":272,"column":8},"end":{"line":272,"column":8}},{"start":{"line":272,"column":8},"end":{"line":272,"column":8}}]},"33":{"line":273,"type":"if","locations":[{"start":{"line":273,"column":8},"end":{"line":273,"column":8}},{"start":{"line":273,"column":8},"end":{"line":273,"column":8}}]},"34":{"line":276,"type":"if","locations":[{"start":{"line":276,"column":8},"end":{"line":276,"column":8}},{"start":{"line":276,"column":8},"end":{"line":276,"column":8}}]},"35":{"line":288,"type":"if","locations":[{"start":{"line":288,"column":12},"end":{"line":288,"column":12}},{"start":{"line":288,"column":12},"end":{"line":288,"column":12}}]},"36":{"line":297,"type":"if","locations":[{"start":{"line":297,"column":8},"end":{"line":297,"column":8}},{"start":{"line":297,"column":8},"end":{"line":297,"column":8}}]},"37":{"line":304,"type":"if","locations":[{"start":{"line":304,"column":16},"end":{"line":304,"column":16}},{"start":{"line":304,"column":16},"end":{"line":304,"column":16}}]},"38":{"line":307,"type":"if","locations":[{"start":{"line":307,"column":20},"end":{"line":307,"column":20}},{"start":{"line":307,"column":20},"end":{"line":307,"column":20}}]},"39":{"line":320,"type":"if","locations":[{"start":{"line":320,"column":8},"end":{"line":320,"column":8}},{"start":{"line":320,"column":8},"end":{"line":320,"column":8}}]},"40":{"line":325,"type":"if","locations":[{"start":{"line":325,"column":8},"end":{"line":325,"column":8}},{"start":{"line":325,"column":8},"end":{"line":325,"column":8}}]},"41":{"line":327,"type":"if","locations":[{"start":{"line":327,"column":12},"end":{"line":327,"column":12}},{"start":{"line":327,"column":12},"end":{"line":327,"column":12}}]},"42":{"line":332,"type":"if","locations":[{"start":{"line":332,"column":12},"end":{"line":332,"column":12}},{"start":{"line":332,"column":12},"end":{"line":332,"column":12}}]},"43":{"line":334,"type":"if","locations":[{"start":{"line":334,"column":16},"end":{"line":334,"column":16}},{"start":{"line":334,"column":16},"end":{"line":334,"column":16}}]},"44":{"line":337,"type":"if","locations":[{"start":{"line":337,"column":20},"end":{"line":337,"column":20}},{"start":{"line":337,"column":20},"end":{"line":337,"column":20}}]},"45":{"line":348,"type":"if","locations":[{"start":{"line":348,"column":64},"end":{"line":348,"column":64}},{"start":{"line":348,"column":64},"end":{"line":348,"column":64}}]},"46":{"line":350,"type":"if","locations":[{"start":{"line":350,"column":8},"end":{"line":350,"column":8}},{"start":{"line":350,"column":8},"end":{"line":350,"column":8}}]},"47":{"line":353,"type":"if","locations":[{"start":{"line":353,"column":8},"end":{"line":353,"column":8}},{"start":{"line":353,"column":8},"end":{"line":353,"column":8}}]},"48":{"line":356,"type":"if","locations":[{"start":{"line":356,"column":8},"end":{"line":356,"column":8}},{"start":{"line":356,"column":8},"end":{"line":356,"column":8}}]},"49":{"line":361,"type":"if","locations":[{"start":{"line":361,"column":8},"end":{"line":361,"column":8}},{"start":{"line":361,"column":8},"end":{"line":361,"column":8}}]},"50":{"line":365,"type":"if","locations":[{"start":{"line":365,"column":16},"end":{"line":365,"column":16}},{"start":{"line":365,"column":16},"end":{"line":365,"column":16}}]},"51":{"line":368,"type":"if","locations":[{"start":{"line":368,"column":20},"end":{"line":368,"column":20}},{"start":{"line":368,"column":20},"end":{"line":368,"column":20}}]},"52":{"line":388,"type":"if","locations":[{"start":{"line":388,"column":58},"end":{"line":388,"column":58}},{"start":{"line":388,"column":58},"end":{"line":388,"column":58}}]}}},"contracts/core/CarbonCredit.sol":{"l":{"193":227,"194":2,"196":225,"205":1,"219":389,"220":1,"223":388,"224":388,"225":388,"226":1,"228":388,"229":388,"230":388,"232":388,"265":223,"266":2,"270":221,"271":3,"275":218,"278":218,"293":218,"294":2,"296":216,"297":5,"305":211,"308":211,"311":211,"327":211,"336":211,"339":211,"340":211,"342":211,"343":51,"344":51,"347":51,"350":51,"353":51,"354":51,"356":51,"359":160,"363":210,"364":210,"367":210,"368":210,"376":210,"388":20,"389":5,"393":15,"396":15,"397":15,"400":15,"401":5,"404":15,"416":2,"423":3,"430":2,"439":10,"448":1,"457":3,"458":3,"459":1,"461":2,"472":377,"473":377,"481":2,"482":1,"485":1,"486":1,"488":1,"495":11,"502":8,"510":1,"525":80,"526":5,"529":75,"530":3,"533":72,"534":72,"536":72,"537":72,"539":72,"557":12,"558":10,"559":3,"561":7,"564":4,"567":4,"568":4,"570":4,"596":22,"597":19,"598":5,"600":14,"603":12,"606":12,"607":12,"610":12,"612":12,"632":4,"641":6,"658":218,"675":3,"685":8,"694":2,"705":2,"727":6,"728":6,"729":4,"731":2,"732":2,"734":2,"735":3,"736":3,"739":3,"740":0,"744":3,"747":3,"750":3,"751":3,"755":3,"756":3,"759":3,"761":3,"765":2,"781":2,"782":2,"784":2,"785":2,"787":2,"788":2,"789":2,"790":2,"805":4,"806":4,"808":4,"810":4,"811":4,"812":4},"path":"/Users/rameshtamilselvan/Downloads/aethelred/dApps/terraqura/apps/contracts/contracts/core/CarbonCredit.sol","s":{"1":227,"2":1,"3":389,"4":388,"5":388,"6":388,"7":1,"8":388,"9":388,"10":388,"11":223,"12":221,"13":218,"14":218,"15":216,"16":211,"17":211,"18":211,"19":211,"20":211,"21":51,"22":51,"23":51,"24":160,"25":210,"26":210,"27":210,"28":20,"29":15,"30":15,"31":15,"32":2,"33":3,"34":2,"35":10,"36":1,"37":3,"38":3,"39":1,"40":2,"41":377,"42":2,"43":1,"44":1,"45":11,"46":8,"47":1,"48":80,"49":75,"50":72,"51":72,"52":72,"53":12,"54":10,"55":7,"56":4,"57":4,"58":22,"59":19,"60":14,"61":12,"62":12,"63":4,"64":6,"65":218,"66":3,"67":8,"68":2,"69":2,"70":6,"71":6,"72":4,"73":2,"74":2,"75":2,"76":3,"77":3,"78":3,"79":3,"80":3,"81":3,"82":2,"83":2,"84":2,"85":4,"86":4,"87":4},"b":{"1":[2,225],"2":[389,0],"3":[1,388],"4":[1,387],"5":[225,2],"6":[223,2],"7":[223,0],"8":[2,221],"9":[3,218],"10":[2,216],"11":[5,211],"12":[51,160],"13":[20,1],"14":[20,0],"15":[5,15],"16":[5,10],"17":[1,2],"18":[377,1],"19":[2,0],"20":[1,1],"21":[11,1],"22":[8,0],"23":[1,0],"24":[80,2],"25":[5,75],"26":[3,72],"27":[13,2],"28":[12,1],"29":[12,0],"30":[2,10],"31":[3,7],"32":[3,4],"33":[24,3],"34":[22,2],"35":[22,0],"36":[3,19],"37":[5,14],"38":[2,12],"39":[0,0],"40":[1,1],"41":[6,0],"42":[6,0],"43":[4,2],"44":[2,2],"45":[0,3],"46":[3,0],"47":[2,0],"48":[4,0]},"f":{"1":227,"2":1,"3":389,"4":223,"5":20,"6":2,"7":3,"8":2,"9":10,"10":1,"11":3,"12":377,"13":2,"14":11,"15":8,"16":1,"17":80,"18":12,"19":22,"20":4,"21":6,"22":218,"23":0,"24":3,"25":8,"26":2,"27":2,"28":6,"29":2,"30":4},"fnMap":{"1":{"name":"onlyMinter","line":192,"loc":{"start":{"line":192,"column":4},"end":{"line":197,"column":4}}},"2":{"name":"constructor","line":204,"loc":{"start":{"line":204,"column":4},"end":{"line":206,"column":4}}},"3":{"name":"initialize","line":218,"loc":{"start":{"line":214,"column":4},"end":{"line":233,"column":4}}},"4":{"name":"mintVerifiedCredits","line":261,"loc":{"start":{"line":243,"column":4},"end":{"line":377,"column":4}}},"5":{"name":"retireCredits","line":386,"loc":{"start":{"line":382,"column":4},"end":{"line":405,"column":4}}},"6":{"name":"getCreditProvenance","line":410,"loc":{"start":{"line":410,"column":4},"end":{"line":417,"column":4}}},"7":{"name":"totalCreditsMinted","line":422,"loc":{"start":{"line":422,"column":4},"end":{"line":424,"column":4}}},"8":{"name":"totalCreditsRetired","line":429,"loc":{"start":{"line":429,"column":4},"end":{"line":431,"column":4}}},"9":{"name":"getMetadata","line":438,"loc":{"start":{"line":438,"column":4},"end":{"line":440,"column":4}}},"10":{"name":"getVerificationResult","line":447,"loc":{"start":{"line":447,"column":4},"end":{"line":449,"column":4}}},"11":{"name":"uri","line":456,"loc":{"start":{"line":456,"column":4},"end":{"line":462,"column":4}}},"12":{"name":"setMinter","line":471,"loc":{"start":{"line":471,"column":4},"end":{"line":474,"column":4}}},"13":{"name":"setVerificationEngine","line":480,"loc":{"start":{"line":480,"column":4},"end":{"line":489,"column":4}}},"14":{"name":"pause","line":494,"loc":{"start":{"line":494,"column":4},"end":{"line":496,"column":4}}},"15":{"name":"unpause","line":501,"loc":{"start":{"line":501,"column":4},"end":{"line":503,"column":4}}},"16":{"name":"setBaseUri","line":509,"loc":{"start":{"line":509,"column":4},"end":{"line":511,"column":4}}},"17":{"name":"setBufferConfiguration","line":524,"loc":{"start":{"line":521,"column":4},"end":{"line":540,"column":4}}},"18":{"name":"releaseBufferCredits","line":556,"loc":{"start":{"line":551,"column":4},"end":{"line":571,"column":4}}},"19":{"name":"handleReversal","line":595,"loc":{"start":{"line":591,"column":4},"end":{"line":619,"column":4}}},"20":{"name":"getBufferPoolStats","line":627,"loc":{"start":{"line":627,"column":4},"end":{"line":633,"column":4}}},"21":{"name":"getBufferBalance","line":640,"loc":{"start":{"line":640,"column":4},"end":{"line":642,"column":4}}},"22":{"name":"_generateTokenId","line":653,"loc":{"start":{"line":653,"column":4},"end":{"line":659,"column":4}}},"23":{"name":"_authorizeUpgrade","line":665,"loc":{"start":{"line":665,"column":4},"end":{"line":665,"column":87}}},"24":{"name":"isMinter","line":674,"loc":{"start":{"line":674,"column":4},"end":{"line":676,"column":4}}},"25":{"name":"totalSupply","line":684,"loc":{"start":{"line":684,"column":4},"end":{"line":686,"column":4}}},"26":{"name":"exists","line":693,"loc":{"start":{"line":693,"column":4},"end":{"line":695,"column":4}}},"27":{"name":"version","line":704,"loc":{"start":{"line":704,"column":4},"end":{"line":706,"column":4}}},"28":{"name":"batchRetireCredits","line":726,"loc":{"start":{"line":722,"column":4},"end":{"line":766,"column":4}}},"29":{"name":"batchGetCreditProvenance","line":775,"loc":{"start":{"line":775,"column":4},"end":{"line":792,"column":4}}},"30":{"name":"batchBalanceOf","line":801,"loc":{"start":{"line":801,"column":4},"end":{"line":814,"column":4}}}},"statementMap":{"1":{"start":{"line":193,"column":8},"end":{"line":193,"column":5583}},"2":{"start":{"line":205,"column":8},"end":{"line":205,"column":29}},"3":{"start":{"line":219,"column":8},"end":{"line":219,"column":6303}},"4":{"start":{"line":223,"column":8},"end":{"line":223,"column":27}},"5":{"start":{"line":224,"column":7},"end":{"line":224,"column":22}},"6":{"start":{"line":225,"column":0},"end":{"line":225,"column":6450}},"7":{"start":{"line":226,"column":4},"end":{"line":226,"column":29}},"8":{"start":{"line":228,"column":8},"end":{"line":228,"column":24}},"9":{"start":{"line":229,"column":8},"end":{"line":229,"column":31}},"10":{"start":{"line":230,"column":8},"end":{"line":230,"column":31}},"11":{"start":{"line":265,"column":8},"end":{"line":265,"column":7636}},"12":{"start":{"line":270,"column":8},"end":{"line":270,"column":7777}},"13":{"start":{"line":278,"column":8},"end":{"line":278,"column":8068}},"14":{"start":{"line":293,"column":8},"end":{"line":293,"column":8472}},"15":{"start":{"line":296,"column":8},"end":{"line":296,"column":8562}},"16":{"start":{"line":305,"column":8},"end":{"line":305,"column":27}},"17":{"start":{"line":308,"column":8},"end":{"line":308,"column":72}},"18":{"start":{"line":339,"column":8},"end":{"line":339,"column":32}},"19":{"start":{"line":340,"column":8},"end":{"line":340,"column":46}},"20":{"start":{"line":342,"column":8},"end":{"line":342,"column":10564}},"21":{"start":{"line":347,"column":12},"end":{"line":347,"column":49}},"22":{"start":{"line":350,"column":12},"end":{"line":350,"column":62}},"23":{"start":{"line":356,"column":12},"end":{"line":356,"column":91}},"24":{"start":{"line":359,"column":12},"end":{"line":359,"column":48}},"25":{"start":{"line":367,"column":8},"end":{"line":367,"column":81}},"26":{"start":{"line":368,"column":8},"end":{"line":368,"column":11643}},"27":{"start":{"line":376,"column":8},"end":{"line":376,"column":22}},"28":{"start":{"line":388,"column":8},"end":{"line":388,"column":12087}},"29":{"start":{"line":393,"column":8},"end":{"line":393,"column":41}},"30":{"start":{"line":400,"column":8},"end":{"line":400,"column":12459}},"31":{"start":{"line":404,"column":8},"end":{"line":404,"column":63}},"32":{"start":{"line":416,"column":8},"end":{"line":416,"column":72}},"33":{"start":{"line":423,"column":8},"end":{"line":423,"column":34}},"34":{"start":{"line":430,"column":8},"end":{"line":430,"column":35}},"35":{"start":{"line":439,"column":8},"end":{"line":439,"column":39}},"36":{"start":{"line":448,"column":8},"end":{"line":448,"column":44}},"37":{"start":{"line":457,"column":8},"end":{"line":457,"column":72}},"38":{"start":{"line":458,"column":8},"end":{"line":458,"column":14219}},"39":{"start":{"line":459,"column":12},"end":{"line":459,"column":26}},"40":{"start":{"line":461,"column":8},"end":{"line":461,"column":33}},"41":{"start":{"line":473,"column":8},"end":{"line":473,"column":44}},"42":{"start":{"line":481,"column":8},"end":{"line":481,"column":14932}},"43":{"start":{"line":485,"column":8},"end":{"line":485,"column":55}},"44":{"start":{"line":488,"column":8},"end":{"line":488,"column":70}},"45":{"start":{"line":495,"column":8},"end":{"line":495,"column":15}},"46":{"start":{"line":502,"column":8},"end":{"line":502,"column":17}},"47":{"start":{"line":510,"column":8},"end":{"line":510,"column":22}},"48":{"start":{"line":525,"column":8},"end":{"line":525,"column":16301}},"49":{"start":{"line":529,"column":8},"end":{"line":529,"column":16460}},"50":{"start":{"line":533,"column":8},"end":{"line":533,"column":46}},"51":{"start":{"line":534,"column":8},"end":{"line":534,"column":51}},"52":{"start":{"line":539,"column":8},"end":{"line":539,"column":102}},"53":{"start":{"line":557,"column":8},"end":{"line":557,"column":53}},"54":{"start":{"line":558,"column":8},"end":{"line":558,"column":17684}},"55":{"start":{"line":561,"column":8},"end":{"line":561,"column":70}},"56":{"start":{"line":564,"column":8},"end":{"line":564,"column":75}},"57":{"start":{"line":570,"column":8},"end":{"line":570,"column":66}},"58":{"start":{"line":596,"column":8},"end":{"line":596,"column":61}},"59":{"start":{"line":597,"column":8},"end":{"line":597,"column":19481}},"60":{"start":{"line":600,"column":8},"end":{"line":600,"column":78}},"61":{"start":{"line":603,"column":8},"end":{"line":603,"column":54}},"62":{"start":{"line":612,"column":8},"end":{"line":612,"column":20019}},"63":{"start":{"line":632,"column":8},"end":{"line":632,"column":79}},"64":{"start":{"line":641,"column":8},"end":{"line":641,"column":41}},"65":{"start":{"line":658,"column":8},"end":{"line":658,"column":96}},"66":{"start":{"line":675,"column":8},"end":{"line":675,"column":61}},"67":{"start":{"line":685,"column":8},"end":{"line":685,"column":41}},"68":{"start":{"line":694,"column":8},"end":{"line":694,"column":60}},"69":{"start":{"line":705,"column":8},"end":{"line":705,"column":22}},"70":{"start":{"line":727,"column":8},"end":{"line":727,"column":37}},"71":{"start":{"line":728,"column":8},"end":{"line":728,"column":56}},"72":{"start":{"line":729,"column":8},"end":{"line":729,"column":59}},"73":{"start":{"line":731,"column":8},"end":{"line":731,"column":35}},"74":{"start":{"line":732,"column":8},"end":{"line":732,"column":32}},"75":{"start":{"line":734,"column":8},"end":{"line":734,"column":24292}},"76":{"start":{"line":735,"column":12},"end":{"line":735,"column":41}},"77":{"start":{"line":736,"column":12},"end":{"line":736,"column":39}},"78":{"start":{"line":739,"column":12},"end":{"line":739,"column":24455}},"79":{"start":{"line":744,"column":12},"end":{"line":744,"column":41}},"80":{"start":{"line":755,"column":12},"end":{"line":755,"column":24948}},"81":{"start":{"line":759,"column":12},"end":{"line":759,"column":63}},"82":{"start":{"line":781,"column":8},"end":{"line":781,"column":37}},"83":{"start":{"line":782,"column":8},"end":{"line":782,"column":45}},"84":{"start":{"line":787,"column":8},"end":{"line":787,"column":26065}},"85":{"start":{"line":805,"column":8},"end":{"line":805,"column":37}},"86":{"start":{"line":806,"column":8},"end":{"line":806,"column":45}},"87":{"start":{"line":810,"column":8},"end":{"line":810,"column":26849}}},"branchMap":{"1":{"line":193,"type":"if","locations":[{"start":{"line":193,"column":8},"end":{"line":193,"column":8}},{"start":{"line":193,"column":8},"end":{"line":193,"column":8}}]},"2":{"line":218,"type":"if","locations":[{"start":{"line":218,"column":13},"end":{"line":218,"column":13}},{"start":{"line":218,"column":13},"end":{"line":218,"column":13}}]},"3":{"line":219,"type":"if","locations":[{"start":{"line":219,"column":8},"end":{"line":219,"column":8}},{"start":{"line":219,"column":8},"end":{"line":219,"column":8}}]},"4":{"line":225,"type":"if","locations":[{"start":{"line":225,"column":0},"end":{"line":225,"column":0}},{"start":{"line":225,"column":0},"end":{"line":225,"column":0}}]},"5":{"line":259,"type":"if","locations":[{"start":{"line":259,"column":8},"end":{"line":259,"column":8}},{"start":{"line":259,"column":8},"end":{"line":259,"column":8}}]},"6":{"line":260,"type":"if","locations":[{"start":{"line":260,"column":8},"end":{"line":260,"column":8}},{"start":{"line":260,"column":8},"end":{"line":260,"column":8}}]},"7":{"line":261,"type":"if","locations":[{"start":{"line":261,"column":8},"end":{"line":261,"column":8}},{"start":{"line":261,"column":8},"end":{"line":261,"column":8}}]},"8":{"line":265,"type":"if","locations":[{"start":{"line":265,"column":8},"end":{"line":265,"column":8}},{"start":{"line":265,"column":8},"end":{"line":265,"column":8}}]},"9":{"line":270,"type":"if","locations":[{"start":{"line":270,"column":8},"end":{"line":270,"column":8}},{"start":{"line":270,"column":8},"end":{"line":270,"column":8}}]},"10":{"line":293,"type":"if","locations":[{"start":{"line":293,"column":8},"end":{"line":293,"column":8}},{"start":{"line":293,"column":8},"end":{"line":293,"column":8}}]},"11":{"line":296,"type":"if","locations":[{"start":{"line":296,"column":8},"end":{"line":296,"column":8}},{"start":{"line":296,"column":8},"end":{"line":296,"column":8}}]},"12":{"line":342,"type":"if","locations":[{"start":{"line":342,"column":8},"end":{"line":342,"column":8}},{"start":{"line":342,"column":8},"end":{"line":342,"column":8}}]},"13":{"line":386,"type":"if","locations":[{"start":{"line":386,"column":24},"end":{"line":386,"column":24}},{"start":{"line":386,"column":24},"end":{"line":386,"column":24}}]},"14":{"line":386,"type":"if","locations":[{"start":{"line":386,"column":38},"end":{"line":386,"column":38}},{"start":{"line":386,"column":38},"end":{"line":386,"column":38}}]},"15":{"line":388,"type":"if","locations":[{"start":{"line":388,"column":8},"end":{"line":388,"column":8}},{"start":{"line":388,"column":8},"end":{"line":388,"column":8}}]},"16":{"line":400,"type":"if","locations":[{"start":{"line":400,"column":8},"end":{"line":400,"column":8}},{"start":{"line":400,"column":8},"end":{"line":400,"column":8}}]},"17":{"line":458,"type":"if","locations":[{"start":{"line":458,"column":8},"end":{"line":458,"column":8}},{"start":{"line":458,"column":8},"end":{"line":458,"column":8}}]},"18":{"line":471,"type":"if","locations":[{"start":{"line":471,"column":63},"end":{"line":471,"column":63}},{"start":{"line":471,"column":63},"end":{"line":471,"column":63}}]},"19":{"line":480,"type":"if","locations":[{"start":{"line":480,"column":73},"end":{"line":480,"column":73}},{"start":{"line":480,"column":73},"end":{"line":480,"column":73}}]},"20":{"line":481,"type":"if","locations":[{"start":{"line":481,"column":8},"end":{"line":481,"column":8}},{"start":{"line":481,"column":8},"end":{"line":481,"column":8}}]},"21":{"line":494,"type":"if","locations":[{"start":{"line":494,"column":30},"end":{"line":494,"column":30}},{"start":{"line":494,"column":30},"end":{"line":494,"column":30}}]},"22":{"line":501,"type":"if","locations":[{"start":{"line":501,"column":32},"end":{"line":501,"column":32}},{"start":{"line":501,"column":32},"end":{"line":501,"column":32}}]},"23":{"line":509,"type":"if","locations":[{"start":{"line":509,"column":55},"end":{"line":509,"column":55}},{"start":{"line":509,"column":55},"end":{"line":509,"column":55}}]},"24":{"line":524,"type":"if","locations":[{"start":{"line":524,"column":15},"end":{"line":524,"column":15}},{"start":{"line":524,"column":15},"end":{"line":524,"column":15}}]},"25":{"line":525,"type":"if","locations":[{"start":{"line":525,"column":8},"end":{"line":525,"column":8}},{"start":{"line":525,"column":8},"end":{"line":525,"column":8}}]},"26":{"line":529,"type":"if","locations":[{"start":{"line":529,"column":8},"end":{"line":529,"column":8}},{"start":{"line":529,"column":8},"end":{"line":529,"column":8}}]},"27":{"line":556,"type":"if","locations":[{"start":{"line":556,"column":15},"end":{"line":556,"column":15}},{"start":{"line":556,"column":15},"end":{"line":556,"column":15}}]},"28":{"line":556,"type":"if","locations":[{"start":{"line":556,"column":25},"end":{"line":556,"column":25}},{"start":{"line":556,"column":25},"end":{"line":556,"column":25}}]},"29":{"line":556,"type":"if","locations":[{"start":{"line":556,"column":39},"end":{"line":556,"column":39}},{"start":{"line":556,"column":39},"end":{"line":556,"column":39}}]},"30":{"line":557,"type":"if","locations":[{"start":{"line":557,"column":8},"end":{"line":557,"column":8}},{"start":{"line":557,"column":8},"end":{"line":557,"column":8}}]},"31":{"line":558,"type":"if","locations":[{"start":{"line":558,"column":8},"end":{"line":558,"column":8}},{"start":{"line":558,"column":8},"end":{"line":558,"column":8}}]},"32":{"line":561,"type":"if","locations":[{"start":{"line":561,"column":8},"end":{"line":561,"column":8}},{"start":{"line":561,"column":8},"end":{"line":561,"column":8}}]},"33":{"line":595,"type":"if","locations":[{"start":{"line":595,"column":15},"end":{"line":595,"column":15}},{"start":{"line":595,"column":15},"end":{"line":595,"column":15}}]},"34":{"line":595,"type":"if","locations":[{"start":{"line":595,"column":25},"end":{"line":595,"column":25}},{"start":{"line":595,"column":25},"end":{"line":595,"column":25}}]},"35":{"line":595,"type":"if","locations":[{"start":{"line":595,"column":39},"end":{"line":595,"column":39}},{"start":{"line":595,"column":39},"end":{"line":595,"column":39}}]},"36":{"line":596,"type":"if","locations":[{"start":{"line":596,"column":8},"end":{"line":596,"column":8}},{"start":{"line":596,"column":8},"end":{"line":596,"column":8}}]},"37":{"line":597,"type":"if","locations":[{"start":{"line":597,"column":8},"end":{"line":597,"column":8}},{"start":{"line":597,"column":8},"end":{"line":597,"column":8}}]},"38":{"line":600,"type":"if","locations":[{"start":{"line":600,"column":8},"end":{"line":600,"column":8}},{"start":{"line":600,"column":8},"end":{"line":600,"column":8}}]},"39":{"line":665,"type":"if","locations":[{"start":{"line":665,"column":76},"end":{"line":665,"column":76}},{"start":{"line":665,"column":76},"end":{"line":665,"column":76}}]},"40":{"line":675,"type":"cond-expr","locations":[{"start":{"line":675,"column":15},"end":{"line":675,"column":38}},{"start":{"line":675,"column":43},"end":{"line":675,"column":60}}]},"41":{"line":726,"type":"if","locations":[{"start":{"line":726,"column":15},"end":{"line":726,"column":15}},{"start":{"line":726,"column":15},"end":{"line":726,"column":15}}]},"42":{"line":726,"type":"if","locations":[{"start":{"line":726,"column":29},"end":{"line":726,"column":29}},{"start":{"line":726,"column":29},"end":{"line":726,"column":29}}]},"43":{"line":728,"type":"if","locations":[{"start":{"line":728,"column":8},"end":{"line":728,"column":8}},{"start":{"line":728,"column":8},"end":{"line":728,"column":8}}]},"44":{"line":729,"type":"if","locations":[{"start":{"line":729,"column":8},"end":{"line":729,"column":8}},{"start":{"line":729,"column":8},"end":{"line":729,"column":8}}]},"45":{"line":739,"type":"if","locations":[{"start":{"line":739,"column":12},"end":{"line":739,"column":12}},{"start":{"line":739,"column":12},"end":{"line":739,"column":12}}]},"46":{"line":755,"type":"if","locations":[{"start":{"line":755,"column":12},"end":{"line":755,"column":12}},{"start":{"line":755,"column":12},"end":{"line":755,"column":12}}]},"47":{"line":782,"type":"if","locations":[{"start":{"line":782,"column":8},"end":{"line":782,"column":8}},{"start":{"line":782,"column":8},"end":{"line":782,"column":8}}]},"48":{"line":806,"type":"if","locations":[{"start":{"line":806,"column":8},"end":{"line":806,"column":8}},{"start":{"line":806,"column":8},"end":{"line":806,"column":8}}]}}},"contracts/core/CarbonMarketplace.sol":{"l":{"207":351,"208":351,"209":7,"211":344,"218":1,"234":264,"235":263,"236":262,"238":261,"239":261,"240":3,"242":261,"243":261,"244":261,"246":261,"247":261,"248":261,"249":261,"250":261,"270":203,"272":203,"273":200,"274":197,"275":3,"278":194,"280":194,"282":194,"294":194,"295":194,"298":194,"300":194,"302":194,"310":15,"311":15,"313":15,"314":13,"315":12,"317":10,"320":10,"328":10,"342":24,"343":24,"345":24,"346":22,"347":20,"349":18,"350":9,"353":18,"354":13,"356":8,"357":8,"358":2,"360":6,"369":5,"370":5,"378":11,"381":16,"393":33,"394":33,"396":33,"397":32,"398":31,"399":1,"401":30,"402":28,"403":24,"404":2,"407":22,"408":22,"411":19,"412":19,"415":19,"416":19,"417":5,"421":19,"430":19,"431":19,"434":19,"435":18,"436":18,"440":19,"441":5,"442":5,"445":19,"471":71,"473":71,"474":69,"476":67,"477":67,"479":66,"481":66,"493":66,"496":66,"497":2,"498":2,"501":66,"503":66,"511":8,"512":8,"514":8,"515":7,"516":6,"518":4,"521":4,"522":4,"524":4,"532":18,"533":18,"535":18,"536":16,"537":14,"538":2,"540":12,"541":11,"542":2,"545":9,"547":9,"548":9,"549":9,"552":9,"561":9,"562":9,"565":9,"566":9,"567":9,"570":9,"588":19,"589":19,"591":19,"592":18,"598":17,"599":17,"601":17,"602":5,"605":12,"608":12,"609":12,"611":12,"646":32,"653":14,"669":12,"670":11,"672":11,"673":11,"676":11,"677":11,"678":73,"679":71,"683":11,"684":2,"688":9,"689":9,"691":9,"692":9,"693":9,"695":9,"696":55,"697":53,"698":43,"699":43,"701":53,"705":9,"728":1,"729":1,"731":1,"732":1,"734":1,"735":1,"736":3,"737":3,"741":1,"742":0,"745":1,"746":1,"748":1,"749":1,"750":1,"752":1,"753":3,"754":3,"755":3,"756":3,"758":3,"762":1,"763":1,"778":2,"779":2,"781":2,"782":2,"784":2,"785":2,"786":9,"787":8,"791":2,"792":1,"795":1,"796":1,"798":1,"799":1,"800":1,"802":1,"803":6,"804":5,"805":5,"806":5,"808":5,"812":1,"833":2,"834":2,"836":2,"837":2,"839":2,"840":2,"841":6,"842":5,"846":2,"847":1,"850":1,"851":1,"853":1,"854":1,"855":1,"857":1,"858":5,"859":4,"860":4,"861":4,"863":4,"867":1,"882":1,"883":1,"884":5,"885":4,"896":1,"897":1,"898":3,"899":3,"912":2,"913":2,"916":2,"917":2,"918":12,"919":11,"923":2,"924":2,"925":2,"926":12,"927":11,"931":2,"939":2,"947":2,"957":2,"958":2,"959":2,"960":2,"969":579,"970":579,"980":4,"981":2,"982":4,"983":4,"991":14,"998":7,"999":4,"1000":4,"1001":4,"1008":3,"1009":2,"1016":6,"1023":6,"1030":1,"1031":1,"1032":1,"1046":2,"1061":3,"1062":3,"1064":3,"1066":3,"1067":3,"1068":3,"1081":2,"1082":2,"1084":2,"1086":2,"1087":2,"1088":2,"1109":1,"1110":1,"1111":1,"1113":1,"1114":1,"1115":1,"1117":1,"1118":2,"1119":2,"1121":2,"1122":2,"1123":2,"1125":2,"1126":2,"1127":2,"1129":2,"1146":7,"1147":7,"1148":7,"1150":7,"1151":7,"1153":7,"1154":8,"1155":8,"1157":8,"1158":2,"1159":2,"1161":1,"1162":1,"1164":1,"1165":1,"1167":1,"1168":1,"1170":3,"1171":3,"1174":8},"path":"/Users/rameshtamilselvan/Downloads/aethelred/dApps/terraqura/apps/contracts/contracts/core/CarbonMarketplace.sol","s":{"1":351,"2":351,"3":1,"4":264,"5":263,"6":262,"7":261,"8":261,"9":3,"10":261,"11":261,"12":261,"13":203,"14":203,"15":200,"16":197,"17":194,"18":194,"19":194,"20":194,"21":194,"22":194,"23":15,"24":15,"25":15,"26":13,"27":12,"28":10,"29":10,"30":24,"31":24,"32":24,"33":22,"34":20,"35":18,"36":18,"37":13,"38":8,"39":8,"40":6,"41":5,"42":5,"43":16,"44":33,"45":33,"46":33,"47":32,"48":31,"49":30,"50":28,"51":24,"52":22,"53":22,"54":19,"55":19,"56":19,"57":19,"58":19,"59":19,"60":19,"61":18,"62":18,"63":19,"64":5,"65":5,"66":19,"67":71,"68":71,"69":69,"70":67,"71":67,"72":66,"73":66,"74":2,"75":2,"76":66,"77":66,"78":8,"79":8,"80":8,"81":7,"82":6,"83":4,"84":4,"85":4,"86":18,"87":18,"88":18,"89":16,"90":14,"91":12,"92":11,"93":9,"94":9,"95":9,"96":9,"97":9,"98":9,"99":9,"100":9,"101":9,"102":9,"103":19,"104":19,"105":19,"106":18,"107":17,"108":17,"109":17,"110":12,"111":12,"112":12,"113":32,"114":14,"115":12,"116":11,"117":11,"118":11,"119":11,"120":11,"121":73,"122":11,"123":9,"124":9,"125":9,"126":9,"127":9,"128":9,"129":55,"130":53,"131":1,"132":1,"133":1,"134":1,"135":1,"136":1,"137":3,"138":1,"139":1,"140":1,"141":1,"142":1,"143":1,"144":3,"145":3,"146":2,"147":2,"148":2,"149":2,"150":2,"151":2,"152":9,"153":2,"154":1,"155":1,"156":1,"157":1,"158":1,"159":1,"160":6,"161":5,"162":2,"163":2,"164":2,"165":2,"166":2,"167":2,"168":6,"169":2,"170":1,"171":1,"172":1,"173":1,"174":1,"175":1,"176":5,"177":4,"178":1,"179":1,"180":5,"181":1,"182":1,"183":3,"184":2,"185":2,"186":2,"187":2,"188":12,"189":2,"190":2,"191":2,"192":12,"193":2,"194":2,"195":2,"196":2,"197":579,"198":4,"199":2,"200":4,"201":7,"202":4,"203":4,"204":3,"205":6,"206":6,"207":1,"208":1,"209":1,"210":2,"211":3,"212":3,"213":3,"214":2,"215":2,"216":2,"217":1,"218":1,"219":1,"220":1,"221":2,"222":2,"223":2,"224":2,"225":7,"226":7,"227":7,"228":7,"229":8,"230":8,"231":8,"232":6,"233":5,"234":4},"b":{"1":[7,344],"2":[264,0],"3":[1,263],"4":[1,262],"5":[1,261],"6":[3,258],"7":[206,2],"8":[203,3],"9":[203,0],"10":[3,200],"11":[3,197],"12":[3,194],"13":[19,175],"14":[15,0],"15":[2,13],"16":[1,12],"17":[2,10],"18":[24,0],"19":[2,22],"20":[2,20],"21":[2,18],"22":[9,9],"23":[13,5],"24":[8,5],"25":[2,6],"26":[34,1],"27":[33,1],"28":[33,0],"29":[1,32],"30":[1,31],"31":[1,30],"32":[2,28],"33":[4,24],"34":[2,2],"35":[2,22],"36":[3,19],"37":[5,14],"38":[0,19],"39":[18,1],"40":[0,18],"41":[5,14],"42":[0,5],"43":[73,1],"44":[71,2],"45":[71,0],"46":[2,69],"47":[2,67],"48":[1,66],"49":[2,64],"50":[0,2],"51":[8,0],"52":[1,7],"53":[1,6],"54":[2,4],"55":[0,4],"56":[19,0],"57":[18,1],"58":[18,0],"59":[2,16],"60":[2,14],"61":[2,12],"62":[1,11],"63":[2,9],"64":[0,9],"65":[9,0],"66":[0,9],"67":[19,0],"68":[19,0],"69":[1,18],"70":[1,17],"71":[5,12],"72":[0,12],"73":[1,11],"74":[1,10],"75":[71,2],"76":[2,9],"77":[7,2],"78":[5,4],"79":[53,2],"80":[43,10],"81":[0,1],"82":[0,1],"83":[3,0],"84":[0,1],"85":[1,0],"86":[1,0],"87":[3,0],"88":[3,0],"89":[0,2],"90":[0,2],"91":[8,1],"92":[1,1],"93":[1,0],"94":[0,1],"95":[5,1],"96":[5,0],"97":[0,2],"98":[0,2],"99":[5,1],"100":[1,1],"101":[1,0],"102":[1,0],"103":[4,1],"104":[4,0],"105":[4,1],"106":[3,0],"107":[11,1],"108":[11,1],"109":[579,0],"110":[4,0],"111":[2,2],"112":[14,1],"113":[7,1],"114":[3,4],"115":[3,1],"116":[1,2],"117":[6,1],"118":[6,0],"119":[1,1],"120":[0,1],"121":[0,0],"122":[3,0],"123":[2,0],"124":[1,0],"125":[1,0],"126":[7,0],"127":[7,0],"128":[2,6],"129":[1,5],"130":[1,4],"131":[1,3]},"f":{"1":351,"2":1,"3":264,"4":203,"5":15,"6":24,"7":33,"8":71,"9":8,"10":18,"11":19,"12":32,"13":14,"14":12,"15":1,"16":2,"17":2,"18":1,"19":1,"20":2,"21":2,"22":2,"23":2,"24":579,"25":4,"26":14,"27":7,"28":3,"29":6,"30":6,"31":1,"32":0,"33":2,"34":3,"35":2,"36":1,"37":7},"fnMap":{"1":{"name":"onlyKycVerified","line":206,"loc":{"start":{"line":206,"column":4},"end":{"line":212,"column":4}}},"2":{"name":"constructor","line":217,"loc":{"start":{"line":217,"column":4},"end":{"line":219,"column":4}}},"3":{"name":"initialize","line":233,"loc":{"start":{"line":228,"column":4},"end":{"line":251,"column":4}}},"4":{"name":"createListing","line":269,"loc":{"start":{"line":263,"column":4},"end":{"line":303,"column":4}}},"5":{"name":"cancelListing","line":309,"loc":{"start":{"line":309,"column":4},"end":{"line":329,"column":4}}},"6":{"name":"updateListing","line":341,"loc":{"start":{"line":337,"column":4},"end":{"line":382,"column":4}}},"7":{"name":"purchase","line":392,"loc":{"start":{"line":389,"column":4},"end":{"line":454,"column":4}}},"8":{"name":"createOffer","line":470,"loc":{"start":{"line":465,"column":4},"end":{"line":504,"column":4}}},"9":{"name":"cancelOffer","line":510,"loc":{"start":{"line":510,"column":4},"end":{"line":525,"column":4}}},"10":{"name":"acceptOffer","line":531,"loc":{"start":{"line":531,"column":4},"end":{"line":578,"column":4}}},"11":{"name":"rejectOffer","line":587,"loc":{"start":{"line":587,"column":4},"end":{"line":612,"column":4}}},"12":{"name":"getListing","line":645,"loc":{"start":{"line":645,"column":4},"end":{"line":647,"column":4}}},"13":{"name":"getOffer","line":652,"loc":{"start":{"line":652,"column":4},"end":{"line":654,"column":4}}},"14":{"name":"getPaginatedListings","line":664,"loc":{"start":{"line":664,"column":4},"end":{"line":712,"column":4}}},"15":{"name":"getPaginatedListingDetails","line":723,"loc":{"start":{"line":723,"column":4},"end":{"line":764,"column":4}}},"16":{"name":"getPaginatedSellerListings","line":773,"loc":{"start":{"line":773,"column":4},"end":{"line":819,"column":4}}},"17":{"name":"getPaginatedBuyerOffers","line":828,"loc":{"start":{"line":828,"column":4},"end":{"line":874,"column":4}}},"18":{"name":"getActiveListingCount","line":881,"loc":{"start":{"line":881,"column":4},"end":{"line":888,"column":4}}},"19":{"name":"getActiveOfferCount","line":895,"loc":{"start":{"line":895,"column":4},"end":{"line":902,"column":4}}},"20":{"name":"getActiveListingsForToken","line":911,"loc":{"start":{"line":911,"column":4},"end":{"line":932,"column":4}}},"21":{"name":"getSellerListings","line":938,"loc":{"start":{"line":938,"column":4},"end":{"line":940,"column":4}}},"22":{"name":"getBuyerOffers","line":946,"loc":{"start":{"line":946,"column":4},"end":{"line":948,"column":4}}},"23":{"name":"calculateTotalPrice","line":953,"loc":{"start":{"line":953,"column":4},"end":{"line":961,"column":4}}},"24":{"name":"setKycStatus","line":968,"loc":{"start":{"line":968,"column":4},"end":{"line":971,"column":4}}},"25":{"name":"batchSetKycStatus","line":979,"loc":{"start":{"line":976,"column":4},"end":{"line":985,"column":4}}},"26":{"name":"setKycRequired","line":990,"loc":{"start":{"line":990,"column":4},"end":{"line":992,"column":4}}},"27":{"name":"setPlatformFee","line":997,"loc":{"start":{"line":997,"column":4},"end":{"line":1002,"column":4}}},"28":{"name":"setFeeRecipient","line":1007,"loc":{"start":{"line":1007,"column":4},"end":{"line":1010,"column":4}}},"29":{"name":"pause","line":1015,"loc":{"start":{"line":1015,"column":4},"end":{"line":1017,"column":4}}},"30":{"name":"unpause","line":1022,"loc":{"start":{"line":1022,"column":4},"end":{"line":1024,"column":4}}},"31":{"name":"emergencyWithdraw","line":1029,"loc":{"start":{"line":1029,"column":4},"end":{"line":1033,"column":4}}},"32":{"name":"_authorizeUpgrade","line":1037,"loc":{"start":{"line":1037,"column":4},"end":{"line":1037,"column":87}}},"33":{"name":"version","line":1045,"loc":{"start":{"line":1045,"column":4},"end":{"line":1047,"column":4}}},"34":{"name":"batchGetListings","line":1058,"loc":{"start":{"line":1058,"column":4},"end":{"line":1070,"column":4}}},"35":{"name":"batchGetOffers","line":1078,"loc":{"start":{"line":1078,"column":4},"end":{"line":1090,"column":4}}},"36":{"name":"batchCalculatePrices","line":1101,"loc":{"start":{"line":1101,"column":4},"end":{"line":1132,"column":4}}},"37":{"name":"batchValidatePurchases","line":1142,"loc":{"start":{"line":1142,"column":4},"end":{"line":1176,"column":4}}}},"statementMap":{"1":{"start":{"line":207,"column":8},"end":{"line":207,"column":37}},"2":{"start":{"line":208,"column":8},"end":{"line":208,"column":5895}},"3":{"start":{"line":218,"column":8},"end":{"line":218,"column":29}},"4":{"start":{"line":234,"column":8},"end":{"line":234,"column":77}},"5":{"start":{"line":235,"column":8},"end":{"line":235,"column":69}},"6":{"start":{"line":236,"column":8},"end":{"line":236,"column":62}},"7":{"start":{"line":238,"column":8},"end":{"line":238,"column":23}},"8":{"start":{"line":239,"column":0},"end":{"line":239,"column":6860}},"9":{"start":{"line":240,"column":4},"end":{"line":240,"column":29}},"10":{"start":{"line":242,"column":8},"end":{"line":242,"column":24}},"11":{"start":{"line":243,"column":8},"end":{"line":243,"column":31}},"12":{"start":{"line":244,"column":8},"end":{"line":244,"column":31}},"13":{"start":{"line":270,"column":8},"end":{"line":270,"column":37}},"14":{"start":{"line":272,"column":8},"end":{"line":272,"column":52}},"15":{"start":{"line":273,"column":8},"end":{"line":273,"column":47}},"16":{"start":{"line":274,"column":8},"end":{"line":274,"column":8032}},"17":{"start":{"line":280,"column":8},"end":{"line":280,"column":73}},"18":{"start":{"line":294,"column":8},"end":{"line":294,"column":45}},"19":{"start":{"line":295,"column":8},"end":{"line":295,"column":45}},"20":{"start":{"line":298,"column":8},"end":{"line":298,"column":80}},"21":{"start":{"line":300,"column":8},"end":{"line":300,"column":77}},"22":{"start":{"line":302,"column":8},"end":{"line":302,"column":24}},"23":{"start":{"line":310,"column":8},"end":{"line":310,"column":37}},"24":{"start":{"line":311,"column":8},"end":{"line":311,"column":53}},"25":{"start":{"line":313,"column":8},"end":{"line":313,"column":60}},"26":{"start":{"line":314,"column":8},"end":{"line":314,"column":56}},"27":{"start":{"line":315,"column":8},"end":{"line":315,"column":63}},"28":{"start":{"line":320,"column":8},"end":{"line":320,"column":9520}},"29":{"start":{"line":328,"column":8},"end":{"line":328,"column":48}},"30":{"start":{"line":342,"column":8},"end":{"line":342,"column":37}},"31":{"start":{"line":343,"column":8},"end":{"line":343,"column":53}},"32":{"start":{"line":345,"colum
[...]
lumn":12},"end":{"line":204,"column":68}},"43":{"start":{"line":209,"column":8},"end":{"line":209,"column":70}},"44":{"start":{"line":210,"column":8},"end":{"line":210,"column":46}},"45":{"start":{"line":210,"column":38},"end":{"line":210,"column":46}},"46":{"start":{"line":212,"column":8},"end":{"line":212,"column":38}},"47":{"start":{"line":224,"column":8},"end":{"line":224,"column":69}},"48":{"start":{"line":227,"column":8},"end":{"line":227,"column":44}},"49":{"start":{"line":238,"column":8},"end":{"line":238,"column":57}},"50":{"start":{"line":239,"column":8},"end":{"line":239,"column":56}},"51":{"start":{"line":240,"column":8},"end":{"line":240,"column":72}},"52":{"start":{"line":241,"column":8},"end":{"line":241,"column":74}},"53":{"start":{"line":244,"column":8},"end":{"line":244,"column":89}},"54":{"start":{"line":245,"column":8},"end":{"line":245,"column":7878}},"55":{"start":{"line":252,"column":8},"end":{"line":252,"column":61}},"56":{"start":{"line":253,"column":8},"end":{"line":253,"column":42}},"57":{"start":{"line":255,"column":8},"end":{"line":255,"column":58}},"58":{"start":{"line":270,"column":8},"end":{"line":270,"column":36}}},"branchMap":{"1":{"line":60,"type":"if","locations":[{"start":{"line":60,"column":8},"end":{"line":60,"column":8}},{"start":{"line":60,"column":8},"end":{"line":60,"column":8}}]},"2":{"line":71,"type":"if","locations":[{"start":{"line":71,"column":55},"end":{"line":71,"column":55}},{"start":{"line":71,"column":55},"end":{"line":71,"column":55}}]},"3":{"line":90,"type":"if","locations":[{"start":{"line":90,"column":32},"end":{"line":90,"column":32}},{"start":{"line":90,"column":32},"end":{"line":90,"column":32}}]},"4":{"line":91,"type":"if","locations":[{"start":{"line":91,"column":8},"end":{"line":91,"column":8}},{"start":{"line":91,"column":8},"end":{"line":91,"column":8}}]},"5":{"line":92,"type":"if","locations":[{"start":{"line":92,"column":8},"end":{"line":92,"column":8}},{"start":{"line":92,"column":8},"end":{"line":92,"column":8}}]},"6":{"line":93,"type":"if","locations":[{"start":{"line":93,"column":8},"end":{"line":93,"column":8}},{"start":{"line":93,"column":8},"end":{"line":93,"column":8}}]},"7":{"line":111,"type":"if","locations":[{"start":{"line":111,"column":8},"end":{"line":111,"column":8}},{"start":{"line":111,"column":8},"end":{"line":111,"column":8}}]},"8":{"line":113,"type":"if","locations":[{"start":{"line":113,"column":12},"end":{"line":113,"column":12}},{"start":{"line":113,"column":12},"end":{"line":113,"column":12}}]},"9":{"line":126,"type":"if","locations":[{"start":{"line":126,"column":24},"end":{"line":126,"column":24}},{"start":{"line":126,"column":24},"end":{"line":126,"column":24}}]},"10":{"line":127,"type":"if","locations":[{"start":{"line":127,"column":8},"end":{"line":127,"column":8}},{"start":{"line":127,"column":8},"end":{"line":127,"column":8}}]},"11":{"line":128,"type":"if","locations":[{"start":{"line":128,"column":8},"end":{"line":128,"column":8}},{"start":{"line":128,"column":8},"end":{"line":128,"column":8}}]},"12":{"line":129,"type":"if","locations":[{"start":{"line":129,"column":8},"end":{"line":129,"column":8}},{"start":{"line":129,"column":8},"end":{"line":129,"column":8}}]},"13":{"line":144,"type":"if","locations":[{"start":{"line":144,"column":24},"end":{"line":144,"column":24}},{"start":{"line":144,"column":24},"end":{"line":144,"column":24}}]},"14":{"line":145,"type":"if","locations":[{"start":{"line":145,"column":8},"end":{"line":145,"column":8}},{"start":{"line":145,"column":8},"end":{"line":145,"column":8}}]},"15":{"line":146,"type":"if","locations":[{"start":{"line":146,"column":8},"end":{"line":146,"column":8}},{"start":{"line":146,"column":8},"end":{"line":146,"column":8}}]},"16":{"line":151,"type":"if","locations":[{"start":{"line":151,"column":12},"end":{"line":151,"column":12}},{"start":{"line":151,"column":12},"end":{"line":151,"column":12}}]},"17":{"line":152,"type":"if","locations":[{"start":{"line":152,"column":12},"end":{"line":152,"column":12}},{"start":{"line":152,"column":12},"end":{"line":152,"column":12}}]},"18":{"line":166,"type":"if","locations":[{"start":{"line":166,"column":57},"end":{"line":166,"column":57}},{"start":{"line":166,"column":57},"end":{"line":166,"column":57}}]},"19":{"line":168,"type":"if","locations":[{"start":{"line":168,"column":8},"end":{"line":168,"column":8}},{"start":{"line":168,"column":8},"end":{"line":168,"column":8}}]},"20":{"line":175,"type":"if","locations":[{"start":{"line":175,"column":8},"end":{"line":175,"column":8}},{"start":{"line":175,"column":8},"end":{"line":175,"column":8}}]},"21":{"line":188,"type":"if","locations":[{"start":{"line":188,"column":8},"end":{"line":188,"column":8}},{"start":{"line":188,"column":8},"end":{"line":188,"column":8}}]},"22":{"line":189,"type":"if","locations":[{"start":{"line":189,"column":8},"end":{"line":189,"column":8}},{"start":{"line":189,"column":8},"end":{"line":189,"column":8}}]},"23":{"line":190,"type":"if","locations":[{"start":{"line":190,"column":8},"end":{"line":190,"column":8}},{"start":{"line":190,"column":8},"end":{"line":190,"column":8}}]},"24":{"line":193,"type":"if","locations":[{"start":{"line":193,"column":8},"end":{"line":193,"column":8}},{"start":{"line":193,"column":8},"end":{"line":193,"column":8}}]},"25":{"line":200,"type":"if","locations":[{"start":{"line":200,"column":8},"end":{"line":200,"column":8}},{"start":{"line":200,"column":8},"end":{"line":200,"column":8}}]},"26":{"line":210,"type":"if","locations":[{"start":{"line":210,"column":8},"end":{"line":210,"column":8}},{"start":{"line":210,"column":8},"end":{"line":210,"column":8}}]},"27":{"line":223,"type":"if","locations":[{"start":{"line":223,"column":24},"end":{"line":223,"column":24}},{"start":{"line":223,"column":24},"end":{"line":223,"column":24}}]},"28":{"line":224,"type":"if","locations":[{"start":{"line":224,"column":8},"end":{"line":224,"column":8}},{"start":{"line":224,"column":8},"end":{"line":224,"column":8}}]},"29":{"line":237,"type":"if","locations":[{"start":{"line":237,"column":24},"end":{"line":237,"column":24}},{"start":{"line":237,"column":24},"end":{"line":237,"column":24}}]},"30":{"line":239,"type":"if","locations":[{"start":{"line":239,"column":8},"end":{"line":239,"column":8}},{"start":{"line":239,"column":8},"end":{"line":239,"column":8}}]},"31":{"line":240,"type":"if","locations":[{"start":{"line":240,"column":8},"end":{"line":240,"column":8}},{"start":{"line":240,"column":8},"end":{"line":240,"column":8}}]},"32":{"line":241,"type":"if","locations":[{"start":{"line":241,"column":8},"end":{"line":241,"column":8}},{"start":{"line":241,"column":8},"end":{"line":241,"column":8}}]},"33":{"line":245,"type":"if","locations":[{"start":{"line":245,"column":8},"end":{"line":245,"column":8}},{"start":{"line":245,"column":8},"end":{"line":245,"column":8}}]},"34":{"line":253,"type":"if","locations":[{"start":{"line":253,"column":8},"end":{"line":253,"column":8}},{"start":{"line":253,"column":8},"end":{"line":253,"column":8}}]},"35":{"line":263,"type":"if","locations":[{"start":{"line":263,"column":61},"end":{"line":263,"column":61}},{"start":{"line":263,"column":61},"end":{"line":263,"column":61}}]},"36":{"line":275,"type":"if","locations":[{"start":{"line":275,"column":58},"end":{"line":275,"column":58}},{"start":{"line":275,"column":58},"end":{"line":275,"column":58}}]}}},"contracts/security/CircuitBreaker.sol":{"l":{"121":38,"122":1,"124":37,"135":1,"139":68,"140":68,"141":1,"143":68,"145":68,"146":68,"147":68,"150":68,"151":68,"161":11,"162":11,"163":11,"170":2,"171":2,"172":2,"181":15,"182":15,"183":15,"184":15,"185":15,"186":15,"188":15,"196":7,"199":7,"200":2,"203":5,"204":5,"205":5,"207":5,"217":11,"218":2,"221":9,"222":9,"224":9,"235":50,"236":5,"239":45,"242":45,"243":4,"244":4,"248":45,"249":10,"250":10,"254":45,"255":5,"256":5,"259":40,"260":40,"270":20,"271":2,"274":18,"277":18,"278":1,"279":1,"283":18,"284":11,"285":11,"289":18,"290":5,"291":5,"294":13,"295":13,"304":53,"305":53,"312":1,"313":1,"320":12,"327":9,"334":1,"335":1,"342":81,"343":81,"352":12,"353":9,"354":5,"355":4,"366":1,"378":4,"379":4},"path":"/Users/rameshtamilselvan/Downloads/aethelred/dApps/terraqura/apps/contracts/contracts/security/CircuitBreaker.sol","s":{"1":38,"2":1,"3":68,"4":68,"5":1,"6":68,"7":68,"8":11,"9":2,"10":15,"11":15,"12":7,"13":7,"14":5,"15":11,"16":9,"17":9,"18":50,"19":5,"20":45,"21":45,"22":45,"23":45,"24":5,"25":5,"26":40,"27":20,"28":2,"29":18,"30":18,"31":18,"32":18,"33":5,"34":5,"35":13,"36":53,"37":1,"38":81,"39":12,"40":3,"41":9,"42":4,"43":5,"44":1,"45":4,"46":1,"47":4,"48":4},"b":{"1":[1,37],"2":[68,0],"3":[1,67],"4":[11,1],"5":[2,1],"6":[15,0],"7":[7,0],"8":[2,5],"9":[11,0],"10":[2,9],"11":[5,45],"12":[3,2],"13":[4,41],"14":[10,35],"15":[5,40],"16":[2,18],"17":[1,1],"18":[1,17],"19":[11,7],"20":[5,13],"21":[53,1],"22":[1,1],"23":[12,0],"24":[9,0],"25":[1,0],"26":[81,0],"27":[3,9],"28":[4,5],"29":[1,4],"30":[0,0]},"f":{"1":38,"2":1,"3":68,"4":11,"5":2,"6":15,"7":7,"8":11,"9":50,"10":20,"11":53,"12":1,"13":12,"14":9,"15":1,"16":81,"17":12,"18":1,"19":4,"20":0},"fnMap":{"1":{"name":"onlyPauser","line":120,"loc":{"start":{"line":120,"column":4},"end":{"line":125,"column":4}}},"2":{"name":"constructor","line":134,"loc":{"start":{"line":134,"column":4},"end":{"line":136,"column":4}}},"3":{"name":"initialize","line":138,"loc":{"start":{"line":138,"column":4},"end":{"line":152,"column":4}}},"4":{"name":"activateGlobalPause","line":160,"loc":{"start":{"line":160,"column":4},"end":{"line":164,"column":4}}},"5":{"name":"deactivateGlobalPause","line":169,"loc":{"start":{"line":169,"column":4},"end":{"line":173,"column":4}}},"6":{"name":"pauseContract","line":180,"loc":{"start":{"line":180,"column":4},"end":{"line":189,"column":4}}},"7":{"name":"unpauseContract","line":195,"loc":{"start":{"line":195,"column":4},"end":{"line":208,"column":4}}},"8":{"name":"setSecurityLevel","line":215,"loc":{"start":{"line":215,"column":4},"end":{"line":225,"column":4}}},"9":{"name":"checkRateLimit","line":234,"loc":{"start":{"line":234,"column":4},"end":{"line":261,"column":4}}},"10":{"name":"checkVolumeLimit","line":269,"loc":{"start":{"line":269,"column":4},"end":{"line":296,"column":4}}},"11":{"name":"addPauser","line":303,"loc":{"start":{"line":303,"column":4},"end":{"line":306,"column":4}}},"12":{"name":"removePauser","line":311,"loc":{"start":{"line":311,"column":4},"end":{"line":314,"column":4}}},"13":{"name":"setRateLimit","line":319,"loc":{"start":{"line":319,"column":4},"end":{"line":321,"column":4}}},"14":{"name":"setVolumeLimit","line":326,"loc":{"start":{"line":326,"column":4},"end":{"line":328,"column":4}}},"15":{"name":"setDefaultLimits","line":333,"loc":{"start":{"line":333,"column":4},"end":{"line":336,"column":4}}},"16":{"name":"registerContract","line":341,"loc":{"start":{"line":341,"column":4},"end":{"line":344,"column":4}}},"17":{"name":"isOperationAllowed","line":351,"loc":{"start":{"line":351,"column":4},"end":{"line":356,"column":4}}},"18":{"name":"getStatus","line":361,"loc":{"start":{"line":361,"column":4},"end":{"line":367,"column":4}}},"19":{"name":"getContractStatus","line":372,"loc":{"start":{"line":372,"column":4},"end":{"line":380,"column":4}}},"20":{"name":"_authorizeUpgrade","line":384,"loc":{"start":{"line":384,"column":4},"end":{"line":384,"column":69}}}},"statementMap":{"1":{"start":{"line":121,"column":8},"end":{"line":121,"column":4059}},"2":{"start":{"line":135,"column":8},"end":{"line":135,"column":29}},"3":{"start":{"line":139,"column":8},"end":{"line":139,"column":23}},"4":{"start":{"line":140,"column":8},"end":{"line":140,"column":4651}},"5":{"start":{"line":141,"column":12},"end":{"line":141,"column":37}},"6":{"start":{"line":143,"column":8},"end":{"line":143,"column":31}},"7":{"start":{"line":151,"column":8},"end":{"line":151,"column":32}},"8":{"start":{"line":163,"column":8},"end":{"line":163,"column":53}},"9":{"start":{"line":172,"column":8},"end":{"line":172,"column":47}},"10":{"start":{"line":181,"column":8},"end":{"line":181,"column":68}},"11":{"start":{"line":188,"column":8},"end":{"line":188,"column":61}},"12":{"start":{"line":196,"column":8},"end":{"line":196,"column":68}},"13":{"start":{"line":199,"column":8},"end":{"line":199,"column":6631}},"14":{"start":{"line":207,"column":8},"end":{"line":207,"column":55}},"15":{"start":{"line":217,"column":8},"end":{"line":217,"column":7234}},"16":{"start":{"line":221,"column":8},"end":{"line":221,"column":52}},"17":{"start":{"line":224,"column":8},"end":{"line":224,"column":58}},"18":{"start":{"line":235,"column":8},"end":{"line":235,"column":7841}},"19":{"start":{"line":236,"column":12},"end":{"line":236,"column":24}},"20":{"start":{"line":239,"column":8},"end":{"line":239,"column":58}},"21":{"start":{"line":242,"column":8},"end":{"line":242,"column":8043}},"22":{"start":{"line":248,"column":8},"end":{"line":248,"column":8248}},"23":{"start":{"line":254,"column":8},"end":{"line":254,"column":8434}},"24":{"start":{"line":255,"column":12},"end":{"line":255,"column":60}},"25":{"start":{"line":256,"column":12},"end":{"line":256,"column":24}},"26":{"start":{"line":260,"column":8},"end":{"line":260,"column":19}},"27":{"start":{"line":270,"column":8},"end":{"line":270,"column":8995}},"28":{"start":{"line":271,"column":12},"end":{"line":271,"column":24}},"29":{"start":{"line":274,"column":8},"end":{"line":274,"column":62}},"30":{"start":{"line":277,"column":8},"end":{"line":277,"column":9201}},"31":{"start":{"line":283,"column":8},"end":{"line":283,"column":9385}},"32":{"start":{"line":289,"column":8},"end":{"line":289,"column":9565}},"33":{"start":{"line":290,"column":12},"end":{"line":290,"column":80}},"34":{"start":{"line":291,"column":12},"end":{"line":291,"column":24}},"35":{"start":{"line":295,"column":8},"end":{"line":295,"column":19}},"36":{"start":{"line":305,"column":8},"end":{"line":305,"column":32}},"37":{"start":{"line":313,"column":8},"end":{"line":313,"column":34}},"38":{"start":{"line":342,"column":8},"end":{"line":342,"column":44}},"39":{"start":{"line":352,"column":8},"end":{"line":352,"column":37}},"40":{"start":{"line":352,"column":25},"end":{"line":352,"column":37}},"41":{"start":{"line":353,"column":8},"end":{"line":353,"column":63}},"42":{"start":{"line":353,"column":51},"end":{"line":353,"column":63}},"43":{"start":{"line":354,"column":8},"end":{"line":354,"column":72}},"44":{"start":{"line":354,"column":60},"end":{"line":354,"column":72}},"45":{"start":{"line":355,"column":8},"end":{"line":355,"column":19}},"46":{"start":{"line":366,"column":8},"end":{"line":366,"column":76}},"47":{"start":{"line":378,"column":8},"end":{"line":378,"column":68}},"48":{"start":{"line":379,"column":8},"end":{"line":379,"column":83}}},"branchMap":{"1":{"line":121,"type":"if","locations":[{"start":{"line":121,"column":8},"end":{"line":121,"column":8}},{"start":{"line":121,"column":8},"end":{"line":121,"column":8}}]},"2":{"line":138,"type":"if","locations":[{"start":{"line":138,"column":47},"end":{"line":138,"column":47}},{"start":{"line":138,"column":47},"end":{"line":138,"column":47}}]},"3":{"line":140,"type":"if","locations":[{"start":{"line":140,"column":8},"end":{"line":140,"column":8}},{"start":{"line":140,"column":8},"end":{"line":140,"column":8}}]},"4":{"line":160,"type":"if","locations":[{"start":{"line":160,"column":66},"end":{"line":160,"column":66}},{"start":{"line":160,"column":66},"end":{"line":160,"column":66}}]},"5":{"line":169,"type":"if","locations":[{"start":{"line":169,"column":46},"end":{"line":169,"column":46}},{"start":{"line":169,"column":46},"end":{"line":169,"column":46}}]},"6":{"line":180,"type":"if","locations":[{"start":{"line":180,"column":82},"end":{"line":180,"column":82}},{"start":{"line":180,"column":82},"end":{"line":180,"column":82}}]},"7":{"line":195,"type":"if","locations":[{"start":{"line":195,"column":60},"end":{"line":195,"column":60}},{"start":{"line":195,"column":60},"end":{"line":195,"column":60}}]},"8":{"line":199,"type":"if","locations":[{"start":{"line":199,"column":8},"end":{"line":199,"column":8}},{"start":{"line":199,"column":8},"end":{"line":199,"column":8}}]},"9":{"line":215,"type":"if","locations":[{"start":{"line":215,"column":84},"end":{"line":215,"column":84}},{"start":{"line":215,"column":84},"end":{"line":215,"column":84}}]},"10":{"line":217,"type":"if","locations":[{"start":{"line":217,"column":8},"end":{"line":217,"column":8}},{"start":{"line":217,"column":8},"end":{"line":217,"column":8}}]},"11":{"line":235,"type":"if","locations":[{"start":{"line":235,"column":8},"end":{"line":235,"column":8}},{"start":{"line":235,"column":8},"end":{"line":235,"column":8}}]},"12":{"line":235,"type":"cond-expr","locations":[{"start":{"line":235,"column":12},"end":{"line":235,"column":22}},{"start":{"line":235,"column":27},"end":{"line":235,"column":63}}]},"13":{"line":242,"type":"if","locations":[{"start":{"line":242,"column":8},"end":{"line":242,"column":8}},{"start":{"line":242,"column":8},"end":{"line":242,"column":8}}]},"14":{"line":248,"type":"if","locations":[{"start":{"line":248,"column":8},"end":{"line":248,"column":8}},{"start":{"line":248,"column":8},"end":{"line":248,"column":8}}]},"15":{"line":254,"type":"if","locations":[{"start":{"line":254,"column":8},"end":{"line":254,"column":8}},{"start":{"line":254,"column":8},"end":{"line":254,"column":8}}]},"16":{"line":270,"type":"if","locations":[{"start":{"line":270,"column":8},"end":{"line":270,"column":8}},{"start":{"line":270,"column":8},"end":{"line":270,"column":8}}]},"17":{"line":270,"type":"cond-expr","locations":[{"start":{"line":270,"column":12},"end":{"line":270,"column":22}},{"start":{"line":270,"column":27},"end":{"line":270,"column":63}}]},"18":{"line":277,"type":"if","locations":[{"start":{"line":277,"column":8},"end":{"line":277,"column":8}},{"start":{"line":277,"column":8},"end":{"line":277,"column":8}}]},"19":{"line":283,"type":"if","locations":[{"start":{"line":283,"column":8},"end":{"line":283,"column":8}},{"start":{"line":283,"column":8},"end":{"line":283,"column":8}}]},"20":{"line":289,"type":"if","locations":[{"start":{"line":289,"column":8},"end":{"line":289,"column":8}},{"start":{"line":289,"column":8},"end":{"line":289,"column":8}}]},"21":{"line":303,"type":"if","locations":[{"start":{"line":303,"column":48},"end":{"line":303,"column":48}},{"start":{"line":303,"column":48},"end":{"line":303,"column":48}}]},"22":{"line":311,"type":"if","locations":[{"start":{"line":311,"column":51},"end":{"line":311,"column":51}},{"start":{"line":311,"column":51},"end":{"line":311,"column":51}}]},"23":{"line":319,"type":"if","locations":[{"start":{"line":319,"column":77},"end":{"line":319,"column":77}},{"start":{"line":319,"column":77},"end":{"line":319,"column":77}}]},"24":{"line":326,"type":"if","locations":[{"start":{"line":326,"column":77},"end":{"line":326,"column":77}},{"start":{"line":326,"column":77},"end":{"line":326,"column":77}}]},"25":{"line":333,"type":"if","locations":[{"start":{"line":333,"column":79},"end":{"line":333,"column":79}},{"start":{"line":333,"column":79},"end":{"line":333,"column":79}}]},"26":{"line":341,"type":"if","locations":[{"start":{"line":341,"column":61},"end":{"line":341,"column":61}},{"start":{"line":341,"column":61},"end":{"line":341,"column":61}}]},"27":{"line":352,"type":"if","locations":[{"start":{"line":352,"column":8},"end":{"line":352,"column":8}},{"start":{"line":352,"column":8},"end":{"line":352,"column":8}}]},"28":{"line":353,"type":"if","locations":[{"start":{"line":353,"column":8},"end":{"line":353,"column":8}},{"start":{"line":353,"column":8},"end":{"line":353,"column":8}}]},"29":{"line":354,"type":"if","locations":[{"start":{"line":354,"column":8},"end":{"line":354,"column":8}},{"start":{"line":354,"column":8},"end":{"line":354,"column":8}}]},"30":{"line":384,"type":"if","locations":[{"start":{"line":384,"column":58},"end":{"line":384,"column":58}},{"start":{"line":384,"column":58},"end":{"line":384,"column":58}}]}}}}