{"contracts/security/CircuitBreaker.sol":{"l":{"122":41,"123":1,"125":40,"136":1,"140":73,"141":73,"142":1,"144":73,"146":73,"147":73,"148":73,"151":73,"152":73,"162":13,"163":13,"164":13,"171":4,"172":4,"173":4,"182":16,"183":16,"184":16,"185":16,"186":16,"187":16,"189":16,"197":7,"200":7,"201":2,"204":5,"205":5,"206":5,"208":5,"218":11,"219":2,"222":9,"223":9,"225":9,"239":152,"240":1,"242":151,"243":5,"246":146,"249":146,"250":4,"251":4,"255":146,"256":11,"257":11,"261":146,"262":6,"263":6,"266":140,"267":140,"278":21,"279":1,"281":20,"282":2,"285":18,"288":18,"289":1,"290":1,"294":18,"295":11,"296":11,"300":18,"301":5,"302":5,"305":13,"306":13,"315":54,"316":54,"323":1,"324":1,"331":13,"338":9,"345":1,"346":1,"353":84,"354":84,"363":48,"364":21,"365":16,"366":15,"377":1,"389":4,"390":4},"path":"/Users/rameshtamilselvan/Downloads/terraqura/apps/contracts/contracts/security/CircuitBreaker.sol","s":{"1":41,"2":1,"3":73,"4":73,"5":1,"6":73,"7":73,"8":13,"9":4,"10":16,"11":16,"12":7,"13":7,"14":5,"15":11,"16":9,"17":9,"18":152,"19":151,"20":5,"21":146,"22":146,"23":146,"24":146,"25":6,"26":6,"27":140,"28":21,"29":20,"30":2,"31":18,"32":18,"33":18,"34":18,"35":5,"36":5,"37":13,"38":54,"39":1,"40":84,"41":48,"42":27,"43":21,"44":5,"45":16,"46":1,"47":15,"48":1,"49":4,"50":4},"b":{"1":[1,40],"2":[73,0],"3":[1,72],"4":[13,1],"5":[4,1],"6":[16,0],"7":[7,0],"8":[2,5],"9":[11,0],"10":[2,9],"11":[1,151],"12":[5,146],"13":[3,2],"14":[4,142],"15":[11,135],"16":[6,140],"17":[1,20],"18":[2,18],"19":[1,1],"20":[1,17],"21":[11,7],"22":[5,13],"23":[54,1],"24":[1,1],"25":[13,0],"26":[9,0],"27":[1,0],"28":[84,0],"29":[27,21],"30":[5,16],"31":[1,15],"32":[0,0]},"f":{"1":41,"2":1,"3":73,"4":13,"5":4,"6":16,"7":7,"8":11,"9":152,"10":21,"11":54,"12":1,"13":13,"14":9,"15":1,"16":84,"17":48,"18":1,"19":4,"20":0},"fnMap":{"1":{"name":"onlyPauser","line":121,"loc":{"start":{"line":121,"column":4},"end":{"line":126,"column":4}}},"2":{"name":"constructor","line":135,"loc":{"start":{"line":135,"column":4},"end":{"line":137,"column":4}}},"3":{"name":"initialize","line":139,"loc":{"start":{"line":139,"column":4},"end":{"line":153,"column":4}}},"4":{"name":"activateGlobalPause","line":161,"loc":{"start":{"line":161,"column":4},"end":{"line":165,"column":4}}},"5":{"name":"deactivateGlobalPause","line":170,"loc":{"start":{"line":170,"column":4},"end":{"line":174,"column":4}}},"6":{"name":"pauseContract","line":181,"loc":{"start":{"line":181,"column":4},"end":{"line":190,"column":4}}},"7":{"name":"unpauseContract","line":196,"loc":{"start":{"line":196,"column":4},"end":{"line":209,"column":4}}},"8":{"name":"setSecurityLevel","line":216,"loc":{"start":{"line":216,"column":4},"end":{"line":226,"column":4}}},"9":{"name":"checkRateLimit","line":235,"loc":{"start":{"line":235,"column":4},"end":{"line":268,"column":4}}},"10":{"name":"checkVolumeLimit","line":276,"loc":{"start":{"line":276,"column":4},"end":{"line":307,"column":4}}},"11":{"name":"addPauser","line":314,"loc":{"start":{"line":314,"column":4},"end":{"line":317,"column":4}}},"12":{"name":"removePauser","line":322,"loc":{"start":{"line":322,"column":4},"end":{"line":325,"column":4}}},"13":{"name":"setRateLimit","line":330,"loc":{"start":{"line":330,"column":4},"end":{"line":332,"column":4}}},"14":{"name":"setVolumeLimit","line":337,"loc":{"start":{"line":337,"column":4},"end":{"line":339,"column":4}}},"15":{"name":"setDefaultLimits","line":344,"loc":{"start":{"line":344,"column":4},"end":{"line":347,"column":4}}},"16":{"name":"registerContract","line":352,"loc":{"start":{"line":352,"column":4},"end":{"line":355,"column":4}}},"17":{"name":"isOperationAllowed","line":362,"loc":{"start":{"line":362,"column":4},"end":{"line":367,"column":4}}},"18":{"name":"getStatus","line":372,"loc":{"start":{"line":372,"column":4},"end":{"line":378,"column":4}}},"19":{"name":"getContractStatus","line":383,"loc":{"start":{"line":383,"column":4},"end":{"line":391,"column":4}}},"20":{"name":"_authorizeUpgrade","line":395,"loc":{"start":{"line":395,"column":4},"end":{"line":395,"column":69}}}},"statementMap":{"1":{"start":{"line":122,"column":8},"end":{"line":122,"column":4098}},"2":{"start":{"line":136,"column":8},"end":{"line":136,"column":29}},"3":{"start":{"line":140,"column":8},"end":{"line":140,"column":23}},"4":{"start":{"line":141,"column":8},"end":{"line":141,"column":4690}},"5":{"start":{"line":142,"column":12},"end":{"line":142,"column":37}},"6":{"start":{"line":144,"column":8},"end":{"line":144,"column":31}},"7":{"start":{"line":152,"column":8},"end":{"line":152,"column":32}},"8":{"start":{"line":164,"column":8},"end":{"line":164,"column":53}},"9":{"start":{"line":173,"column":8},"end":{"line":173,"column":47}},"10":{"start":{"line":182,"column":8},"end":{"line":182,"column":68}},"11":{"start":{"line":189,"column":8},"end":{"line":189,"column":61}},"12":{"start":{"line":197,"column":8},"end":{"line":197,"column":68}},"13":{"start":{"line":200,"column":8},"end":{"line":200,"column":6670}},"14":{"start":{"line":208,"column":8},"end":{"line":208,"column":55}},"15":{"start":{"line":218,"column":8},"end":{"line":218,"column":7273}},"16":{"start":{"line":222,"column":8},"end":{"line":222,"column":52}},"17":{"start":{"line":225,"column":8},"end":{"line":225,"column":58}},"18":{"start":{"line":239,"column":8},"end":{"line":239,"column":8106}},"19":{"start":{"line":242,"column":8},"end":{"line":242,"column":8206}},"20":{"start":{"line":243,"column":12},"end":{"line":243,"column":24}},"21":{"start":{"line":246,"column":8},"end":{"line":246,"column":58}},"22":{"start":{"line":249,"column":8},"end":{"line":249,"column":8408}},"23":{"start":{"line":255,"column":8},"end":{"line":255,"column":8613}},"24":{"start":{"line":261,"column":8},"end":{"line":261,"column":8799}},"25":{"start":{"line":262,"column":12},"end":{"line":262,"column":60}},"26":{"start":{"line":263,"column":12},"end":{"line":263,"column":24}},"27":{"start":{"line":267,"column":8},"end":{"line":267,"column":19}},"28":{"start":{"line":278,"column":8},"end":{"line":278,"column":9413}},"29":{"start":{"line":281,"column":8},"end":{"line":281,"column":9513}},"30":{"start":{"line":282,"column":12},"end":{"line":282,"column":24}},"31":{"start":{"line":285,"column":8},"end":{"line":285,"column":62}},"32":{"start":{"line":288,"column":8},"end":{"line":288,"column":9719}},"33":{"start":{"line":294,"column":8},"end":{"line":294,"column":9903}},"34":{"start":{"line":300,"column":8},"end":{"line":300,"column":10083}},"35":{"start":{"line":301,"column":12},"end":{"line":301,"column":80}},"36":{"start":{"line":302,"column":12},"end":{"line":302,"column":24}},"37":{"start":{"line":306,"column":8},"end":{"line":306,"column":19}},"38":{"start":{"line":316,"column":8},"end":{"line":316,"column":32}},"39":{"start":{"line":324,"column":8},"end":{"line":324,"column":34}},"40":{"start":{"line":353,"column":8},"end":{"line":353,"column":44}},"41":{"start":{"line":363,"column":8},"end":{"line":363,"column":37}},"42":{"start":{"line":363,"column":25},"end":{"line":363,"column":37}},"43":{"start":{"line":364,"column":8},"end":{"line":364,"column":63}},"44":{"start":{"line":364,"column":51},"end":{"line":364,"column":63}},"45":{"start":{"line":365,"column":8},"end":{"line":365,"column":72}},"46":{"start":{"line":365,"column":60},"end":{"line":365,"column":72}},"47":{"start":{"line":366,"column":8},"end":{"line":366,"column":19}},"48":{"start":{"line":377,"column":8},"end":{"line":377,"column":76}},"49":{"start":{"line":389,"column":8},"end":{"line":389,"column":68}},"50":{"start":{"line":390,"column":8},"end":{"line":390,"column":83}}},"branchMap":{"1":{"line":122,"type":"if","locations":[{"start":{"line":122,"column":8},"end":{"line":122,"column":8}},{"start":{"line":122,"column":8},"end":{"line":122,"column":8}}]},"2":{"line":139,"type":"if","locations":[{"start":{"line":139,"column":47},"end":{"line":139,"column":47}},{"start":{"line":139,"column":47},"end":{"line":139,"column":47}}]},"3":{"line":141,"type":"if","locations":[{"start":{"line":141,"column":8},"end":{"line":141,"column":8}},{"start":{"line":141,"column":8},"end":{"line":141,"column":8}}]},"4":{"line":161,"type":"if","locations":[{"start":{"line":161,"column":66},"end":{"line":161,"column":66}},{"start":{"line":161,"column":66},"end":{"line":161,"column":66}}]},"5":{"line":170,"type":"if","locations":[{"start":{"line":170,"column":46},"end":{"line":170,"column":46}},{"start":{"line":170,"column":46},"end":{"line":170,"column":46}}]},"6":{"line":181,"type":"if","locations":[{"start":{"line":181,"column":82},"end":{"line":181,"column":82}},{"start":{"line":181,"column":82},"end":{"line":181,"column":82}}]},"7":{"line":196,"type":"if","locations":[{"start":{"line":196,"column":60},"end":{"line":196,"column":60}},{"start":{"line":196,"column":60},"end":{"line":196,"column":60}}]},"8":{"line":200,"type":"if","locations":[{"start":{"line":200,"column":8},"end":{"line":200,"column":8}},{"start":{"line":200,"column":8},"end":{"line":200,"column":8}}]},"9":{"line":216,"type":"if","locations":[{"start":{"line":216,"column":84},"end":{"line":216,"column":84}},{"start":{"line":216,"column":84},"end":{"line":216,"column":84}}]},"10":{"line":218,"type":"if","locations":[{"start":{"line":218,"column":8},"end":{"line":218,"column":8}},{"start":{"line":218,"column":8},"end":{"line":218,"column":8}}]},"11":{"line":239,"type":"if","locations":[{"start":{"line":239,"column":8},"end":{"line":239,"column":8}},{"start":{"line":239,"column":8},"end":{"line":239,"column":8}}]},"12":{"line":242,"type":"if","locations":[{"start":{"line":242,"column":8},"end":{"line":242,"column":8}},{"start":{"line":242,"column":8},"end":{"line":242,"column":8}}]},"13":{"line":242,"type":"cond-expr","locations":[{"start":{"line":242,"column":12},"end":{"line":242,"column":22}},{"start":{"line":242,"column":27},"end":{"line":242,"column":63}}]},"14":{"line":249,"type":"if","locations":[{"start":{"line":249,"column":8},"end":{"line":249,"column":8}},{"start":{"line":249,"column":8},"end":{"line":249,"column":8}}]},"15":{"line":255,"type":"if","locations":[{"start":{"line":255,"column":8},"end":{"line":255,"column":8}},{"start":{"line":255,"column":8},"end":{"line":255,"column":8}}]},"16":{"line":261,"type":"if","locations":[{"start":{"line":261,"column":8},"end":{"line":261,"column":8}},{"start":{"line":261,"column":8},"end":{"line":261,"column":8}}]},"17":{"line":278,"type":"if","locations":[{"start":{"line":278,"column":8},"end":{"line":278,"column":8}},{"start":{"line":278,"column":8},"end":{"line":278,"column":8}}]},"18":{"line":281,"type":"if","locations":[{"start":{"line":281,"column":8},"end":{"line":281,"column":8}},{"start":{"line":281,"column":8},"end":{"line":281,"column":8}}]},"19":{"line":281,"type":"cond-expr","locations":[{"start":{"line":281,"column":12},"end":{"line":281,"column":22}},{"start":{"line":281,"column":27},"end":{"line":281,"column":63}}]},"20":{"line":288,"type":"if","locations":[{"start":{"line":288,"column":8},"end":{"line":288,"column":8}},{"start":{"line":288,"column":8},"end":{"line":288,"column":8}}]},"21":{"line":294,"type":"if","locations":[{"start":{"line":294,"column":8},"end":{"line":294,"column":8}},{"start":{"line":294,"column":8},"end":{"line":294,"column":8}}]},"22":{"line":300,"type":"if","locations":[{"start":{"line":300,"column":8},"end":{"line":300,"column":8}},{"start":{"line":300,"column":8},"end":{"line":300,"column":8}}]},"23":{"line":314,"type":"if","locations":[{"start":{"line":314,"column":48},"end":{"line":314,"column":48}},{"start":{"line":314,"column":48},"end":{"line":314,"column":48}}]},"24":{"line":322,"type":"if","locations":[{"start":{"line":322,"column":51},"end":{"line":322,"column":51}},{"start":{"line":322,"column":51},"end":{"line":322,"column":51}}]},"25":{"line":330,"type":"if","locations":[{"start":{"line":330,"column":77},"end":{"line":330,"column":77}},{"start":{"line":330,"column":77},"end":{"line":330,"column":77}}]},"26":{"line":337,"type":"if","locations":[{"start":{"line":337,"column":77},"end":{"line":337,"column":77}},{"start":{"line":337,"column":77},"end":{"line":337,"column":77}}]},"27":{"line":344,"type":"if","locations":[{"start":{"line":344,"column":79},"end":{"line":344,"column":79}},{"start":{"line":344,"column":79},"end":{"line":344,"column":79}}]},"28":{"line":352,"type":"if","locations":[{"start":{"line":352,"column":61},"end":{"line":352,"column":61}},{"start":{"line":352,"column":61},"end":{"line":352,"column":61}}]},"29":{"line":363,"type":"if","locations":[{"start":{"line":363,"column":8},"end":{"line":363,"column":8}},{"start":{"line":363,"column":8},"end":{"line":363,"column":8}}]},"30":{"line":364,"type":"if","locations":[{"start":{"line":364,"column":8},"end":{"line":364,"column":8}},{"start":{"line":364,"column":8},"end":{"line":364,"column":8}}]},"31":{"line":365,"type":"if","locations":[{"start":{"line":365,"column":8},"end":{"line":365,"column":8}},{"start":{"line":365,"column":8},"end":{"line":365,"column":8}}]},"32":{"line":395,"type":"if","locations":[{"start":{"line":395,"column":58},"end":{"line":395,"column":58}},{"start":{"line":395,"column":58},"end":{"line":395,"column":58}}]}}},"contracts/rewards/RewardDistributor.sol":{"l":{"60":34,"61":31,"68":1,"72":6,"73":6,"75":6,"76":6,"91":18,"92":16,"93":14,"95":12,"97":12,"111":12,"112":2,"113":2,"116":12,"127":5,"128":4,"129":3,"131":3,"132":3,"134":3,"145":2,"146":1,"148":1,"150":1,"151":3,"152":3,"154":3,"155":3,"157":3,"167":5,"168":5,"170":3,"171":3,"172":3,"174":3,"175":3,"177":3,"187":10,"188":10,"189":9,"190":8,"192":7,"193":7,"196":6,"199":6,"200":6,"201":4,"203":2,"204":2,"205":2,"209":6,"210":6,"212":6,"224":5,"225":5,"227":5,"238":5,"239":5,"240":5,"241":4,"244":3,"245":3,"246":1,"249":2,"250":2,"252":2,"253":2,"255":2,"264":1,"270":2},"path":"/Users/rameshtamilselvan/Downloads/terraqura/apps/contracts/contracts/rewards/RewardDistributor.sol","s":{"1":34,"2":1,"3":6,"4":6,"5":18,"6":16,"7":14,"8":12,"9":2,"10":2,"11":12,"12":5,"13":4,"14":3,"15":3,"16":2,"17":1,"18":1,"19":1,"20":3,"21":3,"22":3,"23":5,"24":3,"25":3,"26":3,"27":3,"28":10,"29":10,"30":1,"31":9,"32":1,"33":8,"34":1,"35":7,"36":7,"37":1,"38":6,"39":6,"40":6,"41":2,"42":2,"43":6,"44":6,"45":0,"46":6,"47":5,"48":5,"49":5,"50":5,"51":5,"52":4,"53":3,"54":3,"55":2,"56":2,"57":2,"58":2},"b":{"1":[3,31],"2":[6,0],"3":[18,2],"4":[2,16],"5":[2,14],"6":[2,12],"7":[2,10],"8":[2,0],"9":[5,0],"10":[1,4],"11":[1,3],"12":[0,3],"13":[2,0],"14":[1,1],"15":[0,1],"16":[0,3],"17":[0,3],"18":[5,0],"19":[2,3],"20":[3,0],"21":[1,9],"22":[1,8],"23":[1,7],"24":[1,6],"25":[4,2],"26":[0,6],"27":[5,1],"28":[0,5],"29":[5,0],"30":[0,5],"31":[1,4],"32":[1,3],"33":[1,2],"34":[2,0],"35":[1,0],"36":[0,0]},"f":{"1":34,"2":1,"3":6,"4":18,"5":5,"6":2,"7":5,"8":10,"9":5,"10":5,"11":1,"12":2,"13":0},"fnMap":{"1":{"name":"onlyAdmin","line":59,"loc":{"start":{"line":59,"column":4},"end":{"line":62,"column":4}}},"2":{"name":"constructor","line":67,"loc":{"start":{"line":67,"column":4},"end":{"line":69,"column":4}}},"3":{"name":"initialize","line":71,"loc":{"start":{"line":71,"column":4},"end":{"line":77,"column":4}}},"4":{"name":"createCampaign","line":90,"loc":{"start":{"line":84,"column":4},"end":{"line":117,"column":4}}},"5":{"name":"addRecipient","line":126,"loc":{"start":{"line":122,"column":4},"end":{"line":135,"column":4}}},"6":{"name":"addRecipientBatch","line":144,"loc":{"start":{"line":140,"column":4},"end":{"line":159,"column":4}}},"7":{"name":"claim","line":166,"loc":{"start":{"line":166,"column":4},"end":{"line":178,"column":4}}},"8":{"name":"getClaimable","line":183,"loc":{"start":{"line":183,"column":4},"end":{"line":213,"column":4}}},"9":{"name":"setMerkleRoot","line":223,"loc":{"start":{"line":220,"column":4},"end":{"line":228,"column":4}}},"10":{"name":"claimMerkle","line":237,"loc":{"start":{"line":233,"column":4},"end":{"line":256,"column":4}}},"11":{"name":"deactivateCampaign","line":263,"loc":{"start":{"line":263,"column":4},"end":{"line":265,"column":4}}},"12":{"name":"getCampaign","line":269,"loc":{"start":{"line":269,"column":4},"end":{"line":271,"column":4}}},"13":{"name":"_authorizeUpgrade","line":275,"loc":{"start":{"line":275,"column":4},"end":{"line":275,"column":69}}}},"statementMap":{"1":{"start":{"line":60,"column":8},"end":{"line":60,"column":97}},"2":{"start":{"line":68,"column":8},"end":{"line":68,"column":29}},"3":{"start":{"line":72,"column":8},"end":{"line":72,"column":31}},"4":{"start":{"line":73,"column":8},"end":{"line":73,"column":31}},"5":{"start":{"line":91,"column":8},"end":{"line":91,"column":60}},"6":{"start":{"line":92,"column":8},"end":{"line":92,"column":65}},"7":{"start":{"line":93,"column":8},"end":{"line":93,"column":49}},"8":{"start":{"line":111,"column":8},"end":{"line":111,"column":3401}},"9":{"start":{"line":112,"column":12},"end":{"line":112,"column":82}},"10":{"start":{"line":113,"column":12},"end":{"line":113,"column":44}},"11":{"start":{"line":116,"column":8},"end":{"line":116,"column":71}},"12":{"start":{"line":127,"column":8},"end":{"line":127,"column":57}},"13":{"start":{"line":128,"column":8},"end":{"line":128,"column":42}},"14":{"start":{"line":129,"column":8},"end":{"line":129,"column":69}},"15":{"start":{"line":134,"column":8},"end":{"line":134,"column":57}},"16":{"start":{"line":145,"column":8},"end":{"line":145,"column":71}},"17":{"start":{"line":146,"column":8},"end":{"line":146,"column":69}},"18":{"start":{"line":148,"column":8},"end":{"line":148,"column":57}},"19":{"start":{"line":150,"column":8},"end":{"line":150,"column":4635}},"20":{"start":{"line":151,"column":12},"end":{"line":151,"column":65}},"21":{"start":{"line":152,"column":12},"end":{"line":152,"column":50}},"22":{"start":{"line":157,"column":12},"end":{"line":157,"column":69}},"23":{"start":{"line":168,"column":8},"end":{"line":168,"column":48}},"24":{"start":{"line":170,"column":8},"end":{"line":170,"column":57}},"25":{"start":{"line":174,"column":8},"end":{"line":174,"column":61}},"26":{"start":{"line":175,"column":8},"end":{"line":175,"column":42}},"27":{"start":{"line":177,"column":8},"end":{"line":177,"column":58}},"28":{"start":{"line":187,"column":8},"end":{"line":187,"column":56}},"29":{"start":{"line":188,"column":8},"end":{"line":188,"column":38}},"30":{"start":{"line":188,"column":30},"end":{"line":188,"column":38}},"31":{"start":{"line":189,"column":8},"end":{"line":189,"column":58}},"32":{"start":{"line":189,"column":50},"end":{"line":189,"column":58}},"33":{"start":{"line":190,"column":8},"end":{"line":190,"column":47}},"34":{"start":{"line":190,"column":39},"end":{"line":190,"column":47}},"35":{"start":{"line":192,"column":8},"end":{"line":192,"column":62}},"36":{"start":{"line":193,"column":8},"end":{"line":193,"column":32}},"37":{"start":{"line":193,"column":24},"end":{"line":193,"column":32}},"38":{"start":{"line":196,"column":8},"end":{"line":196,"column":87}},"39":{"start":{"line":199,"column":8},"end":{"line":199,"column":22}},"40":{"start":{"line":200,"column":8},"end":{"line":200,"column":6371}},"41":{"start":{"line":203,"column":12},"end":{"line":203,"column":66}},"42":{"start":{"line":204,"column":12},"end":{"line":204,"column":68}},"43":{"start":{"line":209,"column":8},"end":{"line":209,"column":70}},"44":{"start":{"line":210,"column":8},"end":{"line":210,"column":46}},"45":{"start":{"line":210,"column":38},"end":{"line":210,"column":46}},"46":{"start":{"line":212,"column":8},"end":{"line":212,"column":38}},"47":{"start":{"line":224,"column":8},"end":{"line":224,"column":69}},"48":{"start":{"line":227,"column":8},"end":{"line":227,"column":44}},"49":{"start":{"line":238,"column":8},"end":{"line":238,"column":57}},"50":{"start":{"line":239,"column":8},"end":{"line":239,"column":56}},"51":{"start":{"line":240,"column":8},"end":{"line":240,"column":72}},"52":{"start":{"line":241,"column":8},"end":{"line":241,"column":74}},"53":{"start":{"line":244,"column":8},"end":{"line":244,"column":89}},"54":{"start":{"line":245,"column":8},"end":{"line":245,"column":7880}},"55":{"start":{"line":252,"column":8},"end":{"line":252,"column":61}},"56":{"start":{"line":253,"column":8},"end":{"line":253,"column":42}},"57":{"start":{"line":255,"column":8},"end":{"line":255,"column":58}},"58":{"start":{"line":270,"column":8},"end":{"line":270,"column":36}}},"branchMap":{"1":{"line":60,"type":"if","locations":[{"start":{"line":60,"column":8},"end":{"line":60,"column":8}},{"start":{"line":60,"column":8},"end":{"line":60,"column":8}}]},"2":{"line":71,"type":"if","locations":[{"start":{"line":71,"column":55},"end":{"line":71,"column":55}},{"start":{"line":71,"column":55},"end":{"line":71,"column":55}}]},"3":{"line":90,"type":"if","locations":[{"start":{"line":90,"column":32},"end":{"line":90,"column":32}},{"start":{"line":90,"column":32},"end":{"line":90,"column":32}}]},"4":{"line":91,"type":"if","locations":[{"start":{"line":91,"column":8},"end":{"line":91,"column":8}},{"start":{"line":91,"column":8},"end":{"line":91,"column":8}}]},"5":{"line":92,"type":"if","locations":[{"start":{"line":92,"column":8},"end":{"line":92,"column":8}},{"start":{"line":92,"column":8},"end":{"line":92,"column":8}}]},"6":{"line":93,"type":"if","locations":[{"start":{"line":93,"column":8},"end":{"line":93,"column":8}},{"start":{"line":93,"column":8},"end":{"line":93,"column":8}}]},"7":{"line":111,"type":"if","locations":[{"start":{"line":111,"column":8},"end":{"line":111,"column":8}},{"start":{"line":111,"column":8},"end":{"line":111,"column":8}}]},"8":{"line":113,"type":"if","locations":[{"start":{"line":113,"column":12},"end":{"line":113,"column":12}},{"start":{"line":113,"column":12},"end":{"line":113,"column":12}}]},"9":{"line":126,"type":"if","locations":[{"start":{"line":126,"column":24},"end":{"line":126,"column":24}},{"start":{"line":126,"column":24},"end":{"line":126,"column":24}}]},"10":{"line":127,"type":"if","locations":[{"start":{"line":127,"column":8},"end":{"line":127,"column":8}},{"start":{"line":127,"column":8},"end":{"line":127,"column":8}}]},"11":{"line":128,"type":"if","locations":[{"start":{"line":128,"column":8},"end":{"line":128,"column":8}},{"start":{"line":128,"column":8},"end":{"line":128,"column":8}}]},"12":{"line":129,"type":"if","locations":[{"start":{"line":129,"column":8},"end":{"line":129,"column":8}},{"start":{"line":129,"column":8},"end":{"line":129,"column":8}}]},"13":{"line":144,"type":"if","locations":[{"start":{"line":144,"column":24},"end":{"line":144,"column":24}},{"start":{"line":144,"column":24},"end":{"line":144,"column":24}}]},"14":{"line":145,"type":"if","locations":[{"start":{"line":145,"column":8},"end":{"line":145,"column":8}},{"start":{"line":145,"column":8},"end":{"line":145,"column":8}}]},"15":{"line":146,"type":"if","locations":[{"start":{"line":146,"column":8},"end":{"line":146,"column":8}},{"start":{"line":146,"column":8},"end":{"line":146,"column":8}}]},"16":{"line":151,"type":"if","locations":[{"start":{"line":151,"column":12},"end":{"line":151,"column":12}},{"start":{"line":151,"column":12},"end":{"line":151,"column":12}}]},"17":{"line":152,"type":"if","locations":[{"start":{"line":152,"column":12},"end":{"line":152,"column":12}},{"start":{"line":152,"column":12},"end":{"line":152,"column":12}}]},"18":{"line":166,"type":"if","locations":[{"start":{"line":166,"column":57},"end":{"line":166,"column":57}},{"start":{"line":166,"column":57},"end":{"line":166,"column":57}}]},"19":{"line":168,"type":"if","locations":[{"start":{"line":168,"column":8},"end":{"line":168,"column":8}},{"start":{"line":168,"column":8},"end":{"line":168,"column":8}}]},"20":{"line":175,"type":"if","locations":[{"start":{"line":175,"column":8},"end":{"line":175,"column":8}},{"start":{"line":175,"column":8},"end":{"line":175,"column":8}}]},"21":{"line":188,"type":"if","locations":[{"start":{"line":188,"column":8},"end":{"line":188,"column":8}},{"start":{"line":188,"column":8},"end":{"line":188,"column":8}}]},"22":{"line":189,"type":"if","locations":[{"start":{"line":189,"column":8},"end":{"line":189,"column":8}},{"start":{"line":189,"column":8},"end":{"line":189,"column":8}}]},"23":{"line":190,"type":"if","locations":[{"start":{"line":190,"column":8},"end":{"line":190,"column":8}},{"start":{"line":190,"column":8},"end":{"line":190,"column":8}}]},"24":{"line":193,"type":"if","locations":[{"start":{"line":193,"column":8},"end":{"line":193,"column":8}},{"start":{"line":193,"column":8},"end":{"line":193,"column":8}}]},"25":{"line":200,"type":"if","locations":[{"start":{"line":200,"column":8},"end":{"line":200,"column":8}},{"start":{"line":200,"column":8},"end":{"line":200,"column":8}}]},"26":{"line":210,"type":"if","locations":[{"start":{"line":210,"column":8},"end":{"line":210,"column":8}},{"start":{"line":210,"column":8},"end":{"line":210,"column":8}}]},"27":{"line":223,"type":"if","locations":[{"start":{"line":223,"column":24},"end":{"line":223,"column":24}},{"start":{"line":223,"column":24},"end":{"line":223,"column":24}}]},"28":{"line":224,"type":"if","locations":[{"start":{"line":224,"column":8},"end":{"line":224,"column":8}},{"start":{"line":224,"column":8},"end":{"line":224,"column":8}}]},"29":{"line":237,"type":"if","locations":[{"start":{"line":237,"column":24},"end":{"line":237,"column":24}},{"start":{"line":237,"column":24},"end":{"line":237,"column":24}}]},"30":{"line":239,"type":"if","locations":[{"start":{"line":239,"column":8},"end":{"line":239,"column":8}},{"start":{"line":239,"column":8},"end":{"line":239,"column":8}}]},"31":{"line":240,"type":"if","locations":[{"start":{"line":240,"column":8},"end":{"line":240,"column":8}},{"start":{"line":240,"column":8},"end":{"line":240,"column":8}}]},"32":{"line":241,"type":"if","locations":[{"start":{"line":241,"column":8},"end":{"line":241,"column":8}},{"start":{"line":241,"column":8},"end":{"line":241,"column":8}}]},"33":{"line":245,"type":"if","locations":[{"start":{"line":245,"column":8},"end":{"line":245,"column":8}},{"start":{"line":245,"column":8},"end":{"line":245,"column":8}}]},"34":{"line":253,"type":"if","locations":[{"start":{"line":253,"column":8},"end":{"line":253,"column":8}},{"start":{"line":253,"column":8},"end":{"line":253,"column":8}}]},"35":{"line":263,"type":"if","locations":[{"start":{"line":263,"column":61},"end":{"line":263,"column":61}},{"start":{"line":263,"column":61},"end":{"line":263,"column":61}}]},"36":{"line":275,"type":"if","locations":[{"start":{"line":275,"column":58},"end":{"line":275,"column":58}},{"start":{"line":275,"column":58},"end":{"line":275,"column":58}}]}}},"contracts/oracle/NativeIoTOracle.sol":{"l":{"219":1,"227":79,"228":79,"230":79,"232":78,"233":78,"234":78,"235":78,"236":78,"244":112,"245":2,"247":110,"251":27,"255":4,"257":23,"261":110,"262":2,"264":108,"289":102,"309":6,"311":6,"312":2,"315":4,"321":1,"324":3,"325":14,"332":13,"335":2,"350":12,"363":4,"364":4,"366":4,"367":1,"370":3,"371":3,"387":6,"388":6,"390":6,"391":3,"394":3,"395":3,"396":3,"398":3,"399":3,"400":9,"401":9,"413":1,"421":1,"429":5,"441":8,"442":2,"444":6,"445":6,"446":6,"454":3,"455":1,"457":2,"458":2,"459":2,"467":7,"468":1,"470":6,"471":6,"472":6,"480":3,"481":2,"483":1,"484":1,"485":1,"493":2,"494":1,"497":1,"498":1,"500":1,"519":116,"520":1,"524":115,"525":2,"529":113,"530":7,"531":7,"532":1,"537":112,"538":60,"539":60,"540":60,"544":112,"553":112,"556":112,"557":112,"562":0,"564":112,"568":112,"571":112,"581":112,"582":26,"584":26,"593":26,"594":4,"595":4,"599":86,"600":1,"609":3,"613":1},"path":"/Users/rameshtamilselvan/Downloads/terraqura/apps/contracts/contracts/oracle/NativeIoTOracle.sol","s":{"1":1,"2":79,"3":79,"4":79,"5":112,"6":27,"7":110,"8":102,"9":6,"10":6,"11":4,"12":3,"13":14,"14":2,"15":12,"16":4,"17":4,"18":1,"19":6,"20":6,"21":3,"22":3,"23":3,"24":3,"25":3,"26":1,"27":1,"28":5,"29":8,"30":6,"31":6,"32":3,"33":2,"34":2,"35":7,"36":6,"37":6,"38":3,"39":1,"40":1,"41":2,"42":1,"43":116,"44":115,"45":113,"46":7,"47":7,"48":112,"49":60,"50":60,"51":112,"52":112,"53":112,"54":0,"55":112,"56":112,"57":112,"58":26,"59":26,"60":4,"61":86,"62":3},"b":{"1":[79,1],"2":[1,78],"3":[2,110],"4":[4,23],"5":[2,108],"6":[103,1],"7":[102,1],"8":[102,0],"9":[7,1],"10":[6,1],"11":[6,0],"12":[2,4],"13":[1,1],"14":[1,3],"15":[1,0],"16":[0,0],"17":[0,0],"18":[1,3],"19":[3,3],"20":[2,1],"21":[1,2],"22":[8,1],"23":[2,6],"24":[1,1],"25":[3,1],"26":[1,2],"27":[7,1],"28":[1,6],"29":[3,1],"30":[2,1],"31":[1,1],"32":[2,0],"33":[1,1],"34":[1,115],"35":[2,113],"36":[7,106],"37":[1,6],"38":[60,52],"39":[0,112],"40":[26,86],"41":[4,22],"42":[1,85],"43":[1,2]},"f":{"1":1,"2":79,"3":112,"4":27,"5":110,"6":102,"7":6,"8":12,"9":4,"10":6,"11":1,"12":1,"13":5,"14":8,"15":3,"16":7,"17":3,"18":2,"19":116,"20":3},"fnMap":{"1":{"name":"constructor","line":218,"loc":{"start":{"line":218,"column":4},"end":{"line":220,"column":4}}},"2":{"name":"initialize","line":226,"loc":{"start":{"line":226,"column":4},"end":{"line":237,"column":4}}},"3":{"name":"onlyOracleNode","line":243,"loc":{"start":{"line":243,"column":4},"end":{"line":248,"column":4}}},"4":{"name":"onlyOracleAdmin","line":250,"loc":{"start":{"line":250,"column":4},"end":{"line":258,"column":4}}},"5":{"name":"whenNotPaused","line":260,"loc":{"start":{"line":260,"column":4},"end":{"line":265,"column":4}}},"6":{"name":"pushSensorData","line":288,"loc":{"start":{"line":282,"column":4},"end":{"line":290,"column":4}}},"7":{"name":"pushBatchSensorData","line":308,"loc":{"start":{"line":302,"column":4},"end":{"line":336,"column":4}}},"8":{"name":"getLatestData","line":347,"loc":{"start":{"line":347,"column":4},"end":{"line":351,"column":4}}},"9":{"name":"isDataFresh","line":360,"loc":{"start":{"line":360,"column":4},"end":{"line":372,"column":4}}},"10":{"name":"getDataHistory","line":382,"loc":{"start":{"line":382,"column":4},"end":{"line":403,"column":4}}},"11":{"name":"getHistoryCount","line":410,"loc":{"start":{"line":410,"column":4},"end":{"line":414,"column":4}}},"12":{"name":"getRegisteredDevices","line":420,"loc":{"start":{"line":420,"column":4},"end":{"line":422,"column":4}}},"13":{"name":"getDeviceCount","line":428,"loc":{"start":{"line":428,"column":4},"end":{"line":430,"column":4}}},"14":{"name":"setHeartbeatTimeout","line":440,"loc":{"start":{"line":440,"column":4},"end":{"line":447,"column":4}}},"15":{"name":"setMaxHistoryPerDevice","line":453,"loc":{"start":{"line":453,"column":4},"end":{"line":460,"column":4}}},"16":{"name":"setMinSubmissionInterval","line":466,"loc":{"start":{"line":466,"column":4},"end":{"line":473,"column":4}}},"17":{"name":"setAnomalyThreshold","line":479,"loc":{"start":{"line":479,"column":4},"end":{"line":486,"column":4}}},"18":{"name":"reinstateDevice","line":492,"loc":{"start":{"line":492,"column":4},"end":{"line":501,"column":4}}},"19":{"name":"_validateAndStore","line":511,"loc":{"start":{"line":511,"column":4},"end":{"line":603,"column":4}}},"20":{"name":"_authorizeUpgrade","line":608,"loc":{"start":{"line":608,"column":4},"end":{"line":615,"column":4}}}},"statementMap":{"1":{"start":{"line":219,"column":8},"end":{"line":219,"column":29}},"2":{"start":{"line":227,"column":8},"end":{"line":227,"column":31}},"3":{"start":{"line":228,"column":8},"end":{"line":228,"column":31}},"4":{"start":{"line":230,"column":8},"end":{"line":230,"column":84}},"5":{"start":{"line":244,"column":8},"end":{"line":244,"column":8614}},"6":{"start":{"line":251,"column":8},"end":{"line":251,"column":8788}},"7":{"start":{"line":261,"column":8},"end":{"line":261,"column":9064}},"8":{"start":{"line":289,"column":8},"end":{"line":289,"column":83}},"9":{"start":{"line":309,"column":8},"end":{"line":309,"column":37}},"10":{"start":{"line":311,"column":8},"end":{"line":311,"column":11059}},"11":{"start":{"line":315,"column":8},"end":{"line":315,"column":11179}},"12":{"start":{"line":324,"column":8},"end":{"line":324,"column":11428}},"13":{"start":{"line":325,"column":12},"end":{"line":325,"column":11479}},"14":{"start":{"line":335,"column":8},"end":{"line":335,"column":64}},"15":{"start":{"line":350,"column":8},"end":{"line":350,"column":33}},"16":{"start":{"line":363,"column":8},"end":{"line":363,"column":51}},"17":{"start":{"line":366,"column":8},"end":{"line":366,"column":12834}},"18":{"start":{"line":367,"column":12},"end":{"line":367,"column":48}},"19":{"start":{"line":387,"column":8},"end":{"line":387,"column":58}},"20":{"start":{"line":390,"column":8},"end":{"line":390,"column":13656}},"21":{"start":{"line":391,"column":12},"end":{"line":391,"column":47}},"22":{"start":{"line":394,"column":8},"end":{"line":394,"column":36}},"23":{"start":{"line":395,"column":8},"end":{"line":395,"column":36}},"24":{"start":{"line":396,"column":8},"end":{"line":396,"column":36}},"25":{"start":{"line":399,"column":8},"end":{"line":399,"column":13919}},"26":{"start":{"line":413,"column":8},"end":{"line":413,"column":41}},"27":{"start":{"line":421,"column":8},"end":{"line":421,"column":33}},"28":{"start":{"line":429,"column":8},"end":{"line":429,"column":40}},"29":{"start":{"line":441,"column":8},"end":{"line":441,"column":15242}},"30":{"start":{"line":444,"column":8},"end":{"line":444,"column":38}},"31":{"start":{"line":446,"column":8},"end":{"line":446,"column":61}},"32":{"start":{"line":454,"column":8},"end":{"line":454,"column":15729}},"33":{"start":{"line":457,"column":8},"end":{"line":457,"column":41}},"34":{"start":{"line":459,"column":8},"end":{"line":459,"column":67}},"35":{"start":{"line":467,"column":8},"end":{"line":467,"column":16236}},"36":{"start":{"line":470,"column":8},"end":{"line":470,"column":43}},"37":{"start":{"line":472,"column":8},"end":{"line":472,"column":67}},"38":{"start":{"line":480,"column":8},"end":{"line":480,"column":16727}},"39":{"start":{"line":483,"column":8},"end":{"line":483,"column":38}},"40":{"start":{"line":485,"column":8},"end":{"line":485,"column":63}},"41":{"start":{"line":493,"column":8},"end":{"line":493,"column":17207}},"42":{"start":{"line":500,"column":8},"end":{"line":500,"column":65}},"43":{"start":{"line":519,"column":8},"end":{"line":519,"column":17971}},"44":{"start":{"line":524,"column":8},"end":{"line":524,"column":18098}},"45":{"start":{"line":529,"column":8},"end":{"line":529,"column":18232}},"46":{"start":{"line":530,"column":12},"end":{"line":530,"column":59}},"47":{"start":{"line":531,"column":12},"end":{"line":531,"column":18342}},"48":{"start":{"line":537,"column":8},"end":{"line":537,"column":18566}},"49":{"start":{"line":539,"column":12},"end":{"line":539,"column":41}},"50":{"start":{"line":540,"column":12},"end":{"line":540,"column":57}},"51":{"start":{"line":544,"column":8},"end":{"line":544,"column":18796}},"52":{"start":{"line":556,"column":8},"end":{"line":556,"column":58}},"53":{"start":{"line":557,"column":8},"end":{"line":557,"column":19244}},"54":{"start":{"line":562,"column":12},"end":{"line":562,"column":32}},"55":{"start":{"line":564,"column":12},"end":{"line":564,"column":32}},"56":{"start":{"line":571,"column":8},"end":{"line":571,"column":19876}},"57":{"start":{"line":581,"column":8},"end":{"line":581,"column":20096}},"58":{"start":{"line":584,"column":12},"end":{"line":584,"column":20182}},"59":{"start":{"line":593,"column":12},"end":{"line":593,"column":20430}},"60":{"start":{"line":595,"column":16},"end":{"line":595,"column":81}},"61":{"start":{"line":599,"column":12},"end":{"line":599,"column":20705}},"62":{"start":{"line":609,"column":8},"end":{"line":609,"column":20982}}},"branchMap":{"1":{"line":226,"type":"if","locations":[{"start":{"line":226,"column":55},"end":{"line":226,"column":55}},{"start":{"line":226,"column":55},"end":{"line":226,"column":55}}]},"2":{"line":230,"type":"if","locations":[{"start":{"line":230,"column":8},"end":{"line":230,"column":8}},{"start":{"line":230,"column":8},"end":{"line":230,"column":8}}]},"3":{"line":244,"type":"if","locations":[{"start":{"line":244,"column":8},"end":{"line":244,"column":8}},{"start":{"line":244,"column":8},"end":{"line":244,"column":8}}]},"4":{"line":251,"type":"if","locations":[{"start":{"line":251,"column":8},"end":{"line":251,"column":8}},{"start":{"line":251,"column":8},"end":{"line":251,"column":8}}]},"5":{"line":261,"type":"if","locations":[{"start":{"line":261,"column":8},"end":{"line":261,"column":8}},{"start":{"line":261,"column":8},"end":{"line":261,"column":8}}]},"6":{"line":288,"type":"if","locations":[{"start":{"line":288,"column":15},"end":{"line":288,"column":15}},{"start":{"line":288,"column":15},"end":{"line":288,"column":15}}]},"7":{"line":288,"type":"if","locations":[{"start":{"line":288,"column":30},"end":{"line":288,"column":30}},{"start":{"line":288,"column":30},"end":{"line":288,"column":30}}]},"8":{"line":288,"type":"if","locations":[{"start":{"line":288,"column":44},"end":{"line":288,"column":44}},{"start":{"line":288,"column":44},"end":{"line":288,"column":44}}]},"9":{"line":308,"type":"if","locations":[{"start":{"line":308,"column":15},"end":{"line":308,"column":15}},{"start":{"line":308,"column":15},"end":{"line":308,"column":15}}]},"10":{"line":308,"type":"if","locations":[{"start":{"line":308,"column":30},"end":{"line":308,"column":30}},{"start":{"line":308,"column":30},"end":{"line":308,"column":30}}]},"11":{"line":308,"type":"if","locations":[{"start":{"line":308,"column":44},"end":{"line":308,"column":44}},{"start":{"line":308,"column":44},"end":{"line":308,"column":44}}]},"12":{"line":311,"type":"if","locations":[{"start":{"line":311,"column":8},"end":{"line":311,"column":8}},{"start":{"line":311,"column":8},"end":{"line":311,"column":8}}]},"13":{"line":311,"type":"cond-expr","locations":[{"start":{"line":311,"column":12},"end":{"line":311,"column":21}},{"start":{"line":311,"column":26},"end":{"line":311,"column":47}}]},"14":{"line":315,"type":"if","locations":[{"start":{"line":315,"column":8},"end":{"line":315,"column":8}},{"start":{"line":315,"column":8},"end":{"line":315,"column":8}}]},"15":{"line":316,"type":"cond-expr","locations":[{"start":{"line":316,"column":12},"end":{"line":316,"column":36}},{"start":{"line":317,"column":12},"end":{"line":317,"column":39}}]},"16":{"line":316,"type":"cond-expr","locations":[{"start":{"line":316,"column":12},"end":{"line":317,"column":39}},{"start":{"line":318,"column":12},"end":{"line":318,"column":39}}]},"17":{"line":316,"type":"cond-expr","locations":[{"start":{"line":316,"column":12},"end":{"line":318,"column":39}},{"start":{"line":319,"column":12},"end":{"line":319,"column":40}}]},"18":{"line":366,"type":"if","locations":[{"start":{"line":366,"column":8},"end":{"line":366,"column":8}},{"start":{"line":366,"column":8},"end":{"line":366,"column":8}}]},"19":{"line":390,"type":"if","locations":[{"start":{"line":390,"column":8},"end":{"line":390,"column":8}},{"start":{"line":390,"column":8},"end":{"line":390,"column":8}}]},"20":{"line":390,"type":"cond-expr","locations":[{"start":{"line":390,"column":12},"end":{"line":390,"column":26}},{"start":{"line":390,"column":31},"end":{"line":390,"column":40}}]},"21":{"line":395,"type":"if","locations":[{"start":{"line":395,"column":8},"end":{"line":395,"column":8}},{"start":{"line":395,"column":8},"end":{"line":395,"column":8}}]},"22":{"line":440,"type":"if","locations":[{"start":{"line":440,"column":60},"end":{"line":440,"column":60}},{"start":{"line":440,"column":60},"end":{"line":440,"column":60}}]},"23":{"line":441,"type":"if","locations":[{"start":{"line":441,"column":8},"end":{"line":441,"column":8}},{"start":{"line":441,"column":8},"end":{"line":441,"column":8}}]},"24":{"line":441,"type":"cond-expr","locations":[{"start":{"line":441,"column":12},"end":{"line":441,"column":24}},{"start":{"line":441,"column":29},"end":{"line":441,"column":44}}]},"25":{"line":453,"type":"if","locations":[{"start":{"line":453,"column":66},"end":{"line":453,"column":66}},{"start":{"line":453,"column":66},"end":{"line":453,"column":66}}]},"26":{"line":454,"type":"if","locations":[{"start":{"line":454,"column":8},"end":{"line":454,"column":8}},{"start":{"line":454,"column":8},"end":{"line":454,"column":8}}]},"27":{"line":466,"type":"if","locations":[{"start":{"line":466,"column":66},"end":{"line":466,"column":66}},{"start":{"line":466,"column":66},"end":{"line":466,"column":66}}]},"28":{"line":467,"type":"if","locations":[{"start":{"line":467,"column":8},"end":{"line":467,"column":8}},{"start":{"line":467,"column":8},"end":{"line":467,"column":8}}]},"29":{"line":479,"type":"if","locations":[{"start":{"line":479,"column":62},"end":{"line":479,"column":62}},{"start":{"line":479,"column":62},"end":{"line":479,"column":62}}]},"30":{"line":480,"type":"if","locations":[{"start":{"line":480,"column":8},"end":{"line":480,"column":8}},{"start":{"line":480,"column":8},"end":{"line":480,"column":8}}]},"31":{"line":480,"type":"cond-expr","locations":[{"start":{"line":480,"column":12},"end":{"line":480,"column":25}},{"start":{"line":480,"column":30},"end":{"line":480,"column":45}}]},"32":{"line":492,"type":"if","locations":[{"start":{"line":492,"column":61},"end":{"line":492,"column":61}},{"start":{"line":492,"column":61},"end":{"line":492,"column":61}}]},"33":{"line":493,"type":"if","locations":[{"start":{"line":493,"column":8},"end":{"line":493,"column":8}},{"start":{"line":493,"column":8},"end":{"line":493,"column":8}}]},"34":{"line":519,"type":"if","locations":[{"start":{"line":519,"column":8},"end":{"line":519,"column":8}},{"start":{"line":519,"column":8},"end":{"line":519,"column":8}}]},"35":{"line":524,"type":"if","locations":[{"start":{"line":524,"column":8},"end":{"line":524,"column":8}},{"start":{"line":524,"column":8},"end":{"line":524,"column":8}}]},"36":{"line":529,"type":"if","locations":[{"start":{"line":529,"column":8},"end":{"line":529,"column":8}},{"start":{"line":529,"column":8},"end":{"line":529,"column":8}}]},"37":{"line":531,"type":"if","locations":[{"start":{"line":531,"column":12},"end":{"line":531,"column":12}},{"start":{"line":531,"column":12},"end":{"line":531,"column":12}}]},"38":{"line":537,"type":"if","locations":[{"start":{"line":537,"column":8},"end":{"line":537,"column":8}},{"start":{"line":537,"column":8},"end":{"line":537,"column":8}}]},"39":{"line":557,"type":"if","locations":[{"start":{"line":557,"column":8},"end":{"line":557,"column":8}},{"start":{"line":557,"column":8},"end":{"line":557,"column":8}}]},"40":{"line":581,"type":"if","locations":[{"start":{"line":581,"column":8},"end":{"line":581,"column":8}},{"start":{"line":581,"column":8},"end":{"line":581,"column":8}}]},"41":{"line":593,"type":"if","locations":[{"start":{"line":593,"column":12},"end":{"line":593,"column":12}},{"start":{"line":593,"column":12},"end":{"line":593,"column":12}}]},"42":{"line":599,"type":"if","locations":[{"start":{"line":599,"column":12},"end":{"line":599,"column":12}},{"start":{"line":599,"column":12},"end":{"line":599,"column":12}}]},"43":{"line":609,"type":"if","locations":[{"start":{"line":609,"column":8},"end":{"line":609,"column":8}},{"start":{"line":609,"column":8},"end":{"line":609,"column":8}}]}}},"contracts/oracle/ChainlinkVerifier.sol":{"l":{"223":89,"224":89,"225":89,"226":89,"227":89,"230":89,"233":89,"241":2,"245":2,"249":2,"253":2,"257":4,"261":90,"269":5,"270":4,"271":4,"272":4,"280":3,"281":1,"282":1,"283":1,"301":4,"302":3,"304":2,"306":2,"313":2,"314":1,"317":2,"339":52,"367":54,"368":2,"371":52,"372":2,"376":50,"377":4,"378":4,"379":1,"384":49,"385":1,"389":48,"390":48,"393":48,"394":48,"395":48,"396":48,"397":48,"398":48,"399":48,"402":48,"403":48,"404":48,"407":0,"408":0,"410":48,"413":48,"414":3,"418":48,"426":48,"439":48,"440":48,"442":48,"443":48,"445":48,"460":4,"462":4,"463":0,"465":4,"466":1,"468":3,"469":1,"471":2,"472":0,"476":2,"477":1,"481":1,"482":1,"490":1,"491":1,"493":1,"494":1,"495":1,"496":1,"497":1,"498":1,"499":1,"501":1,"502":1,"503":1,"505":0,"506":0,"508":1,"510":1,"511":0,"514":1,"522":1,"523":1,"536":1,"538":1,"540":1,"553":20,"555":20,"556":1,"559":19,"560":2,"563":17,"565":17,"566":2,"567":2,"571":15,"572":15,"573":15,"574":15,"575":15,"576":15,"578":15,"580":1,"584":14,"588":15,"591":15,"602":15,"610":15,"635":7,"636":7,"657":2,"658":2,"678":10,"679":10,"700":2,"701":2,"714":7,"727":2,"728":2,"729":0,"731":2,"732":2,"733":2,"746":3,"747":3,"760":89,"768":89,"776":89,"784":89,"792":89,"799":89,"807":98,"808":98,"809":3136,"810":3136,"811":3136,"812":3136,"813":3136,"815":98,"819":6272,"824":245,"825":194,"826":194,"827":194,"828":2032,"829":2032,"831":194,"832":194,"833":2032,"834":2032,"835":2032,"837":194,"858":89},"path":"/Users/rameshtamilselvan/Downloads/terraqura/apps/contracts/contracts/oracle/ChainlinkVerifier.sol","s":{"1":89,"2":5,"3":4,"4":4,"5":3,"6":1,"7":1,"8":4,"9":3,"10":2,"11":2,"12":2,"13":52,"14":54,"15":52,"16":50,"17":4,"18":4,"19":49,"20":48,"21":48,"22":48,"23":48,"24":48,"25":48,"26":3,"27":48,"28":48,"29":48,"30":4,"31":4,"32":4,"33":3,"34":2,"35":2,"36":1,"37":1,"38":1,"39":1,"40":1,"41":1,"42":1,"43":0,"44":1,"45":1,"46":1,"47":20,"48":20,"49":19,"50":17,"51":2,"52":2,"53":15,"54":15,"55":15,"56":15,"57":15,"58":15,"59":15,"60":15,"61":15,"62":7,"63":7,"64":2,"65":2,"66":10,"67":10,"68":2,"69":2,"70":7,"71":2,"72":2,"73":0,"74":2,"75":3,"76":3,"77":98,"78":98,"79":3136,"80":3136,"81":3136,"82":98,"83":6272,"84":4038,"85":2234,"86":245,"87":51,"88":194,"89":194,"90":194,"91":194,"92":194,"93":194,"94":89},"b":{"1":[2,1],"2":[2,1],"3":[2,1],"4":[2,1],"5":[4,1],"6":[90,1],"7":[5,0],"8":[1,4],"9":[3,0],"10":[2,1],"11":[1,1],"12":[4,0],"13":[3,1],"14":[2,1],"15":[1,1],"16":[2,52],"17":[2,50],"18":[4,46],"19":[1,3],"20":[1,48],"21":[48,0],"22":[3,45],"23":[0,4],"24":[1,3],"25":[1,2],"26":[0,2],"27":[1,1],"28":[1,0],"29":[0,1],"30":[1,19],"31":[2,17],"32":[2,15],"33":[1,14],"34":[0,2],"35":[4038,2234],"36":[51,194]},"f":{"1":89,"2":2,"3":2,"4":2,"5":2,"6":4,"7":90,"8":5,"9":3,"10":4,"11":52,"12":54,"13":4,"14":20,"15":7,"16":2,"17":10,"18":2,"19":7,"20":2,"21":3,"22":89,"23":98,"24":6272,"25":245,"26":89},"fnMap":{"1":{"name":"constructor","line":222,"loc":{"start":{"line":218,"column":4},"end":{"line":234,"column":4}}},"2":{"name":"setDonId","line":240,"loc":{"start":{"line":240,"column":4},"end":{"line":242,"column":4}}},"3":{"name":"setSubscriptionId","line":244,"loc":{"start":{"line":244,"column":4},"end":{"line":246,"column":4}}},"4":{"name":"setGasLimit","line":248,"loc":{"start":{"line":248,"column":4},"end":{"line":250,"column":4}}},"5":{"name":"setVerificationSource","line":252,"loc":{"start":{"line":252,"column":4},"end":{"line":254,"column":4}}},"6":{"name":"setEncryptedSecretsUrls","line":256,"loc":{"start":{"line":256,"column":4},"end":{"line":258,"column":4}}},"7":{"name":"setAuthorizedCaller","line":260,"loc":{"start":{"line":260,"column":4},"end":{"line":262,"column":4}}},"8":{"name":"setOperatorCooldown","line":268,"loc":{"start":{"line":268,"column":4},"end":{"line":273,"column":4}}},"9":{"name":"setRequestTimeout","line":279,"loc":{"start":{"line":279,"column":4},"end":{"line":284,"column":4}}},"10":{"name":"setOracleTechBounds","line":300,"loc":{"start":{"line":295,"column":4},"end":{"line":318,"column":4}}},"11":{"name":"requestVerification","line":332,"loc":{"start":{"line":332,"column":4},"end":{"line":347,"column":4}}},"12":{"name":"requestVerificationWithTech","line":358,"loc":{"start":{"line":358,"column":4},"end":{"line":446,"column":4}}},"13":{"name":"retryVerification","line":456,"loc":{"start":{"line":456,"column":4},"end":{"line":541,"column":4}}},"14":{"name":"fulfillRequest","line":548,"loc":{"start":{"line":548,"column":4},"end":{"line":619,"column":4}}},"15":{"name":"getVerificationResult","line":628,"loc":{"start":{"line":628,"column":4},"end":{"line":643,"column":4}}},"16":{"name":"getEnhancedVerificationResult","line":648,"loc":{"start":{"line":648,"column":4},"end":{"line":667,"column":4}}},"17":{"name":"getRequestStatus","line":672,"loc":{"start":{"line":672,"column":4},"end":{"line":685,"column":4}}},"18":{"name":"getEnhancedRequestStatus","line":690,"loc":{"start":{"line":690,"column":4},"end":{"line":711,"column":4}}},"19":{"name":"isVerified","line":713,"loc":{"start":{"line":713,"column":4},"end":{"line":715,"column":4}}},"20":{"name":"isRequestTimedOut","line":723,"loc":{"start":{"line":723,"column":4},"end":{"line":734,"column":4}}},"21":{"name":"getOracleTechBounds","line":740,"loc":{"start":{"line":740,"column":4},"end":{"line":748,"column":4}}},"22":{"name":"_initializeDefaultTechBounds","line":758,"loc":{"start":{"line":758,"column":4},"end":{"line":800,"column":4}}},"23":{"name":"_bytes32ToString","line":806,"loc":{"start":{"line":806,"column":4},"end":{"line":816,"column":4}}},"24":{"name":"_char","line":818,"loc":{"start":{"line":818,"column":4},"end":{"line":821,"column":4}}},"25":{"name":"_uint256ToString","line":823,"loc":{"start":{"line":823,"column":4},"end":{"line":838,"column":4}}},"26":{"name":"_getDefaultVerificationSource","line":857,"loc":{"start":{"line":857,"column":4},"end":{"line":935,"column":4}}}},"statementMap":{"1":{"start":{"line":233,"column":8},"end":{"line":233,"column":37}},"2":{"start":{"line":269,"column":8},"end":{"line":269,"column":61}},"3":{"start":{"line":270,"column":8},"end":{"line":270,"column":46}},"4":{"start":{"line":272,"column":8},"end":{"line":272,"column":67}},"5":{"start":{"line":280,"column":8},"end":{"line":280,"column":85}},"6":{"start":{"line":281,"column":8},"end":{"line":281,"column":43}},"7":{"start":{"line":283,"column":8},"end":{"line":283,"column":63}},"8":{"start":{"line":301,"column":8},"end":{"line":301,"column":59}},"9":{"start":{"line":302,"column":8},"end":{"line":302,"column":52}},"10":{"start":{"line":304,"column":8},"end":{"line":304,"column":60}},"11":{"start":{"line":313,"column":8},"end":{"line":313,"column":10655}},"12":{"start":{"line":317,"column":8},"end":{"line":317,"column":83}},"13":{"start":{"line":339,"column":8},"end":{"line":339,"column":11630}},"14":{"start":{"line":367,"column":8},"end":{"line":367,"column":12657}},"15":{"start":{"line":371,"column":8},"end":{"line":371,"column":12780}},"16":{"start":{"line":376,"column":8},"end":{"line":376,"column":12896}},"17":{"start":{"line":377,"column":12},"end":{"line":377,"column":93}},"18":{"start":{"line":378,"column":12},"end":{"line":378,"column":13035}},"19":{"start":{"line":384,"column":8},"end":{"line":384,"column":13295}},"20":{"start":{"line":389,"column":8},"end":{"line":389,"column":43}},"21":{"start":{"line":390,"column":8},"end":{"line":390,"column":67}},"22":{"start":{"line":393,"column":8},"end":{"line":393,"column":46}},"23":{"start":{"line":402,"column":8},"end":{"line":402,"column":14106}},"24":{"start":{"line":410,"column":8},"end":{"line":410,"column":24}},"25":{"start":{"line":413,"column":8},"end":{"line":413,"column":14594}},"26":{"start":{"line":414,"column":12},"end":{"line":414,"column":56}},"27":{"start":{"line":442,"column":8},"end":{"line":442,"column":66}},"28":{"start":{"line":443,"column":8},"end":{"line":443,"column":84}},"29":{"start":{"line":445,"column":8},"end":{"line":445,"column":24}},"30":{"start":{"line":460,"column":8},"end":{"line":460,"column":74}},"31":{"start":{"line":462,"column":8},"end":{"line":462,"column":16272}},"32":{"start":{"line":465,"column":8},"end":{"line":465,"column":16366}},"33":{"start":{"line":468,"column":8},"end":{"line":468,"column":16456}},"34":{"start":{"line":471,"column":8},"end":{"line":471,"column":16576}},"35":{"start":{"line":476,"column":8},"end":{"line":476,"column":16746}},"36":{"start":{"line":482,"column":8},"end":{"line":482,"column":16982}},"37":{"start":{"line":490,"column":8},"end":{"line":490,"column":43}},"38":{"start":{"line":491,"column":8},"end":{"line":491,"column":67}},"39":{"start":{"line":493,"column":8},"end":{"line":493,"column":46}},"40":{"start":{"line":501,"column":8},"end":{"line":501,"column":17724}},"41":{"start":{"line":508,"column":8},"end":{"line":508,"column":24}},"42":{"start":{"line":510,"column":8},"end":{"line":510,"column":18119}},"43":{"start":{"line":511,"column":12},"end":{"line":511,"column":56}},"44":{"start":{"line":522,"column":8},"end":{"line":522,"column":53}},"45":{"start":{"line":538,"column":8},"end":{"line":538,"column":93}},"46":{"start":{"line":540,"column":8},"end":{"line":540,"column":27}},"47":{"start":{"line":553,"column":8},"end":{"line":553,"column":65}},"48":{"start":{"line":555,"column":8},"end":{"line":555,"column":19580}},"49":{"start":{"line":559,"column":8},"end":{"line":559,"column":19674}},"50":{"start":{"line":565,"column":8},"end":{"line":565,"column":19799}},"51":{"start":{"line":566,"column":12},"end":{"line":566,"column":68}},"52":{"start":{"line":567,"column":12},"end":{"line":567,"column":18}},"53":{"start":{"line":571,"column":8},"end":{"line":571,"column":19}},"54":{"start":{"line":572,"column":8},"end":{"line":572,"column":27}},"55":{"start":{"line":573,"column":8},"end":{"line":573,"column":34}},"56":{"start":{"line":574,"column":8},"end":{"line":574,"column":24}},"57":{"start":{"line":575,"column":8},"end":{"line":575,"column":39}},"58":{"start":{"line":576,"column":8},"end":{"line":576,"column":49}},"59":{"start":{"line":578,"column":8},"end":{"line":578,"column":20273}},"60":{"start":{"line":602,"column":8},"end":{"line":602,"column":21308}},"61":{"start":{"line":610,"column":8},"end":{"line":610,"column":21484}},"62":{"start":{"line":635,"column":8},"end":{"line":635,"column":59}},"63":{"start":{"line":636,"column":8},"end":{"line":636,"column":22219}},"64":{"start":{"line":657,"column":8},"end":{"line":657,"column":59}},"65":{"start":{"line":658,"column":8},"end":{"line":658,"column":22856}},"66":{"start":{"line":678,"column":8},"end":{"line":678,"column":64}},"67":{"start":{"line":679,"column":8},"end":{"line":679,"column":23425}},"68":{"start":{"line":700,"column":8},"end":{"line":700,"column":64}},"69":{"start":{"line":701,"column":8},"end":{"line":701,"column":24028}},"70":{"start":{"line":714,"column":8},"end":{"line":714,"column":40}},"71":{"start":{"line":727,"column":8},"end":{"line":727,"column":64}},"72":{"start":{"line":728,"column":8},"end":{"line":728,"column":24934}},"73":{"start":{"line":729,"column":12},"end":{"line":729,"column":33}},"74":{"start":{"line":733,"column":8},"end":{"line":733,"column":37}},"75":{"start":{"line":746,"column":8},"end":{"line":746,"column":67}},"76":{"start":{"line":747,"column":8},"end":{"line":747,"column":89}},"77":{"start":{"line":807,"column":8},"end":{"line":807,"column":47}},"78":{"start":{"line":808,"column":8},"end":{"line":808,"column":27694}},"79":{"start":{"line":809,"column":12},"end":{"line":809,"column":32}},"80":{"start":{"line":810,"column":12},"end":{"line":810,"column":45}},"81":{"start":{"line":811,"column":12},"end":{"line":811,"column":45}},"82":{"start":{"line":815,"column":8},"end":{"line":815,"column":33}},"83":{"start":{"line":819,"column":8},"end":{"line":819,"column":28104}},"84":{"start":{"line":819,"column":27},"end":{"line":819,"column":57}},"85":{"start":{"line":820,"column":13},"end":{"line":820,"column":43}},"86":{"start":{"line":824,"column":8},"end":{"line":824,"column":34}},"87":{"start":{"line":824,"column":24},"end":{"line":824,"column":34}},"88":{"start":{"line":825,"column":8},"end":{"line":825,"column":28}},"89":{"start":{"line":826,"column":8},"end":{"line":826,"column":22}},"90":{"start":{"line":827,"column":8},"end":{"line":827,"column":28355}},"91":{"start":{"line":831,"column":8},"end":{"line":831,"column":47}},"92":{"start":{"line":832,"column":8},"end":{"line":832,"column":28488}},"93":{"start":{"line":837,"column":8},"end":{"line":837,"column":29}},"94":{"start":{"line":858,"column":8},"end":{"line":858,"column":29562}}},"branchMap":{"1":{"line":240,"type":"if","locations":[{"start":{"line":240,"column":47},"end":{"line":240,"column":47}},{"start":{"line":240,"column":47},"end":{"line":240,"column":47}}]},"2":{"line":244,"type":"if","locations":[{"start":{"line":244,"column":64},"end":{"line":244,"column":64}},{"start":{"line":244,"column":64},"end":{"line":244,"column":64}}]},"3":{"line":248,"type":"if","locations":[{"start":{"line":248,"column":52},"end":{"line":248,"column":52}},{"start":{"line":248,"column":52},"end":{"line":248,"column":52}}]},"4":{"line":252,"type":"if","locations":[{"start":{"line":252,"column":69},"end":{"line":252,"column":69}},{"start":{"line":252,"column":69},"end":{"line":252,"column":69}}]},"5":{"line":256,"type":"if","locations":[{"start":{"line":256,"column":68},"end":{"line":256,"column":68}},{"start":{"line":256,"column":68},"end":{"line":256,"column":68}}]},"6":{"line":260,"type":"if","locations":[{"start":{"line":260,"column":75},"end":{"line":260,"column":75}},{"start":{"line":260,"column":75},"end":{"line":260,"column":75}}]},"7":{"line":268,"type":"if","locations":[{"start":{"line":268,"column":68},"end":{"line":268,"column":68}},{"start":{"line":268,"column":68},"end":{"line":268,"column":68}}]},"8":{"line":269,"type":"if","locations":[{"start":{"line":269,"column":8},"end":{"line":269,"column":8}},{"start":{"line":269,"column":8},"end":{"line":269,"column":8}}]},"9":{"line":279,"type":"if","locations":[{"start":{"line":279,"column":65},"end":{"line":279,"column":65}},{"start":{"line":279,"column":65},"end":{"line":279,"column":65}}]},"10":{"line":280,"type":"if","locations":[{"start":{"line":280,"column":8},"end":{"line":280,"column":8}},{"start":{"line":280,"column":8},"end":{"line":280,"column":8}}]},"11":{"line":280,"type":"cond-expr","locations":[{"start":{"line":280,"column":12},"end":{"line":280,"column":32}},{"start":{"line":280,"column":37},"end":{"line":280,"column":59}}]},"12":{"line":300,"type":"if","locations":[{"start":{"line":300,"column":15},"end":{"line":300,"column":15}},{"start":{"line":300,"column":15},"end":{"line":300,"column":15}}]},"13":{"line":301,"type":"if","locations":[{"start":{"line":301,"column":8},"end":{"line":301,"column":8}},{"start":{"line":301,"column":8},"end":{"line":301,"column":8}}]},"14":{"line":302,"type":"if","locations":[{"start":{"line":302,"column":8},"end":{"line":302,"column":8}},{"start":{"line":302,"column":8},"end":{"line":302,"column":8}}]},"15":{"line":313,"type":"if","locations":[{"start":{"line":313,"column":8},"end":{"line":313,"column":8}},{"start":{"line":313,"column":8},"end":{"line":313,"column":8}}]},"16":{"line":367,"type":"if","locations":[{"start":{"line":367,"column":8},"end":{"line":367,"column":8}},{"start":{"line":367,"column":8},"end":{"line":367,"column":8}}]},"17":{"line":371,"type":"if","locations":[{"start":{"line":371,"column":8},"end":{"line":371,"column":8}},{"start":{"line":371,"column":8},"end":{"line":371,"column":8}}]},"18":{"line":376,"type":"if","locations":[{"start":{"line":376,"column":8},"end":{"line":376,"column":8}},{"start":{"line":376,"column":8},"end":{"line":376,"column":8}}]},"19":{"line":378,"type":"if","locations":[{"start":{"line":378,"column":12},"end":{"line":378,"column":12}},{"start":{"line":378,"column":12},"end":{"line":378,"column":12}}]},"20":{"line":384,"type":"if","locations":[{"start":{"line":384,"column":8},"end":{"line":384,"column":8}},{"start":{"line":384,"column":8},"end":{"line":384,"column":8}}]},"21":{"line":402,"type":"if","locations":[{"start":{"line":402,"column":8},"end":{"line":402,"column":8}},{"start":{"line":402,"column":8},"end":{"line":402,"column":8}}]},"22":{"line":413,"type":"if","locations":[{"start":{"line":413,"column":8},"end":{"line":413,"column":8}},{"start":{"line":413,"column":8},"end":{"line":413,"column":8}}]},"23":{"line":462,"type":"if","locations":[{"start":{"line":462,"column":8},"end":{"line":462,"column":8}},{"start":{"line":462,"column":8},"end":{"line":462,"column":8}}]},"24":{"line":465,"type":"if","locations":[{"start":{"line":465,"column":8},"end":{"line":465,"column":8}},{"start":{"line":465,"column":8},"end":{"line":465,"column":8}}]},"25":{"line":468,"type":"if","locations":[{"start":{"line":468,"column":8},"end":{"line":468,"column":8}},{"start":{"line":468,"column":8},"end":{"line":468,"column":8}}]},"26":{"line":471,"type":"if","locations":[{"start":{"line":471,"column":8},"end":{"line":471,"column":8}},{"start":{"line":471,"column":8},"end":{"line":471,"column":8}}]},"27":{"line":476,"type":"if","locations":[{"start":{"line":476,"column":8},"end":{"line":476,"column":8}},{"start":{"line":476,"column":8},"end":{"line":476,"column":8}}]},"28":{"line":501,"type":"if","locations":[{"start":{"line":501,"column":8},"end":{"line":501,"column":8}},{"start":{"line":501,"column":8},"end":{"line":501,"column":8}}]},"29":{"line":510,"type":"if","locations":[{"start":{"line":510,"column":8},"end":{"line":510,"column":8}},{"start":{"line":510,"column":8},"end":{"line":510,"column":8}}]},"30":{"line":555,"type":"if","locations":[{"start":{"line":555,"column":8},"end":{"line":555,"column":8}},{"start":{"line":555,"column":8},"end":{"line":555,"column":8}}]},"31":{"line":559,"type":"if","locations":[{"start":{"line":559,"column":8},"end":{"line":559,"column":8}},{"start":{"line":559,"column":8},"end":{"line":559,"column":8}}]},"32":{"line":565,"type":"if","locations":[{"start":{"line":565,"column":8},"end":{"line":565,"column":8}},{"start":{"line":565,"column":8},"end":{"line":565,"column":8}}]},"33":{"line":578,"type":"if","locations":[{"start":{"line":578,"column":8},"end":{"line":578,"column":8}},{"start":{"line":578,"column":8},"end":{"line":578,"column":8}}]},"34":{"line":728,"type":"if","locations":[{"start":{"line":728,"column":8},"end":{"line":728,"column":8}},{"start":{"line":728,"column":8},"end":{"line":728,"column":8}}]},"35":{"line":819,"type":"if","locations":[{"start":{"line":819,"column":8},"end":{"line":819,"column":8}},{"start":{"line":819,"column":8},"end":{"line":819,"column":8}}]},"36":{"line":824,"type":"if","locations":[{"start":{"line":824,"column":8},"end":{"line":824,"column":8}},{"start":{"line":824,"column":8},"end":{"line":824,"column":8}}]}}},"contracts/mocks/ReentrantReceiver.sol":{"l":{"41":1,"42":1,"52":2,"53":1,"56":1,"58":1,"68":0,"72":0},"path":"/Users/rameshtamilselvan/Downloads/terraqura/apps/contracts/contracts/mocks/ReentrantReceiver.sol","s":{"1":2,"2":1,"3":1,"4":0,"5":0},"b":{"1":[1,1],"2":[0,0]},"f":{"1":1,"2":2,"3":0,"4":0},"fnMap":{"1":{"name":"arm","line":40,"loc":{"start":{"line":40,"column":4},"end":{"line":43,"column":4}}},"2":{"name":"onERC1155Received","line":45,"loc":{"start":{"line":45,"column":4},"end":{"line":59,"column":4}}},"3":{"name":"onERC1155BatchReceived","line":61,"loc":{"start":{"line":61,"column":4},"end":{"line":69,"column":4}}},"4":{"name":"supportsInterface","line":71,"loc":{"start":{"line":71,"column":4},"end":{"line":75,"column":4}}}},"statementMap":{"1":{"start":{"line":52,"column":8},"end":{"line":52,"column":1726}},"2":{"start":{"line":56,"column":12},"end":{"line":56,"column":49}},"3":{"start":{"line":58,"column":8},"end":{"line":58,"column":46}},"4":{"start":{"line":68,"column":8},"end":{"line":68,"column":51}},"5":{"start":{"line":72,"column":8},"end":{"line":72,"column":2444}}},"branchMap":{"1":{"line":52,"type":"if","locations":[{"start":{"line":52,"column":8},"end":{"line":52,"column":8}},{"start":{"line":52,"column":8},"end":{"line":52,"column":8}}]},"2":{"line":73,"type":"cond-expr","locations":[{"start":{"line":73,"column":12},"end":{"line":73,"column":60}},{"start":{"line":74,"column":12},"end":{"line":74,"column":36}}]}}},"contracts/mocks/MockKycRegistry.sol":{"l":{"14":11,"18":12},"path":"/Users/rameshtamilselvan/Downloads/terraqura/apps/contracts/contracts/mocks/MockKycRegistry.sol","s":{"1":12},"b":{},"f":{"1":11,"2":12},"fnMap":{"1":{"name":"setVerified","line":13,"loc":{"start":{"line":13,"column":4},"end":{"line":15,"column":4}}},"2":{"name":"isKycVerified","line":17,"loc":{"start":{"line":17,"column":4},"end":{"line":19,"column":4}}}},"statementMap":{"1":{"start":{"line":18,"column":8},"end":{"line":18,"column":32}}},"branchMap":{}},"contracts/mocks/MockISeal.sol":{"l":{"38":48,"39":48,"40":48,"44":3,"48":62,"49":62,"69":44,"70":44,"71":44,"99":0,"103":46,"104":46,"105":46,"109":94,"110":94,"121":42},"path":"/Users/rameshtamilselvan/Downloads/terraqura/apps/contracts/contracts/mocks/MockISeal.sol","s":{"1":48,"2":44,"3":44,"4":44,"5":0,"6":46,"7":46,"8":46,"9":94,"10":94,"11":42},"b":{"1":[44,0],"2":[44,0],"3":[46,0]},"f":{"1":48,"2":3,"3":62,"4":44,"5":0,"6":46,"7":94,"8":42},"fnMap":{"1":{"name":"setSeal","line":32,"loc":{"start":{"line":32,"column":4},"end":{"line":41,"column":4}}},"2":{"name":"setActive","line":43,"loc":{"start":{"line":43,"column":4},"end":{"line":45,"column":4}}},"3":{"name":"setPolicyResult","line":47,"loc":{"start":{"line":47,"column":4},"end":{"line":50,"column":4}}},"4":{"name":"getSeal","line":54,"loc":{"start":{"line":54,"column":4},"end":{"line":82,"column":4}}},"5":{"name":"getConfidentiality","line":84,"loc":{"start":{"line":84,"column":4},"end":{"line":100,"column":4}}},"6":{"name":"getSealIdByJob","line":102,"loc":{"start":{"line":102,"column":4},"end":{"line":106,"column":4}}},"7":{"name":"verifySeal","line":108,"loc":{"start":{"line":108,"column":4},"end":{"line":111,"column":4}}},"8":{"name":"requireConfidentiality","line":113,"loc":{"start":{"line":113,"column":4},"end":{"line":122,"column":4}}}},"statementMap":{"1":{"start":{"line":38,"column":8},"end":{"line":38,"column":102}},"2":{"start":{"line":69,"column":8},"end":{"line":69,"column":42}},"3":{"start":{"line":70,"column":8},"end":{"line":70,"column":42}},"4":{"start":{"line":71,"column":8},"end":{"line":71,"column":2148}},"5":{"start":{"line":99,"column":8},"end":{"line":99,"column":54}},"6":{"start":{"line":103,"column":8},"end":{"line":103,"column":42}},"7":{"start":{"line":104,"column":8},"end":{"line":104,"column":42}},"8":{"start":{"line":105,"column":8},"end":{"line":105,"column":23}},"9":{"start":{"line":109,"column":8},"end":{"line":109,"column":42}},"10":{"start":{"line":110,"column":8},"end":{"line":110,"column":35}},"11":{"start":{"line":121,"column":8},"end":{"line":121,"column":41}}},"branchMap":{"1":{"line":70,"type":"if","locations":[{"start":{"line":70,"column":8},"end":{"line":70,"column":8}},{"start":{"line":70,"column":8},"end":{"line":70,"column":8}}]},"2":{"line":79,"type":"if","locations":[{"start":{"line":79,"column":23},"end":{"line":79,"column":23}},{"start":{"line":79,"column":27},"end":{"line":79,"column":27}}]},"3":{"line":104,"type":"if","locations":[{"start":{"line":104,"column":8},"end":{"line":104,"column":8}},{"start":{"line":104,"column":8},"end":{"line":104,"column":8}}]}}},"contracts/mocks/EfficiencyCalculatorTest.sol":{"l":{"30":19,"45":10,"54":3,"64":5,"79":30,"96":16,"111":8},"path":"/Users/rameshtamilselvan/Downloads/terraqura/apps/contracts/contracts/mocks/EfficiencyCalculatorTest.sol","s":{"1":19,"2":10,"3":3,"4":5,"5":30,"6":16,"7":8},"b":{},"f":{"1":19,"2":10,"3":3,"4":5,"5":30,"6":16,"7":8},"fnMap":{"1":{"name":"testCalculateNetCredits","line":19,"loc":{"start":{"line":19,"column":4},"end":{"line":36,"column":4}}},"2":{"name":"testIsPhysicallyPlausible","line":41,"loc":{"start":{"line":41,"column":4},"end":{"line":46,"column":4}}},"3":{"name":"testScaleToMintable","line":51,"loc":{"start":{"line":51,"column":4},"end":{"line":55,"column":4}}},"4":{"name":"testToLegacyEfficiencyFactor","line":60,"loc":{"start":{"line":60,"column":4},"end":{"line":65,"column":4}}},"5":{"name":"testCalculate","line":72,"loc":{"start":{"line":72,"column":4},"end":{"line":86,"column":4}}},"6":{"name":"testApplyPurityAdjustment","line":91,"loc":{"start":{"line":91,"column":4},"end":{"line":101,"column":4}}},"7":{"name":"testCalculateCredits","line":106,"loc":{"start":{"line":106,"column":4},"end":{"line":116,"column":4}}}},"statementMap":{"1":{"start":{"line":30,"column":8},"end":{"line":30,"column":883}},"2":{"start":{"line":45,"column":8},"end":{"line":45,"column":89}},"3":{"start":{"line":54,"column":8},"end":{"line":54,"column":69}},"4":{"start":{"line":64,"column":8},"end":{"line":64,"column":91}},"5":{"start":{"line":79,"column":8},"end":{"line":79,"column":2334}},"6":{"start":{"line":96,"column":8},"end":{"line":96,"column":2758}},"7":{"start":{"line":111,"column":8},"end":{"line":111,"column":3141}}},"branchMap":{}},"contracts/libraries/EfficiencyCalculator.sol":{"l":{"106":478,"112":478,"115":478,"126":478,"132":478,"133":472,"134":472,"138":6,"141":478,"162":497,"163":3,"167":494,"170":494,"171":494,"173":494,"176":494,"178":494,"190":14,"191":14,"212":460,"217":459,"218":459,"221":459,"244":30,"245":4,"249":26,"250":20,"251":20,"253":20,"254":14,"255":14,"257":6,"261":6,"262":6,"264":6,"265":6,"269":26,"270":26,"272":26,"273":26,"275":26,"291":16,"292":16,"295":16,"298":16,"299":16,"300":7,"303":16,"319":8,"320":8,"339":478,"340":1,"343":478,"345":473,"350":5,"351":5,"354":478},"path":"/Users/rameshtamilselvan/Downloads/terraqura/apps/contracts/contracts/libraries/EfficiencyCalculator.sol","s":{"1":478,"2":478,"3":497,"4":3,"5":494,"6":494,"7":494,"8":14,"9":460,"10":1,"11":459,"12":30,"13":4,"14":26,"15":20,"16":20,"17":20,"18":14,"19":6,"20":6,"21":6,"22":26,"23":26,"24":26,"25":26,"26":26,"27":16,"28":16,"29":16,"30":16,"31":16,"32":8,"33":478,"34":478,"35":5,"36":478},"b":{"1":[472,6],"2":[3,494],"3":[0,494],"4":[1,459],"5":[4,26],"6":[2,2],"7":[20,6],"8":[14,6],"9":[6,0],"10":[0,26],"11":[0,26],"12":[7,9],"13":[1,477],"14":[473,5]},"f":{"1":478,"2":497,"3":14,"4":460,"5":30,"6":16,"7":8,"8":478},"fnMap":{"1":{"name":"calculateNetCredits","line":94,"loc":{"start":{"line":94,"column":4},"end":{"line":142,"column":4}}},"2":{"name":"isPhysicallyPlausible","line":158,"loc":{"start":{"line":158,"column":4},"end":{"line":179,"column":4}}},"3":{"name":"scaleToMintable","line":189,"loc":{"start":{"line":189,"column":4},"end":{"line":192,"column":4}}},"4":{"name":"toLegacyEfficiencyFactor","line":208,"loc":{"start":{"line":208,"column":4},"end":{"line":222,"column":4}}},"5":{"name":"calculate","line":236,"loc":{"start":{"line":236,"column":4},"end":{"line":276,"column":4}}},"6":{"name":"applyPurityAdjustment","line":286,"loc":{"start":{"line":286,"column":4},"end":{"line":304,"column":4}}},"7":{"name":"calculateCredits","line":314,"loc":{"start":{"line":314,"column":4},"end":{"line":321,"column":4}}},"8":{"name":"_calculatePurityFactor","line":338,"loc":{"start":{"line":338,"column":4},"end":{"line":355,"column":4}}}},"statementMap":{"1":{"start":{"line":132,"column":8},"end":{"line":132,"column":5690}},"2":{"start":{"line":141,"column":8},"end":{"line":141,"column":69}},"3":{"start":{"line":162,"column":8},"end":{"line":162,"column":6941}},"4":{"start":{"line":163,"column":12},"end":{"line":163,"column":29}},"5":{"start":{"line":170,"column":12},"end":{"line":170,"column":58}},"6":{"start":{"line":171,"column":12},"end":{"line":171,"column":45}},"7":{"start":{"line":178,"column":8},"end":{"line":178,"column":41}},"8":{"start":{"line":191,"column":8},"end":{"line":191,"column":22}},"9":{"start":{"line":212,"column":8},"end":{"line":212,"column":38}},"10":{"start":{"line":212,"column":30},"end":{"line":212,"column":38}},"11":{"start":{"line":221,"column":8},"end":{"line":221,"column":31}},"12":{"start":{"line":244,"column":8},"end":{"line":244,"column":10387}},"13":{"start":{"line":245,"column":12},"end":{"line":245,"column":20}},"14":{"start":{"line":249,"column":8},"end":{"line":249,"column":10551}},"15":{"start":{"line":250,"column":12},"end":{"line":250,"column":55}},"16":{"start":{"line":251,"column":12},"end":{"line":251,"column":51}},"17":{"start":{"line":253,"column":12},"end":{"line":253,"column":10708}},"18":{"start":{"line":254,"column":16},"end":{"line":254,"column":68}},"19":{"start":{"line":261,"column":12},"end":{"line":261,"column":55}},"20":{"start":{"line":262,"column":12},"end":{"line":262,"column":51}},"21":{"start":{"line":264,"column":12},"end":{"line":264,"column":65}},"22":{"start":{"line":269,"column":8},"end":{"line":269,"column":37}},"23":{"start":{"line":270,"column":8},"end":{"line":270,"column":48}},"24":{"start":{"line":272,"column":8},"end":{"line":272,"column":50}},"25":{"start":{"line":273,"column":8},"end":{"line":273,"column":50}},"26":{"start":{"line":275,"column":8},"end":{"line":275,"column":21}},"27":{"start":{"line":291,"column":8},"end":{"line":291,"column":67}},"28":{"start":{"line":292,"column":8},"end":{"line":292,"column":65}},"29":{"start":{"line":298,"column":8},"end":{"line":298,"column":37}},"30":{"start":{"line":299,"column":8},"end":{"line":299,"column":12440}},"31":{"start":{"line":303,"column":8},"end":{"line":303,"column":29}},"32":{"start":{"line":320,"column":8},"end":{"line":320,"column":22}},"33":{"start":{"line":339,"column":8},"end":{"line":339,"column":14005}},"34":{"start":{"line":343,"column":8},"end":{"line":343,"column":14113}},"35":{"start":{"line":350,"column":12},"end":{"line":350,"column":68}},"36":{"start":{"line":354,"column":8},"end":{"line":354,"column":21}}},"branchMap":{"1":{"line":132,"type":"if","locations":[{"start":{"line":132,"column":8},"end":{"line":132,"column":8}},{"start":{"line":132,"column":8},"end":{"line":132,"column":8}}]},"2":{"line":162,"type":"if","locations":[{"start":{"line":162,"column":8},"end":{"line":162,"column":8}},{"start":{"line":162,"column":8},"end":{"line":162,"column":8}}]},"3":{"line":171,"type":"if","locations":[{"start":{"line":171,"column":12},"end":{"line":171,"column":12}},{"start":{"line":171,"column":12},"end":{"line":171,"column":12}}]},"4":{"line":212,"type":"if","locations":[{"start":{"line":212,"column":8},"end":{"line":212,"column":8}},{"start":{"line":212,"column":8},"end":{"line":212,"column":8}}]},"5":{"line":244,"type":"if","locations":[{"start":{"line":244,"column":8},"end":{"line":244,"column":8}},{"start":{"line":244,"column":8},"end":{"line":244,"column":8}}]},"6":{"line":244,"type":"cond-expr","locations":[{"start":{"line":244,"column":12},"end":{"line":244,"column":38}},{"start":{"line":244,"column":43},"end":{"line":244,"column":69}}]},"7":{"line":249,"type":"if","locations":[{"start":{"line":249,"column":8},"end":{"line":249,"column":8}},{"start":{"line":249,"column":8},"end":{"line":249,"column":8}}]},"8":{"line":253,"type":"if","locations":[{"start":{"line":253,"column":12},"end":{"line":253,"column":12}},{"start":{"line":253,"column":12},"end":{"line":253,"column":12}}]},"9":{"line":265,"type":"if","locations":[{"start":{"line":265,"column":39},"end":{"line":265,"column":53}},{"start":{"line":265,"column":57},"end":{"line":265,"column":65}}]},"10":{"line":272,"type":"if","locations":[{"start":{"line":272,"column":8},"end":{"line":272,"column":8}},{"start":{"line":272,"column":8},"end":{"line":272,"column":8}}]},"11":{"line":273,"type":"if","locations":[{"start":{"line":273,"column":8},"end":{"line":273,"column":8}},{"start":{"line":273,"column":8},"end":{"line":273,"column":8}}]},"12":{"line":299,"type":"if","locations":[{"start":{"line":299,"column":8},"end":{"line":299,"column":8}},{"start":{"line":299,"column":8},"end":{"line":299,"column":8}}]},"13":{"line":339,"type":"if","locations":[{"start":{"line":339,"column":8},"end":{"line":339,"column":8}},{"start":{"line":339,"column":8},"end":{"line":339,"column":8}}]},"14":{"line":343,"type":"if","locations":[{"start":{"line":343,"column":8},"end":{"line":343,"column":8}},{"start":{"line":343,"column":8},"end":{"line":343,"column":8}}]}}},"contracts/interfaces/IVerificationEngine.sol":{"l":{},"path":"/Users/rameshtamilselvan/Downloads/terraqura/apps/contracts/contracts/interfaces/IVerificationEngine.sol","s":{},"b":{},"f":{},"fnMap":{},"statementMap":{},"branchMap":{}},"contracts/interfaces/ISealProofOfPhysics.sol":{"l":{},"path":"/Users/rameshtamilselvan/Downloads/terraqura/apps/contracts/contracts/interfaces/ISealProofOfPhysics.sol","s":{},"b":{},"f":{},"fnMap":{},"statementMap":{},"branchMap":{}},"contracts/interfaces/ISeal.sol":{"l":{},"path":"/Users/rameshtamilselvan/Downloads/terraqura/apps/contracts/contracts/interfaces/ISeal.sol","s":{},"b":{},"f":{},"fnMap":{},"statementMap":{},"branchMap":{}},"contracts/interfaces/IRewardDistributor.sol":{"l":{},"path":"/Users/rameshtamilselvan/Downloads/terraqura/apps/contracts/contracts/interfaces/IRewardDistributor.sol","s":{},"b":{},"f":{},"fnMap":{},"statementMap":{},"branchMap":{}},"contracts/interfaces/IRetirementCertificate.sol":{"l":{},"path":"/Users/rameshtamilselvan/Downloads/terraqura/apps/contracts/contracts/interfaces/IRetirementCertificate.sol","s":{},"b":{},"f":{},"fnMap":{},"statementMap":{},"branchMap":{}},"contracts/interfaces/IKycRegistry.sol":{"l":{},"path":"/Users/rameshtamilselvan/Downloads/terraqura/apps/contracts/contracts/interfaces/IKycRegistry.sol","s":{},"b":{},"f":{},"fnMap":{},"statementMap":{},"branchMap":{}},"contracts/interfaces/IInsurancePool.sol":{"l":{},"path":"/Users/rameshtamilselvan/Downloads/terraqura/apps/contracts/contracts/interfaces/IInsurancePool.sol","s":{},"b":{},"f":{},"fnMap":{},"statementMap":{},"branchMap":{}},"contracts/interfaces/IITMORegistry.sol":{"l":{},"path":"/Users/rameshtamilselvan/Downloads/terraqura/apps/contracts/contracts/interfaces/IITMORegistry.sol","s":{},"b":{},"f":{},"fnMap":{},"statementMap":{},"branchMap":{}},"contracts/interfaces/IFractionalCredit.sol":{"l":{},"path":"/Users/rameshtamilselvan/Downloads/terraqura/apps/contracts/contracts/interfaces/IFractionalCredit.sol","s":{},"b":{},"f":{},"fnMap":{},"statementMap":{},"branchMap":{}},"contracts/interfaces/IComplianceRegistry.sol":{"l":{},"path":"/Users/rameshtamilselvan/Downloads/terraqura/apps/contracts/contracts/interfaces/IComplianceRegistry.sol","s":{},"b":{},"f":{},"fnMap":{},"statementMap":{},"branchMap":{}},"contracts/interfaces/ICircuitBreaker.sol":{"l":{},"path":"/Users/rameshtamilselvan/Downloads/terraqura/apps/contracts/contracts/interfaces/ICircuitBreaker.sol","s":{},"b":{},"f":{},"fnMap":{},"statementMap":{},"branchMap":{}},"contracts/interfaces/ICarbonVault.sol":{"l":{},"path":"/Users/rameshtamilselvan/Downloads/terraqura/apps/contracts/contracts/interfaces/ICarbonVault.sol","s":{},"b":{},"f":{},"fnMap":{},"statementMap":{},"branchMap":{}},"contracts/interfaces/ICarbonRetirement.sol":{"l":{},"path":"/Users/rameshtamilselvan/Downloads/terraqura/apps/contracts/contracts/interfaces/ICarbonRetirement.sol","s":{},"b":{},"f":{},"fnMap":{},"statementMap":{},"branchMap":{}},"contracts/interfaces/ICarbonFutures.sol":{"l":{},"path":"/Users/rameshtamilselvan/Downloads/terraqura/apps/contracts/contracts/interfaces/ICarbonFutures.sol","s":{},"b":{},"f":{},"fnMap":{},"statementMap":{},"branchMap":{}},"contracts/interfaces/ICarbonCredit.sol":{"l":{},"path":"/Users/rameshtamilselvan/Downloads/terraqura/apps/contracts/contracts/interfaces/ICarbonCredit.sol","s":{},"b":{},"f":{},"fnMap":{},"statementMap":{},"branchMap":{}},"contracts/interfaces/ICarbonBatchAuction.sol":{"l":{},"path":"/Users/rameshtamilselvan/Downloads/terraqura/apps/contracts/contracts/interfaces/ICarbonBatchAuction.sol","s":{},"b":{},"f":{},"fnMap":{},"statementMap":{},"branchMap":{}},"contracts/interfaces/ICarbonAMM.sol":{"l":{},"path":"/Users/rameshtamilselvan/Downloads/terraqura/apps/contracts/contracts/interfaces/ICarbonAMM.sol","s":{},"b":{},"f":{},"fnMap":{},"statementMap":{},"branchMap":{}},"contracts/insurance/InsurancePool.sol":{"l":{"76":13,"77":10,"84":1,"88":7,"89":7,"91":7,"93":7,"94":7,"97":7,"98":7,"99":7,"100":7,"103":7,"106":7,"120":19,"121":17,"123":15,"124":15,"127":13,"128":13,"129":13,"130":2,"133":11,"135":11,"146":11,"149":11,"150":2,"151":2,"154":11,"169":33,"170":33,"182":16,"183":16,"184":14,"185":13,"186":2,"187":2,"188":2,"191":11,"192":11,"194":11,"203":11,"210":8,"211":8,"213":6,"215":6,"217":2,"218":2,"219":2,"221":0,"222":0,"226":6,"233":7,"234":7,"236":5,"237":5,"239":5,"241":5,"242":5,"243":5,"245":5,"246":5,"248":5,"257":19,"259":18,"260":18,"261":18,"263":18,"270":4,"271":4,"272":3,"273":1,"277":2,"278":2,"279":1,"282":1,"283":1,"285":1,"286":1,"288":1,"297":1,"304":1,"311":0,"317":1,"318":1,"319":1,"320":1,"324":4,"328":3},"path":"/Users/rameshtamilselvan/Downloads/terraqura/apps/contracts/contracts/insurance/I
[...]
line":122,"column":69}}]},"11":{"line":124,"type":"if","locations":[{"start":{"line":124,"column":8},"end":{"line":124,"column":8}},{"start":{"line":124,"column":8},"end":{"line":124,"column":8}}]},"12":{"line":140,"type":"if","locations":[{"start":{"line":140,"column":67},"end":{"line":140,"column":67}},{"start":{"line":140,"column":67},"end":{"line":140,"column":67}}]},"13":{"line":142,"type":"if","locations":[{"start":{"line":142,"column":8},"end":{"line":142,"column":8}},{"start":{"line":142,"column":8},"end":{"line":142,"column":8}}]},"14":{"line":156,"type":"if","locations":[{"start":{"line":156,"column":66},"end":{"line":156,"column":66}},{"start":{"line":156,"column":66},"end":{"line":156,"column":66}}]},"15":{"line":158,"type":"if","locations":[{"start":{"line":158,"column":8},"end":{"line":158,"column":8}},{"start":{"line":158,"column":8},"end":{"line":158,"column":8}}]},"16":{"line":158,"type":"cond-expr","locations":[{"start":{"line":158,"column":12},"end":{"line":158,"column":47}},{"start":{"line":158,"column":52},"end":{"line":158,"column":86}}]},"17":{"line":163,"type":"if","locations":[{"start":{"line":163,"column":8},"end":{"line":163,"column":8}},{"start":{"line":163,"column":8},"end":{"line":163,"column":8}}]},"18":{"line":187,"type":"if","locations":[{"start":{"line":187,"column":15},"end":{"line":187,"column":15}},{"start":{"line":187,"column":15},"end":{"line":187,"column":15}}]},"19":{"line":188,"type":"if","locations":[{"start":{"line":188,"column":8},"end":{"line":188,"column":8}},{"start":{"line":188,"column":8},"end":{"line":188,"column":8}}]},"20":{"line":189,"type":"if","locations":[{"start":{"line":189,"column":8},"end":{"line":189,"column":8}},{"start":{"line":189,"column":8},"end":{"line":189,"column":8}}]},"21":{"line":221,"type":"if","locations":[{"start":{"line":221,"column":58},"end":{"line":221,"column":58}},{"start":{"line":221,"column":58},"end":{"line":221,"column":58}}]}}},"contracts/compliance/ComplianceRegistry.sol":{"l":{"52":13,"54":1,"56":12,"60":12,"61":11,"68":1,"72":3,"73":3,"76":3,"77":3,"78":3,"79":3,"80":3,"81":3,"82":3,"96":11,"97":10,"99":9,"107":9,"109":9,"123":9,"124":8,"125":1,"128":7,"135":7,"136":7,"137":7,"140":7,"154":3,"156":3,"163":3,"175":4,"176":4,"177":2,"178":1,"188":2,"197":1,"198":1,"200":1,"201":1,"203":1,"204":2,"205":2,"206":2,"209":1,"218":1,"222":1,"226":1},"path":"/Users/rameshtamilselvan/Downloads/terraqura/apps/contracts/contracts/compliance/ComplianceRegistry.sol","s":{"1":13,"2":12,"3":1,"4":3,"5":3,"6":3,"7":3,"8":3,"9":3,"10":3,"11":3,"12":11,"13":10,"14":9,"15":9,"16":9,"17":8,"18":7,"19":7,"20":7,"21":3,"22":3,"23":4,"24":4,"25":2,"26":2,"27":1,"28":1,"29":2,"30":1,"31":1,"32":1,"33":1,"34":1,"35":2,"36":1,"37":1,"38":1},"b":{"1":[1,12],"2":[1,11],"3":[3,0],"4":[11,1],"5":[1,10],"6":[1,9],"7":[9,1],"8":[1,8],"9":[1,7],"10":[7,0],"11":[3,0],"12":[0,3],"13":[2,2],"14":[1,1],"15":[0,0]},"f":{"1":13,"2":12,"3":1,"4":3,"5":11,"6":9,"7":3,"8":4,"9":2,"10":1,"11":1,"12":1,"13":1,"14":0},"fnMap":{"1":{"name":"onlyCompliance","line":51,"loc":{"start":{"line":51,"column":4},"end":{"line":57,"column":4}}},"2":{"name":"onlyAdmin","line":59,"loc":{"start":{"line":59,"column":4},"end":{"line":62,"column":4}}},"3":{"name":"constructor","line":67,"loc":{"start":{"line":67,"column":4},"end":{"line":69,"column":4}}},"4":{"name":"initialize","line":71,"loc":{"start":{"line":71,"column":4},"end":{"line":83,"column":4}}},"5":{"name":"registerJurisdiction","line":95,"loc":{"start":{"line":90,"column":4},"end":{"line":110,"column":4}}},"6":{"name":"setEntityCompliance","line":122,"loc":{"start":{"line":117,"column":4},"end":{"line":141,"column":4}}},"7":{"name":"setCreditCompliance","line":153,"loc":{"start":{"line":148,"column":4},"end":{"line":164,"column":4}}},"8":{"name":"isCompliant","line":171,"loc":{"start":{"line":171,"column":4},"end":{"line":179,"column":4}}},"9":{"name":"isCreditCompliant","line":184,"loc":{"start":{"line":184,"column":4},"end":{"line":189,"column":4}}},"10":{"name":"getComplianceReport","line":194,"loc":{"start":{"line":194,"column":4},"end":{"line":215,"column":4}}},"11":{"name":"getJurisdiction","line":217,"loc":{"start":{"line":217,"column":4},"end":{"line":219,"column":4}}},"12":{"name":"getJurisdictionCount","line":221,"loc":{"start":{"line":221,"column":4},"end":{"line":223,"column":4}}},"13":{"name":"getSupportedStandards","line":225,"loc":{"start":{"line":225,"column":4},"end":{"line":227,"column":4}}},"14":{"name":"_authorizeUpgrade","line":231,"loc":{"start":{"line":231,"column":4},"end":{"line":231,"column":69}}}},"statementMap":{"1":{"start":{"line":52,"column":8},"end":{"line":52,"column":1715}},"2":{"start":{"line":60,"column":8},"end":{"line":60,"column":97}},"3":{"start":{"line":68,"column":8},"end":{"line":68,"column":29}},"4":{"start":{"line":72,"column":8},"end":{"line":72,"column":31}},"5":{"start":{"line":76,"column":8},"end":{"line":76,"column":43}},"6":{"start":{"line":77,"column":8},"end":{"line":77,"column":47}},"7":{"start":{"line":78,"column":8},"end":{"line":78,"column":37}},"8":{"start":{"line":79,"column":8},"end":{"line":79,"column":37}},"9":{"start":{"line":80,"column":8},"end":{"line":80,"column":37}},"10":{"start":{"line":81,"column":8},"end":{"line":81,"column":40}},"11":{"start":{"line":82,"column":8},"end":{"line":82,"column":40}},"12":{"start":{"line":96,"column":8},"end":{"line":96,"column":65}},"13":{"start":{"line":97,"column":8},"end":{"line":97,"column":85}},"14":{"start":{"line":107,"column":8},"end":{"line":107,"column":42}},"15":{"start":{"line":109,"column":8},"end":{"line":109,"column":81}},"16":{"start":{"line":123,"column":8},"end":{"line":123,"column":83}},"17":{"start":{"line":124,"column":8},"end":{"line":124,"column":3961}},"18":{"start":{"line":135,"column":8},"end":{"line":135,"column":4327}},"19":{"start":{"line":136,"column":12},"end":{"line":136,"column":58}},"20":{"start":{"line":140,"column":8},"end":{"line":140,"column":89}},"21":{"start":{"line":154,"column":8},"end":{"line":154,"column":83}},"22":{"start":{"line":163,"column":8},"end":{"line":163,"column":89}},"23":{"start":{"line":175,"column":8},"end":{"line":175,"column":75}},"24":{"start":{"line":176,"column":8},"end":{"line":176,"column":65}},"25":{"start":{"line":176,"column":53},"end":{"line":176,"column":65}},"26":{"start":{"line":177,"column":8},"end":{"line":177,"column":90}},"27":{"start":{"line":177,"column":78},"end":{"line":177,"column":90}},"28":{"start":{"line":178,"column":8},"end":{"line":178,"column":19}},"29":{"start":{"line":188,"column":8},"end":{"line":188,"column":65}},"30":{"start":{"line":197,"column":8},"end":{"line":197,"column":59}},"31":{"start":{"line":198,"column":8},"end":{"line":198,"column":33}},"32":{"start":{"line":200,"column":8},"end":{"line":200,"column":72}},"33":{"start":{"line":201,"column":8},"end":{"line":201,"column":54}},"34":{"start":{"line":203,"column":8},"end":{"line":203,"column":6489}},"35":{"start":{"line":204,"column":12},"end":{"line":204,"column":74}},"36":{"start":{"line":218,"column":8},"end":{"line":218,"column":41}},"37":{"start":{"line":222,"column":8},"end":{"line":222,"column":39}},"38":{"start":{"line":226,"column":8},"end":{"line":226,"column":33}}},"branchMap":{"1":{"line":52,"type":"if","locations":[{"start":{"line":52,"column":8},"end":{"line":52,"column":8}},{"start":{"line":52,"column":8},"end":{"line":52,"column":8}}]},"2":{"line":60,"type":"if","locations":[{"start":{"line":60,"column":8},"end":{"line":60,"column":8}},{"start":{"line":60,"column":8},"end":{"line":60,"column":8}}]},"3":{"line":71,"type":"if","locations":[{"start":{"line":71,"column":55},"end":{"line":71,"column":55}},{"start":{"line":71,"column":55},"end":{"line":71,"column":55}}]},"4":{"line":95,"type":"if","locations":[{"start":{"line":95,"column":24},"end":{"line":95,"column":24}},{"start":{"line":95,"column":24},"end":{"line":95,"column":24}}]},"5":{"line":96,"type":"if","locations":[{"start":{"line":96,"column":8},"end":{"line":96,"column":8}},{"start":{"line":96,"column":8},"end":{"line":96,"column":8}}]},"6":{"line":97,"type":"if","locations":[{"start":{"line":97,"column":8},"end":{"line":97,"column":8}},{"start":{"line":97,"column":8},"end":{"line":97,"column":8}}]},"7":{"line":122,"type":"if","locations":[{"start":{"line":122,"column":24},"end":{"line":122,"column":24}},{"start":{"line":122,"column":24},"end":{"line":122,"column":24}}]},"8":{"line":123,"type":"if","locations":[{"start":{"line":123,"column":8},"end":{"line":123,"column":8}},{"start":{"line":123,"column":8},"end":{"line":123,"column":8}}]},"9":{"line":124,"type":"if","locations":[{"start":{"line":124,"column":8},"end":{"line":124,"column":8}},{"start":{"line":124,"column":8},"end":{"line":124,"column":8}}]},"10":{"line":135,"type":"if","locations":[{"start":{"line":135,"column":8},"end":{"line":135,"column":8}},{"start":{"line":135,"column":8},"end":{"line":135,"column":8}}]},"11":{"line":153,"type":"if","locations":[{"start":{"line":153,"column":24},"end":{"line":153,"column":24}},{"start":{"line":153,"column":24},"end":{"line":153,"column":24}}]},"12":{"line":154,"type":"if","locations":[{"start":{"line":154,"column":8},"end":{"line":154,"column":8}},{"start":{"line":154,"column":8},"end":{"line":154,"column":8}}]},"13":{"line":176,"type":"if","locations":[{"start":{"line":176,"column":8},"end":{"line":176,"column":8}},{"start":{"line":176,"column":8},"end":{"line":176,"column":8}}]},"14":{"line":177,"type":"if","locations":[{"start":{"line":177,"column":8},"end":{"line":177,"column":8}},{"start":{"line":177,"column":8},"end":{"line":177,"column":8}}]},"15":{"line":231,"type":"if","locations":[{"start":{"line":231,"column":58},"end":{"line":231,"column":58}},{"start":{"line":231,"column":58},"end":{"line":231,"column":58}}]}}},"contracts/access/TerraQuraAccessControl.sol":{"l":{"124":1,"128":215,"129":215,"130":215,"133":215,"134":215,"135":215,"136":215,"139":215,"140":215,"141":215,"142":215,"143":215,"144":215,"145":215,"148":215,"151":215,"171":21,"172":2,"175":19,"179":19,"188":19,"200":15,"201":15,"215":3,"216":6,"220":6,"221":6,"224":6,"225":6,"227":6,"236":3,"247":21,"248":21,"271":5,"272":5,"293":9,"294":9,"301":3,"319":20,"320":18,"321":18,"322":18,"332":24,"334":24,"335":17,"345":13,"354":4,"355":2,"357":2,"358":2,"372":8,"373":6,"374":4,"375":2,"376":2,"390":7,"408":4},"path":"/Users/rameshtamilselvan/Downloads/terraqura/apps/contracts/contracts/access/TerraQuraAccessControl.sol","s":{"1":1,"2":215,"3":215,"4":215,"5":215,"6":215,"7":215,"8":215,"9":215,"10":215,"11":215,"12":215,"13":215,"14":215,"15":215,"16":215,"17":21,"18":19,"19":19,"20":15,"21":3,"22":6,"23":6,"24":21,"25":21,"26":5,"27":5,"28":9,"29":9,"30":3,"31":20,"32":18,"33":18,"34":24,"35":24,"36":7,"37":17,"38":13,"39":4,"40":2,"41":8,"42":6,"43":4,"44":2,"45":7,"46":4},"b":{"1":[215,0],"2":[21,1],"3":[2,19],"4":[15,4],"5":[15,0],"6":[3,0],"7":[4,2],"8":[4,2],"9":[3,1],"10":[9,0],"11":[3,1],"12":[20,1],"13":[18,2],"14":[7,17],"15":[2,2],"16":[8,0],"17":[6,2],"18":[4,2],"19":[2,2],"20":[0,0]},"f":{"1":1,"2":215,"3":21,"4":15,"5":3,"6":3,"7":21,"8":5,"9":9,"10":3,"11":20,"12":24,"13":13,"14":4,"15":8,"16":7,"17":0,"18":4},"fnMap":{"1":{"name":"constructor","line":123,"loc":{"start":{"line":123,"column":4},"end":{"line":125,"column":4}}},"2":{"name":"initialize","line":127,"loc":{"start":{"line":127,"column":4},"end":{"line":152,"column":4}}},"3":{"name":"updateKycStatus","line":170,"loc":{"start":{"line":165,"column":4},"end":{"line":189,"column":4}}},"4":{"name":"updateSanctionsStatus","line":199,"loc":{"start":{"line":196,"column":4},"end":{"line":202,"column":4}}},"5":{"name":"batchUpdateKycStatus","line":214,"loc":{"start":{"line":210,"column":4},"end":{"line":229,"column":4}}},"6":{"name":"setKycValidityPeriod","line":235,"loc":{"start":{"line":235,"column":4},"end":{"line":237,"column":4}}},"7":{"name":"isKycVerified","line":246,"loc":{"start":{"line":246,"column":4},"end":{"line":252,"column":4}}},"8":{"name":"getKycInfo","line":257,"loc":{"start":{"line":257,"column":4},"end":{"line":280,"column":4}}},"9":{"name":"emergencyPause","line":292,"loc":{"start":{"line":290,"column":4},"end":{"line":295,"column":4}}},"10":{"name":"unpause","line":300,"loc":{"start":{"line":300,"column":4},"end":{"line":302,"column":4}}},"11":{"name":"grantRoleWithExpiry","line":318,"loc":{"start":{"line":314,"column":4},"end":{"line":323,"column":4}}},"12":{"name":"isRoleExpired","line":331,"loc":{"start":{"line":331,"column":4},"end":{"line":336,"column":4}}},"13":{"name":"hasValidRole","line":344,"loc":{"start":{"line":344,"column":4},"end":{"line":346,"column":4}}},"14":{"name":"revokeExpiredRole","line":353,"loc":{"start":{"line":353,"column":4},"end":{"line":359,"column":4}}},"15":{"name":"extendRoleExpiry","line":371,"loc":{"start":{"line":367,"column":4},"end":{"line":377,"column":4}}},"16":{"name":"hasRoleAndKyc","line":386,"loc":{"start":{"line":386,"column":4},"end":{"line":391,"column":4}}},"17":{"name":"_authorizeUpgrade","line":399,"loc":{"start":{"line":397,"column":4},"end":{"line":399,"column":49}}},"18":{"name":"supportsInterface","line":405,"loc":{"start":{"line":405,"column":4},"end":{"line":409,"column":4}}}},"statementMap":{"1":{"start":{"line":124,"column":8},"end":{"line":124,"column":29}},"2":{"start":{"line":128,"column":8},"end":{"line":128,"column":29}},"3":{"start":{"line":129,"column":8},"end":{"line":129,"column":24}},"4":{"start":{"line":130,"column":8},"end":{"line":130,"column":31}},"5":{"start":{"line":133,"column":8},"end":{"line":133,"column":44}},"6":{"start":{"line":134,"column":8},"end":{"line":134,"column":36}},"7":{"start":{"line":135,"column":8},"end":{"line":135,"column":39}},"8":{"start":{"line":136,"column":8},"end":{"line":136,"column":37}},"9":{"start":{"line":139,"column":8},"end":{"line":139,"column":47}},"10":{"start":{"line":140,"column":8},"end":{"line":140,"column":47}},"11":{"start":{"line":141,"column":8},"end":{"line":141,"column":45}},"12":{"start":{"line":142,"column":8},"end":{"line":142,"column":49}},"13":{"start":{"line":143,"column":8},"end":{"line":143,"column":46}},"14":{"start":{"line":144,"column":8},"end":{"line":144,"column":47}},"15":{"start":{"line":145,"column":8},"end":{"line":145,"column":45}},"16":{"start":{"line":148,"column":8},"end":{"line":148,"column":47}},"17":{"start":{"line":171,"column":8},"end":{"line":171,"column":5703}},"18":{"start":{"line":175,"column":8},"end":{"line":175,"column":5837}},"19":{"start":{"line":188,"column":8},"end":{"line":188,"column":67}},"20":{"start":{"line":201,"column":8},"end":{"line":201,"column":53}},"21":{"start":{"line":215,"column":8},"end":{"line":215,"column":7164}},"22":{"start":{"line":216,"column":12},"end":{"line":216,"column":7235}},"23":{"start":{"line":227,"column":12},"end":{"line":227,"column":75}},"24":{"start":{"line":247,"column":8},"end":{"line":247,"column":50}},"25":{"start":{"line":248,"column":8},"end":{"line":248,"column":8325}},"26":{"start":{"line":271,"column":8},"end":{"line":271,"column":50}},"27":{"start":{"line":272,"column":8},"end":{"line":272,"column":8879}},"28":{"start":{"line":293,"column":8},"end":{"line":293,"column":15}},"29":{"start":{"line":294,"column":8},"end":{"line":294,"column":47}},"30":{"start":{"line":301,"column":8},"end":{"line":301,"column":17}},"31":{"start":{"line":319,"column":8},"end":{"line":319,"column":71}},"32":{"start":{"line":320,"column":8},"end":{"line":320,"column":32}},"33":{"start":{"line":322,"column":8},"end":{"line":322,"column":60}},"34":{"start":{"line":332,"column":8},"end":{"line":332,"column":54}},"35":{"start":{"line":334,"column":8},"end":{"line":334,"column":37}},"36":{"start":{"line":334,"column":25},"end":{"line":334,"column":37}},"37":{"start":{"line":335,"column":8},"end":{"line":335,"column":39}},"38":{"start":{"line":345,"column":8},"end":{"line":345,"column":70}},"39":{"start":{"line":354,"column":8},"end":{"line":354,"column":11535}},"40":{"start":{"line":357,"column":8},"end":{"line":357,"column":33}},"41":{"start":{"line":372,"column":8},"end":{"line":372,"column":68}},"42":{"start":{"line":373,"column":8},"end":{"line":373,"column":78}},"43":{"start":{"line":374,"column":8},"end":{"line":374,"column":91}},"44":{"start":{"line":376,"column":8},"end":{"line":376,"column":63}},"45":{"start":{"line":390,"column":8},"end":{"line":390,"column":68}},"46":{"start":{"line":408,"column":8},"end":{"line":408,"column":51}}},"branchMap":{"1":{"line":127,"type":"if","locations":[{"start":{"line":127,"column":46},"end":{"line":127,"column":46}},{"start":{"line":127,"column":46},"end":{"line":127,"column":46}}]},"2":{"line":170,"type":"if","locations":[{"start":{"line":170,"column":15},"end":{"line":170,"column":15}},{"start":{"line":170,"column":15},"end":{"line":170,"column":15}}]},"3":{"line":171,"type":"if","locations":[{"start":{"line":171,"column":8},"end":{"line":171,"column":8}},{"start":{"line":171,"column":8},"end":{"line":171,"column":8}}]},"4":{"line":176,"type":"if","locations":[{"start":{"line":176,"column":14},"end":{"line":176,"column":48}},{"start":{"line":177,"column":14},"end":{"line":177,"column":14}}]},"5":{"line":199,"type":"if","locations":[{"start":{"line":199,"column":15},"end":{"line":199,"column":15}},{"start":{"line":199,"column":15},"end":{"line":199,"column":15}}]},"6":{"line":214,"type":"if","locations":[{"start":{"line":214,"column":15},"end":{"line":214,"column":15}},{"start":{"line":214,"column":15},"end":{"line":214,"column":15}}]},"7":{"line":217,"type":"if","locations":[{"start":{"line":217,"column":18},"end":{"line":217,"column":52}},{"start":{"line":218,"column":18},"end":{"line":218,"column":18}}]},"8":{"line":222,"type":"if","locations":[{"start":{"line":222,"column":18},"end":{"line":222,"column":32}},{"start":{"line":223,"column":18},"end":{"line":223,"column":18}}]},"9":{"line":235,"type":"if","locations":[{"start":{"line":235,"column":59},"end":{"line":235,"column":59}},{"start":{"line":235,"column":59},"end":{"line":235,"column":59}}]},"10":{"line":292,"type":"if","locations":[{"start":{"line":292,"column":15},"end":{"line":292,"column":15}},{"start":{"line":292,"column":15},"end":{"line":292,"column":15}}]},"11":{"line":300,"type":"if","locations":[{"start":{"line":300,"column":32},"end":{"line":300,"column":32}},{"start":{"line":300,"column":32},"end":{"line":300,"column":32}}]},"12":{"line":318,"type":"if","locations":[{"start":{"line":318,"column":15},"end":{"line":318,"column":15}},{"start":{"line":318,"column":15},"end":{"line":318,"column":15}}]},"13":{"line":319,"type":"if","locations":[{"start":{"line":319,"column":8},"end":{"line":319,"column":8}},{"start":{"line":319,"column":8},"end":{"line":319,"column":8}}]},"14":{"line":334,"type":"if","locations":[{"start":{"line":334,"column":8},"end":{"line":334,"column":8}},{"start":{"line":334,"column":8},"end":{"line":334,"column":8}}]},"15":{"line":354,"type":"if","locations":[{"start":{"line":354,"column":8},"end":{"line":354,"column":8}},{"start":{"line":354,"column":8},"end":{"line":354,"column":8}}]},"16":{"line":371,"type":"if","locations":[{"start":{"line":371,"column":15},"end":{"line":371,"column":15}},{"start":{"line":371,"column":15},"end":{"line":371,"column":15}}]},"17":{"line":372,"type":"if","locations":[{"start":{"line":372,"column":8},"end":{"line":372,"column":8}},{"start":{"line":372,"column":8},"end":{"line":372,"column":8}}]},"18":{"line":373,"type":"if","locations":[{"start":{"line":373,"column":8},"end":{"line":373,"column":8}},{"start":{"line":373,"column":8},"end":{"line":373,"column":8}}]},"19":{"line":374,"type":"if","locations":[{"start":{"line":374,"column":8},"end":{"line":374,"column":8}},{"start":{"line":374,"column":8},"end":{"line":374,"column":8}}]},"20":{"line":399,"type":"if","locations":[{"start":{"line":399,"column":24},"end":{"line":399,"column":24}},{"start":{"line":399,"column":24},"end":{"line":399,"column":24}}]}}}}